2026-03-23 00:32:11 [INFO] Data validation passed: all 9 critical files found in C:\Dev\STINGTOOLS\CompiledPlugin\data
2026-03-23 00:32:11 [WARN] PYREVIT_SCRIPT_MANIFEST: 18 script path(s) not found on disk.
2026-03-23 00:32:11 [INFO] STING Tools v1.0.0.0 loaded from C:\Dev\STINGTOOLS\CompiledPlugin\StingTools.dll
2026-03-23 00:32:11 [INFO] Assembly: WindowsBase v8.0.0.0
2026-03-23 00:32:11 [INFO] Assembly: System.IO.Packaging v8.0.0.0
2026-03-23 00:32:11 [INFO] Assembly: RevitAPI v25.4.30.0
2026-03-23 00:32:11 [INFO] Assembly: Newtonsoft.Json v13.0.0.0
2026-03-23 00:32:11 [INFO] Assembly: RevitAPIUI v25.4.30.0
2026-03-23 00:32:11 [INFO] Assembly pre-flight: no version conflicts detected.
2026-03-23 00:32:11 [INFO] ThemeManager: applied 'Light' theme
2026-03-23 00:32:11 [INFO] DeferNonActiveTabContent: deferred 8 tabs, active tab=0
2026-03-23 00:32:11 [INFO] Dockable panel registered successfully
2026-03-23 00:32:11 [INFO] StingAutoTagger: registered (disabled by default, no triggers)
2026-03-23 00:32:11 [INFO] ParamRegistry.EnsureLoaded: first-time load starting
2026-03-23 00:32:11 [INFO] ParamRegistry.LoadFromFile: starting
2026-03-23 00:32:11 [INFO] ParamRegistry.LoadFromFile: found at C:\Dev\STINGTOOLS\CompiledPlugin\data\PARAMETER_REGISTRY.json
2026-03-23 00:32:11 [INFO] ParamRegistry.LoadFromFile: reading file
2026-03-23 00:32:11 [INFO] ParamRegistry.LoadFromFile: read 219063 chars, parsing JSON
2026-03-23 00:32:11 [INFO] ParamRegistry.LoadFromFile: JSON parsed OK
2026-03-23 00:32:11 [INFO] ParamRegistry.LoadFromFile: tag_format loaded
2026-03-23 00:32:11 [INFO] ParamRegistry.LoadFromFile: 8 source tokens loaded
2026-03-23 00:32:11 [INFO] ParamRegistry.LoadFromFile: support params loaded
2026-03-23 00:32:11 [INFO] ParamRegistry.LoadFromFile: 7 token presets loaded
2026-03-23 00:32:11 [INFO] ParamRegistry.LoadFromFile: 23 container groups loaded
2026-03-23 00:32:11 [INFO] ParamRegistry.LoadFromFile: 141 category enum mappings loaded
2026-03-23 00:32:11 [INFO] ParamRegistry.LoadFromFile: 141 universal categories loaded
2026-03-23 00:32:11 [INFO] ParamRegistry.LoadFromFile: 323 extended params loaded
2026-03-23 00:32:11 [INFO] ParamRegistry.LoadFromFile: 8 required params loaded
2026-03-23 00:32:11 [INFO] ParamRegistry.LoadFromFile: 99 warning thresholds loaded
2026-03-23 00:32:11 [INFO] ParamRegistry.LoadFromFile: building GUID maps
2026-03-23 00:32:11 [INFO] ParamRegistry.LoadFromFile: 508 GUIDs mapped
2026-03-23 00:32:11 [INFO] ParamRegistry.LoadFromFile: building universal params list
2026-03-23 00:32:11 [INFO] ParamRegistry.LoadFromFile: 240 universal params
2026-03-23 00:32:11 [INFO] ParamRegistry.LoadFromFile: building discipline category names
2026-03-23 00:32:11 [INFO] ParamRegistry: supplemented 1808 GUIDs from MR_PARAMETERS.txt
2026-03-23 00:32:11 [INFO] ParamRegistry loaded: 8 tokens, 23 groups, 59 containers, 2316 GUIDs
2026-03-23 00:32:11 [INFO] ParamRegistry.EnsureLoaded: LoadFromFile completed successfully
2026-03-23 00:32:11 [INFO] ParamRegistry pre-loaded at startup successfully
2026-03-23 00:32:11 [INFO] TagConfig: loaded 209 warning refs across categories, 126 paragraph containers from LABEL_DEFINITIONS.json
2026-03-23 00:32:11 [INFO] TagConfig: supplemented 311 additional warning refs from tag config CSVs
2026-03-23 00:32:11 [INFO] STING Tools dockable panel loaded successfully
2026-03-23 00:32:54 [INFO] ViewActivated: document switch detected — caches invalidated
2026-03-23 00:32:54 [WARN] TagConfig: unknown config key(s) in project_config.json: PROJECT_FOLDER_ROOT — check for typos
2026-03-23 00:32:54 [INFO] Tag format override applied: sep='-', pad=4, segments=8
2026-03-23 00:32:54 [INFO] TagConfig: loaded 209 warning refs across categories, 126 paragraph containers from LABEL_DEFINITIONS.json
2026-03-23 00:32:54 [INFO] TagConfig: supplemented 287 additional warning refs from tag config CSVs
2026-03-23 00:32:54 [INFO] DocumentOpened: cleared formula, param, auto-tagger, compliance caches; reloaded TagConfig
2026-03-23 00:32:54 [WARN] SLA violations detected: 1 overdue issues
2026-03-23 00:34:52 [INFO] Tab 7 content loaded (lazy)
2026-03-23 00:34:54 [INFO] SharedParamGuids.AllCategoryEnums: resolving (first access)
2026-03-23 00:34:54 [INFO] ResolveUniversalCategoryEnums: resolving 141 categories
2026-03-23 00:34:54 [INFO] ResolveUniversalCategoryEnums: resolved to 129 BuiltInCategory enums
2026-03-23 00:34:54 [INFO] SharedParamGuids.AllCategoryEnums: 129 categories resolved
2026-03-23 00:34:54 [INFO] BIMCoordCenter built: health=0, warnings=87, compliance=0.0%
2026-03-23 00:35:00 [INFO] BIMCoordCenter built: health=0, warnings=87, compliance=0.0%
2026-03-23 00:35:05 [INFO] DispatchCoordAction: executed 'TagNewOnly' → TagNewOnlyCommand
2026-03-23 00:35:05 [INFO] BIMCoordCenter built: health=0, warnings=87, compliance=0.0%
2026-03-23 00:37:04 [WARN] DispatchCoordAction: unrecognised action 'NewMeeting'
2026-03-23 00:37:08 [INFO] BIMCoordCenter built: health=0, warnings=87, compliance=0.0%
2026-03-23 00:37:33 [WARN] DispatchCoordAction: unrecognised action 'MeetingTemplates'
2026-03-23 00:37:35 [INFO] BIMCoordCenter built: health=0, warnings=87, compliance=0.0%
2026-03-23 00:37:39 [WARN] DispatchCoordAction: unrecognised action 'AddActionItem'
2026-03-23 00:37:47 [INFO] BIMCoordCenter built: health=0, warnings=87, compliance=0.0%
2026-03-23 00:37:50 [WARN] DispatchCoordAction: unrecognised action 'NewMeeting'
2026-03-23 00:38:16 [INFO] BIMCoordCenter built: health=0, warnings=87, compliance=0.0%
2026-03-23 00:38:29 [WARN] DispatchCoordAction: unrecognised action 'SendReminder'
2026-03-23 00:38:35 [INFO] BIMCoordCenter built: health=0, warnings=87, compliance=0.0%
2026-03-23 00:38:38 [WARN] DispatchCoordAction: unrecognised action 'AddActionItem'
2026-03-23 00:39:06 [INFO] BIMCoordCenter built: health=0, warnings=87, compliance=0.0%
2026-03-23 00:41:38 [WARN] DispatchCoordAction: unrecognised action 'EditUserRole'
2026-03-23 00:41:42 [INFO] BIMCoordCenter built: health=0, warnings=87, compliance=0.0%
2026-03-23 00:41:46 [WARN] DispatchCoordAction: unrecognised action 'EditUserRole'
2026-03-23 00:42:01 [INFO] BIMCoordCenter built: health=0, warnings=87, compliance=0.0%
2026-03-23 00:43:23 [WARN] DispatchCoordAction: unrecognised action 'MeetingHistory'
2026-03-23 00:43:25 [INFO] BIMCoordCenter built: health=0, warnings=87, compliance=0.0%
2026-03-23 00:47:45 [INFO] Workflow 'Coordination Meeting Prep': starting 7 steps
2026-03-23 00:47:45 [INFO] WorkflowEngine: skipping '1. Fix stale elements' — no stale elements found
2026-03-23 00:56:35 [INFO] Workflow step 2: 2. Auto-fix model warnings — OK (529.8s)
2026-03-23 00:57:19 [INFO] Workflow step 3: 3. Validate ISO 19650 compliance — OK (44.2s)
2026-03-23 00:58:00 [INFO] Workflow step 4: 4. Generate compliance dashboard — OK (41.0s)
2026-03-23 00:58:00 [INFO] Warnings exported: D:\Work 2025\Rootwrk\02-Production Information\MEP\15 Drawings\5 Public Health\102000-Main Workshop Building\STING_Exports\STING_Warnings_20260323_005800.csv
2026-03-23 00:58:02 [INFO] Workflow step 5: 5. Export warnings report — OK (1.8s)
2026-03-23 00:58:02 [INFO] GetLevelCode: unrecognized level name 'GROUND FLOOR FINISH LEVEL (FFL)', defaulting to XX
2026-03-23 00:58:02 [INFO] GetLevelCode: unrecognized level name 'GROUND FLOOR FINISH LEVEL (FFL)', defaulting to XX
2026-03-23 00:58:02 [INFO] GetLevelCode: unrecognized level name 'GROUND FLOOR FINISH LEVEL (FFL)', defaulting to XX
2026-03-23 00:58:02 [INFO] GetLevelCode: unrecognized level name 'GROUND FLOOR FINISH LEVEL (FFL)', defaulting to XX
2026-03-23 00:58:02 [INFO] GetLevelCode: unrecognized level name 'GROUND FLOOR FINISH LEVEL (FFL)', defaulting to XX
2026-03-23 00:58:02 [INFO] GetLevelCode: unrecognized level name 'GROUND FLOOR FINISH LEVEL (FFL)', defaulting to XX
2026-03-23 00:58:02 [INFO] GetLevelCode: unrecognized level name 'GROUND FLOOR FINISH LEVEL (FFL)', defaulting to XX
2026-03-23 00:58:02 [INFO] GetLevelCode: unrecognized level name 'GROUND FLOOR FINISH LEVEL (FFL)', defaulting to XX
2026-03-23 00:58:02 [INFO] GetLevelCode: unrecognized level name 'GROUND FLOOR FINISH LEVEL (FFL)', defaulting to XX
2026-03-23 00:58:02 [INFO] GetLevelCode: unrecognized level name 'GROUND FLOOR FINISH LEVEL (FFL)', defaulting to XX
2026-03-23 00:58:02 [INFO] GetLevelCode: unrecognized level name 'GROUND FLOOR FINISH LEVEL (FFL)', defaulting to XX
2026-03-23 00:58:02 [INFO] GetLevelCode: unrecognized level name 'GROUND FLOOR FINISH LEVEL (FFL)', defaulting to XX
2026-03-23 00:58:02 [INFO] GetLevelCode: unrecognized level name 'GROUND FLOOR FINISH LEVEL (FFL)', defaulting to XX
2026-03-23 00:58:02 [INFO] GetLevelCode: unrecognized level name 'GROUND FLOOR FINISH LEVEL (FFL)', defaulting to XX
2026-03-23 00:58:02 [INFO] GetLevelCode: unrecognized level name 'GROUND FLOOR FINISH LEVEL (FFL)', defaulting to XX
2026-03-23 00:58:02 [INFO] GetLevelCode: unrecognized level name 'GROUND FLOOR FINISH LEVEL (FFL)', defaulting to XX
2026-03-23 00:58:02 [INFO] GetLevelCode: unrecognized level name 'GROUND FLOOR FINISH LEVEL (FFL)', defaulting to XX
2026-03-23 00:58:02 [INFO] GetLevelCode: unrecognized level name 'GROUND FLOOR FINISH LEVEL (FFL)', defaulting to XX
2026-03-23 00:58:02 [INFO] GetLevelCode: unrecognized level name 'GROUND FLOOR FINISH LEVEL (FFL)', defaulting to XX
2026-03-23 00:58:02 [INFO] GetLevelCode: unrecognized level name 'GROUND FLOOR FINISH LEVEL (FFL)', defaulting to XX
2026-03-23 00:58:02 [INFO] GetLevelCode: unrecognized level name 'GROUND FLOOR FINISH LEVEL (FFL)', defaulting to XX
2026-03-23 00:58:02 [INFO] GetLevelCode: unrecognized level name 'GROUND FLOOR FINISH LEVEL (FFL)', defaulting to XX
2026-03-23 00:58:02 [INFO] GetLevelCode: unrecognized level name 'GROUND FLOOR FINISH LEVEL (FFL)', defaulting to XX
2026-03-23 00:58:02 [INFO] GetLevelCode: unrecognized level name 'GROUND FLOOR FINISH LEVEL (FFL)', defaulting to XX
2026-03-23 00:58:02 [INFO] GetLevelCode: unrecognized level name 'GROUND FLOOR FINISH LEVEL (FFL)', defaulting to XX
2026-03-23 00:58:02 [INFO] GetLevelCode: unrecognized level name 'GROUND FLOOR FINISH LEVEL (FFL)', defaulting to XX
2026-03-23 00:58:02 [INFO] GetLevelCode: unrecognized level name 'GROUND FLOOR FINISH LEVEL (FFL)', defaulting to XX
2026-03-23 00:58:02 [INFO] GetLevelCode: unrecognized level name 'GROUND FLOOR FINISH LEVEL (FFL)', defaulting to XX
2026-03-23 00:58:02 [INFO] GetLevelCode: unrecognized level name 'GROUND FLOOR FINISH LEVEL (FFL)', defaulting to XX
2026-03-23 00:58:02 [INFO] GetLevelCode: unrecognized level name 'GROUND FLOOR FINISH LEVEL (FFL)', defaulting to XX
2026-03-23 00:58:02 [INFO] GetLevelCode: unrecognized level name 'GROUND FLOOR FINISH LEVEL (FFL)', defaulting to XX
2026-03-23 00:58:02 [INFO] GetLevelCode: unrecognized level name 'GROUND FLOOR FINISH LEVEL (FFL)', defaulting to XX
2026-03-23 00:58:02 [INFO] GetLevelCode: unrecognized level name 'GROUND FLOOR FINISH LEVEL (FFL)', defaulting to XX
2026-03-23 00:58:02 [INFO] GetLevelCode: unrecognized level name 'GROUND FLOOR FINISH LEVEL (FFL)', defaulting to XX
2026-03-23 00:58:02 [INFO] GetLevelCode: unrecognized level name 'GROUND FLOOR FINISH LEVEL (FFL)', defaulting to XX
2026-03-23 00:58:02 [INFO] GetLevelCode: unrecognized level name 'GROUND FLOOR FINISH LEVEL (FFL)', defaulting to XX
2026-03-23 00:58:02 [INFO] GetLevelCode: unrecognized level name 'GROUND FLOOR FINISH LEVEL (FFL)', defaulting to XX
2026-03-23 00:58:02 [INFO] GetLevelCode: unrecognized level name 'GROUND FLOOR FINISH LEVEL (FFL)', defaulting to XX
2026-03-23 00:58:02 [INFO] GetLevelCode: unrecognized level name 'GROUND FLOOR FINISH LEVEL (FFL)', defaulting to XX
2026-03-23 00:58:02 [INFO] GetLevelCode: unrecognized level name 'GROUND FLOOR FINISH LEVEL (FFL)', defaulting to XX
2026-03-23 00:58:02 [INFO] GetLevelCode: unrecognized level name 'GROUND FLOOR FINISH LEVEL (FFL)', defaulting to XX
2026-03-23 00:58:02 [INFO] GetLevelCode: unrecognized level name 'GROUND FLOOR FINISH LEVEL (FFL)', defaulting to XX
2026-03-23 00:58:03 [INFO] GetLevelCode: unrecognized level name 'GROUND FLOOR FINISH LEVEL (FFL)', defaulting to XX
2026-03-23 00:58:03 [INFO] GetLevelCode: unrecognized level name 'GROUND FLOOR FINISH LEVEL (FFL)', defaulting to XX
2026-03-23 00:58:03 [INFO] GetLevelCode: unrecognized level name 'GROUND FLOOR FINISH LEVEL (FFL)', defaulting to XX
2026-03-23 00:58:03 [INFO] GetLevelCode: unrecognized level name 'GROUND FLOOR FINISH LEVEL (FFL)', defaulting to XX
2026-03-23 00:58:03 [INFO] GetLevelCode: unrecognized level name 'GROUND FLOOR FINISH LEVEL (FFL)', defaulting to XX
2026-03-23 00:58:03 [INFO] GetLevelCode: unrecognized level name 'GROUND FLOOR FINISH LEVEL (FFL)', defaulting to XX
2026-03-23 00:58:03 [INFO] GetLevelCode: unrecognized level name 'GROUND FLOOR FINISH LEVEL (FFL)', defaulting to XX
2026-03-23 00:58:03 [INFO] GetLevelCode: unrecognized level name 'GROUND FLOOR FINISH LEVEL (FFL)', defaulting to XX
2026-03-23 00:58:03 [INFO] GetLevelCode: unrecognized level name 'GROUND FLOOR FINISH LEVEL (FFL)', defaulting to XX
2026-03-23 00:58:03 [INFO] GetLevelCode: unrecognized level name 'GROUND FLOOR FINISH LEVEL (FFL)', defaulting to XX
2026-03-23 00:58:03 [INFO] GetLevelCode: unrecognized level name 'GROUND FLOOR FINISH LEVEL (FFL)', defaulting to XX
2026-03-23 00:58:03 [INFO] GetLevelCode: unrecognized level name 'GROUND FLOOR FINISH LEVEL (FFL)', defaulting to XX
2026-03-23 00:58:03 [INFO] GetLevelCode: unrecognized level name 'GROUND FLOOR FINISH LEVEL (FFL)', defaulting to XX
2026-03-23 00:58:03 [INFO] GetLevelCode: unrecognized level name 'GROUND FLOOR FINISH LEVEL (FFL)', defaulting to XX
2026-03-23 00:58:03 [INFO] GetLevelCode: unrecognized level name 'GROUND FLOOR FINISH LEVEL (FFL)', defaulting to XX
2026-03-23 00:58:03 [INFO] GetLevelCode: unrecognized level name 'GROUND FLOOR FINISH LEVEL (FFL)', defaulting to XX
2026-03-23 00:58:03 [INFO] GetLevelCode: unrecognized level name 'GROUND FLOOR FINISH LEVEL (FFL)', defaulting to XX
2026-03-23 00:58:03 [INFO] GetLevelCode: unrecognized level name 'GROUND FLOOR FINISH LEVEL (FFL)', defaulting to XX
2026-03-23 00:58:03 [INFO] GetLevelCode: unrecognized level name 'GROUND FLOOR FINISH LEVEL (FFL)', defaulting to XX
2026-03-23 00:58:03 [INFO] GetLevelCode: unrecognized level name 'GROUND FLOOR FINISH LEVEL (FFL)', defaulting to XX
2026-03-23 00:58:03 [INFO] GetLevelCode: unrecognized level name 'GROUND FLOOR FINISH LEVEL (FFL)', defaulting to XX
2026-03-23 00:58:03 [INFO] GetLevelCode: unrecognized level name 'GROUND FLOOR FINISH LEVEL (FFL)', defaulting to XX
2026-03-23 00:58:03 [INFO] GetLevelCode: unrecognized level name 'GROUND FLOOR FINISH LEVEL (FFL)', defaulting to XX
2026-03-23 00:58:03 [INFO] GetLevelCode: unrecognized level name 'GROUND FLOOR FINISH LEVEL (FFL)', defaulting to XX
2026-03-23 00:58:03 [INFO] GetLevelCode: unrecognized level name 'GROUND FLOOR FINISH LEVEL (FFL)', defaulting to XX
2026-03-23 00:58:03 [INFO] GetLevelCode: unrecognized level name 'GROUND FLOOR FINISH LEVEL (FFL)', defaulting to XX
2026-03-23 00:58:03 [INFO] GetLevelCode: unrecognized level name 'GROUND FLOOR FINISH LEVEL (FFL)', defaulting to XX
2026-03-23 00:58:03 [INFO] GetLevelCode: unrecognized level name 'GROUND FLOOR FINISH LEVEL (FFL)', defaulting to XX
2026-03-23 00:58:03 [INFO] GetLevelCode: unrecognized level name 'GROUND FLOOR FINISH LEVEL (FFL)', defaulting to XX
2026-03-23 00:58:03 [INFO] GetLevelCode: unrecognized level name 'GROUND FLOOR FINISH LEVEL (FFL)', defaulting to XX
2026-03-23 00:58:03 [INFO] GetLevelCode: unrecognized level name 'GROUND FLOOR FINISH LEVEL - MALE TOILET (FFL)', defaulting to XX
2026-03-23 00:58:03 [INFO] GetLevelCode: unrecognized level name 'GROUND FLOOR FINISH LEVEL (FFL)', defaulting to XX
2026-03-23 00:58:03 [INFO] GetLevelCode: unrecognized level name 'GROUND FLOOR FINISH LEVEL (FFL)', defaulting to XX
2026-03-23 00:58:03 [INFO] GetLevelCode: unrecognized level name 'GROUND FLOOR FINISH LEVEL (FFL)', defaulting to XX
2026-03-23 00:58:03 [INFO] GetLevelCode: unrecognized level name 'GROUND FLOOR FINISH LEVEL (FFL)', defaulting to XX
2026-03-23 00:58:03 [INFO] GetLevelCode: unrecognized level name 'GROUND FLOOR FINISH LEVEL (FFL)', defaulting to XX
2026-03-23 00:58:03 [INFO] GetLevelCode: unrecognized level name 'GROUND FLOOR FINISH LEVEL (FFL)', defaulting to XX
2026-03-23 00:58:03 [INFO] GetLevelCode: unrecognized level name 'GROUND FLOOR FINISH LEVEL - MALE TOILET (FFL)', defaulting to XX
2026-03-23 00:58:03 [INFO] GetLevelCode: unrecognized level name 'GROUND FLOOR FINISH LEVEL (FFL)', defaulting to XX
2026-03-23 00:58:03 [INFO] GetLevelCode: unrecognized level name 'GROUND FLOOR FINISH LEVEL (FFL)', defaulting to XX
2026-03-23 00:58:03 [INFO] GetLevelCode: unrecognized level name 'GROUND FLOOR FINISH LEVEL (FFL)', defaulting to XX
2026-03-23 00:58:03 [INFO] GetLevelCode: unrecognized level name 'GROUND FLOOR FINISH LEVEL (FFL)', defaulting to XX
2026-03-23 00:58:03 [INFO] GetLevelCode: unrecognized level name 'GROUND FLOOR FINISH LEVEL (FFL)', defaulting to XX
2026-03-23 00:58:03 [INFO] GetLevelCode: unrecognized level name 'GROUND FLOOR FINISH LEVEL (FFL)', defaulting to XX
2026-03-23 00:58:03 [INFO] GetLevelCode: unrecognized level name 'GROUND FLOOR FINISH LEVEL (FFL)', defaulting to XX
2026-03-23 00:58:03 [INFO] GetLevelCode: unrecognized level name 'GROUND FLOOR FINISH LEVEL - MALE TOILET (FFL)', defaulting to XX
2026-03-23 00:58:03 [INFO] GetLevelCode: unrecognized level name 'GROUND FLOOR FINISH LEVEL - MALE TOILET (FFL)', defaulting to XX
2026-03-23 00:58:03 [INFO] GetLevelCode: unrecognized level name 'GROUND FLOOR FINISH LEVEL - MALE TOILET (FFL)', defaulting to XX
2026-03-23 00:58:03 [INFO] GetLevelCode: unrecognized level name 'GROUND FLOOR FINISH LEVEL - MALE TOILET (FFL)', defaulting to XX
2026-03-23 00:58:03 [INFO] GetLevelCode: unrecognized level name 'GROUND FLOOR FINISH LEVEL - MALE TOILET (FFL)', defaulting to XX
2026-03-23 00:58:03 [INFO] GetLevelCode: unrecognized level name 'GROUND FLOOR FINISH LEVEL - MALE TOILET (FFL)', defaulting to XX
2026-03-23 00:58:03 [INFO] GetLevelCode: unrecognized level name 'GROUND FLOOR FINISH LEVEL - MALE TOILET (FFL)', defaulting to XX
2026-03-23 00:58:03 [INFO] GetLevelCode: unrecognized level name 'GROUND FLOOR FINISH LEVEL - MALE TOILET (FFL)', defaulting to XX
2026-03-23 00:58:03 [INFO] GetLevelCode: unrecognized level name 'GROUND FLOOR FINISH LEVEL - MALE TOILET (FFL)', defaulting to XX
2026-03-23 00:58:03 [INFO] GetLevelCode: unrecognized level name 'GROUND FLOOR FINISH LEVEL (FFL)', defaulting to XX
2026-03-23 00:58:03 [INFO] GetLevelCode: unrecognized level name 'GROUND FLOOR FINISH LEVEL - MALE TOILET (FFL)', defaulting to XX
2026-03-23 00:58:03 [INFO] GetLevelCode: unrecognized level name 'GROUND FLOOR FINISH LEVEL - MALE TOILET (FFL)', defaulting to XX
2026-03-23 00:58:03 [INFO] GetLevelCode: unrecognized level name 'GROUND FLOOR FINISH LEVEL - MALE TOILET (FFL)', defaulting to XX
2026-03-23 00:58:03 [INFO] GetLevelCode: unrecognized level name 'GROUND FLOOR FINISH LEVEL - MALE TOILET (FFL)', defaulting to XX
2026-03-23 00:58:03 [INFO] GetLevelCode: unrecognized level name 'GROUND FLOOR FINISH LEVEL - MALE TOILET (FFL)', defaulting to XX
2026-03-23 00:58:03 [INFO] GetLevelCode: unrecognized level name 'GROUND FLOOR FINISH LEVEL - MALE TOILET (FFL)', defaulting to XX
2026-03-23 00:58:03 [INFO] GetLevelCode: unrecognized level name 'GROUND FLOOR FINISH LEVEL - MALE TOILET (FFL)', defaulting to XX
2026-03-23 00:58:03 [INFO] GetLevelCode: unrecognized level name 'GROUND FLOOR FINISH LEVEL (FFL)', defaulting to XX
2026-03-23 00:58:03 [INFO] GetLevelCode: unrecognized level name 'GROUND FLOOR FINISH LEVEL (FFL)', defaulting to XX
2026-03-23 00:58:03 [INFO] GetLevelCode: unrecognized level name 'GROUND FLOOR FINISH LEVEL (FFL)', defaulting to XX
2026-03-23 00:58:03 [INFO] GetLevelCode: unrecognized level name 'GROUND FLOOR FINISH LEVEL (FFL)', defaulting to XX
2026-03-23 00:58:03 [INFO] GetLevelCode: unrecognized level name 'GROUND FLOOR FINISH LEVEL (FFL)', defaulting to XX
2026-03-23 00:58:03 [INFO] GetLevelCode: unrecognized level name 'GROUND FLOOR FINISH LEVEL (FFL)', defaulting to XX
2026-03-23 00:58:03 [INFO] GetLevelCode: unrecognized level name 'GROUND FLOOR FINISH LEVEL (FFL)', defaulting to XX
2026-03-23 00:58:03 [INFO] GetLevelCode: unrecognized level name 'GROUND FLOOR FINISH LEVEL (FFL)', defaulting to XX
2026-03-23 00:58:03 [INFO] GetLevelCode: unrecognized level name 'GROUND FLOOR FINISH LEVEL (FFL)', defaulting to XX
2026-03-23 00:58:03 [INFO] GetLevelCode: unrecognized level name 'GROUND FLOOR FINISH LEVEL (FFL)', defaulting to XX
2026-03-23 00:58:03 [INFO] GetLevelCode: unrecognized level name 'GROUND FLOOR FINISH LEVEL (FFL)', defaulting to XX
2026-03-23 00:58:03 [INFO] GetLevelCode: unrecognized level name 'GROUND FLOOR FINISH LEVEL (FFL)', defaulting to XX
2026-03-23 00:58:03 [INFO] GetLevelCode: unrecognized level name 'GROUND FLOOR FINISH LEVEL (FFL)', defaulting to XX
2026-03-23 00:58:03 [INFO] GetLevelCode: unrecognized level name 'GROUND FLOOR FINISH LEVEL (FFL)', defaulting to XX
2026-03-23 00:58:03 [INFO] GetLevelCode: unrecognized level name 'GROUND FLOOR FINISH LEVEL (FFL)', defaulting to XX
2026-03-23 00:58:03 [INFO] GetLevelCode: unrecognized level name 'GROUND FLOOR FINISH LEVEL (FFL)', defaulting to XX
2026-03-23 00:58:03 [INFO] GetLevelCode: unrecognized level name 'GROUND FLOOR FINISH LEVEL (FFL)', defaulting to XX
2026-03-23 00:58:03 [INFO] GetLevelCode: unrecognized level name 'GROUND FLOOR FINISH LEVEL (FFL)', defaulting to XX
2026-03-23 00:58:03 [INFO] GetLevelCode: unrecognized level name 'GROUND FLOOR FINISH LEVEL (FFL)', defaulting to XX
2026-03-23 00:58:03 [INFO] GetLevelCode: unrecognized level name 'GROUND FLOOR FINISH LEVEL (FFL)', defaulting to XX
2026-03-23 00:58:03 [INFO] GetLevelCode: unrecognized level name 'GROUND FLOOR FINISH LEVEL (FFL)', defaulting to XX
2026-03-23 00:58:03 [INFO] GetLevelCode: unrecognized level name 'GROUND FLOOR FINISH LEVEL (FFL)', defaulting to XX
2026-03-23 00:58:03 [INFO] GetLevelCode: unrecognized level name 'GROUND FLOOR FINISH LEVEL (FFL)', defaulting to XX
2026-03-23 00:58:03 [INFO] GetLevelCode: unrecognized level name 'GROUND FLOOR FINISH LEVEL (FFL)', defaulting to XX
2026-03-23 00:58:03 [INFO] GetLevelCode: unrecognized level name 'GROUND FLOOR FINISH LEVEL (FFL)', defaulting to XX
2026-03-23 00:58:03 [INFO] GetLevelCode: unrecognized level name 'GROUND FLOOR FINISH LEVEL (FFL)', defaulting to XX
2026-03-23 00:58:03 [INFO] GetLevelCode: unrecognized level name 'GROUND FLOOR FINISH LEVEL - MALE TOILET (FFL)', defaulting to XX
2026-03-23 00:58:03 [INFO] GetLevelCode: unrecognized level name 'GROUND FLOOR FINISH LEVEL - MALE TOILET (FFL)', defaulting to XX
2026-03-23 00:58:03 [INFO] GetLevelCode: unrecognized level name 'GROUND FLOOR FINISH LEVEL - MALE TOILET (FFL)', defaulting to XX
2026-03-23 00:58:03 [INFO] GetLevelCode: unrecognized level name 'GROUND FLOOR FINISH LEVEL - MALE TOILET (FFL)', defaulting to XX
2026-03-23 00:58:03 [INFO] GetLevelCode: unrecognized level name 'GROUND FLOOR FINISH LEVEL - MALE TOILET (FFL)', defaulting to XX
2026-03-23 00:58:03 [INFO] GetLevelCode: unrecognized level name 'GROUND FLOOR FINISH LEVEL (FFL)', defaulting to XX
2026-03-23 00:58:03 [INFO] GetLevelCode: unrecognized level name 'GROUND FLOOR FINISH LEVEL (FFL)', defaulting to XX
2026-03-23 00:58:03 [INFO] GetLevelCode: unrecognized level name 'GROUND FLOOR FINISH LEVEL (FFL)', defaulting to XX
2026-03-23 00:58:03 [INFO] GetLevelCode: unrecognized level name 'GROUND FLOOR FINISH LEVEL (FFL)', defaulting to XX
2026-03-23 00:58:03 [INFO] GetLevelCode: unrecognized level name 'GROUND FLOOR FINISH LEVEL (FFL)', defaulting to XX
2026-03-23 00:58:03 [INFO] GetLevelCode: unrecognized level name 'GROUND FLOOR FINISH LEVEL (FFL)', defaulting to XX
2026-03-23 00:58:03 [INFO] GetLevelCode: unrecognized level name 'GROUND FLOOR FINISH LEVEL (FFL)', defaulting to XX
2026-03-23 00:58:03 [INFO] GetLevelCode: unrecognized level name 'GROUND FLOOR FINISH LEVEL - MALE TOILET (FFL)', defaulting to XX
2026-03-23 00:58:03 [INFO] GetLevelCode: unrecognized level name 'GROUND FLOOR FINISH LEVEL - MALE TOILET (FFL)', defaulting to XX
2026-03-23 00:58:03 [INFO] GetLevelCode: unrecognized level name 'GROUND FLOOR FINISH LEVEL - MALE TOILET (FFL)', defaulting to XX
2026-03-23 00:58:03 [INFO] GetLevelCode: unrecognized level name 'GROUND FLOOR FINISH LEVEL - MALE TOILET (FFL)', defaulting to XX
2026-03-23 00:58:03 [INFO] GetLevelCode: unrecognized level name 'GROUND FLOOR FINISH LEVEL (FFL)', defaulting to XX
2026-03-23 00:58:03 [INFO] GetLevelCode: unrecognized level name 'GROUND FLOOR FINISH LEVEL (FFL)', defaulting to XX
2026-03-23 00:58:03 [INFO] GetLevelCode: unrecognized level name 'GROUND FLOOR FINISH LEVEL (FFL)', defaulting to XX
2026-03-23 00:58:03 [INFO] GetLevelCode: unrecognized level name 'GROUND FLOOR FINISH LEVEL (FFL)', defaulting to XX
2026-03-23 00:58:03 [INFO] GetLevelCode: unrecognized level name 'GROUND FLOOR FINISH LEVEL (FFL)', defaulting to XX
2026-03-23 00:58:03 [INFO] GetLevelCode: unrecognized level name 'GROUND FLOOR FINISH LEVEL (FFL)', defaulting to XX
2026-03-23 00:58:03 [INFO] GetLevelCode: unrecognized level name 'GROUND FLOOR FINISH LEVEL (FFL)', defaulting to XX
2026-03-23 00:58:03 [INFO] GetLevelCode: unrecognized level name 'GROUND FLOOR FINISH LEVEL (FFL)', defaulting to XX
2026-03-23 00:58:03 [INFO] GetLevelCode: unrecognized level name 'GROUND FLOOR FINISH LEVEL (FFL)', defaulting to XX
2026-03-23 00:58:03 [INFO] GetLevelCode: unrecognized level name 'GROUND FLOOR FINISH LEVEL (FFL)', defaulting to XX
2026-03-23 00:58:03 [INFO] GetLevelCode: unrecognized level name 'GROUND FLOOR FINISH LEVEL (FFL)', defaulting to XX
2026-03-23 00:58:03 [INFO] GetLevelCode: unrecognized level name 'GROUND FLOOR FINISH LEVEL (FFL)', defaulting to XX
2026-03-23 00:58:03 [INFO] GetLevelCode: unrecognized level name 'GROUND FLOOR FINISH LEVEL (FFL)', defaulting to XX
2026-03-23 00:58:03 [INFO] GetLevelCode: unrecognized level name 'GROUND FLOOR FINISH LEVEL (FFL)', defaulting to XX
2026-03-23 00:58:03 [INFO] GetLevelCode: unrecognized level name 'GROUND FLOOR FINISH LEVEL (FFL)', defaulting to XX
2026-03-23 00:58:03 [INFO] GetLevelCode: unrecognized level name 'GROUND FLOOR FINISH LEVEL (FFL)', defaulting to XX
2026-03-23 00:58:03 [INFO] GetLevelCode: unrecognized level name 'GROUND FLOOR FINISH LEVEL (FFL)', defaulting to XX
2026-03-23 00:58:03 [INFO] GetLevelCode: unrecognized level name 'GROUND FLOOR FINISH LEVEL (FFL)', defaulting to XX
2026-03-23 00:58:03 [INFO] GetLevelCode: unrecognized level name 'GROUND FLOOR FINISH LEVEL (FFL)', defaulting to XX
2026-03-23 00:58:03 [INFO] GetLevelCode: unrecognized level name 'GROUND FLOOR FINISH LEVEL (FFL)', defaulting to XX
2026-03-23 00:58:03 [INFO] GetLevelCode: unrecognized level name 'GROUND FLOOR FINISH LEVEL (FFL)', defaulting to XX
2026-03-23 00:58:03 [INFO] GetLevelCode: unrecognized level name 'GROUND FLOOR FINISH LEVEL (FFL)', defaulting to XX
2026-03-23 00:58:03 [INFO] GetLevelCode: unrecognized level name 'GROUND FLOOR FINISH LEVEL (FFL)', defaulting to XX
2026-03-23 00:58:03 [INFO] GetLevelCode: unrecognized level name 'GROUND FLOOR FINISH LEVEL (FFL)', defaulting to XX
2026-03-23 00:58:03 [INFO] GetLevelCode: unrecognized level name 'GROUND FLOOR FINISH LEVEL (FFL)', defaulting to XX
2026-03-23 00:58:03 [INFO] GetLevelCode: unrecognized level name 'GROUND FLOOR FINISH LEVEL (FFL)', defaulting to XX
2026-03-23 00:58:04 [INFO] GetLevelCode: unrecognized level name 'GROUND FLOOR FINISH LEVEL (FFL)', defaulting to XX
2026-03-23 00:58:04 [INFO] GetLevelCode: unrecognized level name 'GROUND FLOOR FINISH LEVEL (FFL)', defaulting to XX
2026-03-23 00:58:04 [INFO] GetLevelCode: unrecognized level name 'GROUND FLOOR FINISH LEVEL (FFL)', defaulting to XX
2026-03-23 00:58:04 [INFO] GetLevelCode: unrecognized level name 'GROUND FLOOR FINISH LEVEL (FFL)', defaulting to XX
2026-03-23 00:58:04 [INFO] GetLevelCode: unrecognized level name 'GROUND FLOOR FINISH LEVEL (FFL)', defaulting to XX
2026-03-23 00:58:04 [INFO] GetLevelCode: unrecognized level name 'GROUND FLOOR FINISH LEVEL (FFL)', defaulting to XX
2026-03-23 00:58:04 [INFO] GetLevelCode: unrecognized level name 'GROUND FLOOR FINISH LEVEL (FFL)', defaulting to XX
2026-03-23 00:58:04 [INFO] GetLevelCode: unrecognized level name 'GROUND FLOOR FINISH LEVEL (FFL)', defaulting to XX
2026-03-23 00:58:04 [INFO] GetLevelCode: unrecognized level name 'GROUND FLOOR FINISH LEVEL (FFL)', defaulting to XX
2026-03-23 00:58:04 [INFO] GetLevelCode: unrecognized level name 'GROUND FLOOR FINISH LEVEL (FFL)', defaulting to XX
2026-03-23 00:58:04 [INFO] GetLevelCode: unrecognized level name 'GROUND FLOOR FINISH LEVEL (FFL)', defaulting to XX
2026-03-23 00:58:04 [INFO] GetLevelCode: unrecognized level name 'GROUND FLOOR FINISH LEVEL (FFL)', defaulting to XX
2026-03-23 00:58:04 [INFO] GetLevelCode: unrecognized level name 'GROUND FLOOR FINISH LEVEL (FFL)', defaulting to XX
2026-03-23 00:58:04 [INFO] GetLevelCode: unrecognized level name 'GROUND FLOOR FINISH LEVEL (FFL)', defaulting to XX
2026-03-23 00:58:04 [INFO] GetLevelCode: unrecognized level name 'GROUND FLOOR FINISH LEVEL (FFL)', defaulting to XX
2026-03-23 00:58:04 [INFO] GetLevelCode: unrecognized level name 'GROUND FLOOR FINISH LEVEL (FFL)', defaulting to XX
2026-03-23 00:58:04 [INFO] GetLevelCode: unrecognized level name 'GROUND FLOOR FINISH LEVEL (FFL)', defaulting to XX
2026-03-23 00:58:04 [INFO] GetLevelCode: unrecognized level name 'GROUND FLOOR FINISH LEVEL (FFL)', defaulting to XX
2026-03-23 00:58:04 [INFO] GetLevelCode: unrecognized level name 'GROUND FLOOR FINISH LEVEL (FFL)', defaulting to XX
2026-03-23 00:58:04 [INFO] GetLevelCode: unrecognized level name 'GROUND FLOOR FINISH LEVEL (FFL)', defaulting to XX
2026-03-23 00:58:04 [INFO] GetLevelCode: unrecognized level name 'GROUND FLOOR FINISH LEVEL (FFL)', defaulting to XX
2026-03-23 00:58:04 [INFO] GetLevelCode: unrecognized level name 'GROUND FLOOR FINISH LEVEL (FFL)', defaulting to XX
2026-03-23 00:58:04 [INFO] GetLevelCode: unrecognized level name 'GROUND FLOOR FINISH LEVEL (FFL)', defaulting to XX
2026-03-23 00:58:04 [INFO] GetLevelCode: unrecognized level name 'GROUND FLOOR FINISH LEVEL (FFL)', defaulting to XX
2026-03-23 00:58:04 [INFO] GetLevelCode: unrecognized level name 'GROUND FLOOR FINISH LEVEL (FFL)', defaulting to XX
2026-03-23 00:58:04 [INFO] GetLevelCode: unrecognized level name 'GROUND FLOOR FINISH LEVEL (FFL)', defaulting to XX
2026-03-23 00:58:04 [INFO] GetLevelCode: unrecognized level name 'GROUND FLOOR FINISH LEVEL (FFL)', defaulting to XX
2026-03-23 00:58:04 [INFO] GetLevelCode: unrecognized level name 'GROUND FLOOR FINISH LEVEL (FFL)', defaulting to XX
2026-03-23 00:58:04 [INFO] GetLevelCode: unrecognized level name 'GROUND FLOOR FINISH LEVEL (FFL)', defaulting to XX
2026-03-23 00:58:04 [INFO] GetLevelCode: unrecognized level name 'GROUND FLOOR FINISH LEVEL (FFL)', defaulting to XX
2026-03-23 00:58:04 [INFO] GetLevelCode: unrecognized level name 'GROUND FLOOR FINISH LEVEL (FFL)', defaulting to XX
2026-03-23 00:58:04 [INFO] GetLevelCode: unrecognized level name 'GROUND FLOOR FINISH LEVEL (FFL)', defaulting to XX
2026-03-23 00:58:04 [INFO] GetLevelCode: unrecognized level name 'GROUND FLOOR FINISH LEVEL (FFL)', defaulting to XX
2026-03-23 00:58:04 [INFO] GetLevelCode: unrecognized level name 'GROUND FLOOR FINISH LEVEL (FFL)', defaulting to XX
2026-03-23 00:58:04 [INFO] GetLevelCode: unrecognized level name 'GROUND FLOOR FINISH LEVEL (FFL)', defaulting to XX
2026-03-23 00:58:04 [INFO] GetLevelCode: unrecognized level name 'GROUND FLOOR FINISH LEVEL (FFL)', defaulting to XX
2026-03-23 00:58:04 [INFO] GetLevelCode: unrecognized level name 'GROUND FLOOR FINISH LEVEL (FFL)', defaulting to XX
2026-03-23 00:58:04 [INFO] GetLevelCode: unrecognized level name 'GROUND FLOOR FINISH LEVEL (FFL)', defaulting to XX
2026-03-23 00:58:04 [INFO] GetLevelCode: unrecognized level name 'GROUND FLOOR FINISH LEVEL (FFL)', defaulting to XX
2026-03-23 00:58:04 [INFO] GetLevelCode: unrecognized level name 'GROUND FLOOR FINISH LEVEL (FFL)', defaulting to XX
2026-03-23 00:58:04 [INFO] GetLevelCode: unrecognized level name 'GROUND FLOOR FINISH LEVEL (FFL)', defaulting to XX
2026-03-23 00:58:04 [INFO] GetLevelCode: unrecognized level name 'GROUND FLOOR FINISH LEVEL (FFL)', defaulting to XX
2026-03-23 00:58:04 [INFO] GetLevelCode: unrecognized level name 'GROUND FLOOR FINISH LEVEL (FFL)', defaulting to XX
2026-03-23 00:58:04 [INFO] GetLevelCode: unrecognized level name 'GROUND FLOOR FINISH LEVEL (FFL)', defaulting to XX
2026-03-23 00:58:04 [INFO] GetLevelCode: unrecognized level name 'GROUND FLOOR FINISH LEVEL (FFL)', defaulting to XX
2026-03-23 00:58:12 [INFO] Output directory set to: D:\Work 2025\Rootwrk\02-Production Information\MEP\15 Drawings\5 Public Health\102000-Main Workshop Building\STING_Exports
2026-03-23 00:58:12 [INFO] BIMManager: saved document_register.json
2026-03-23 00:58:12 [INFO] Auto-registered export: DOC-0009 — STING_Tag_Register_20260323.csv
2026-03-23 00:58:14 [INFO] Workflow step 6: 6. Export asset register — OK (11.7s)
2026-03-23 00:58:20 [INFO] ModelHealth: score=60, rating=FAIR
2026-03-23 00:58:20 [INFO] Workflow step 7: 7. Model health check — OK (6.0s)
2026-03-23 00:58:21 [INFO] Workflow 'Coordination Meeting Prep' complete: 6/7 OK, 0 failed, elapsed=634.8s
2026-03-23 00:58:21 [INFO] DispatchCoordAction: ran workflow preset 'CoordinationMeetingPrep'
2026-03-23 00:58:21 [INFO] BIMCoordCenter built: health=0, warnings=87, compliance=0.0%
2026-03-23 02:04:11 [INFO] RevisionEngine: Snapshot 'pre_rev_P01' saved (1836 elements)
2026-03-23 02:04:15 [INFO] Revision created: P01 — REV-Project Number-001-20260323-Preliminary
2026-03-23 02:04:15 [INFO] DispatchCoordAction: executed 'CreateRevision' → CreateRevisionCommand
2026-03-23 02:04:15 [INFO] BIMCoordCenter built: health=0, warnings=87, compliance=0.0%
2026-03-23 02:04:31 [WARN] DispatchCoordAction: unrecognised action 'NewMeeting'
2026-03-23 02:04:35 [INFO] BIMCoordCenter built: health=0, warnings=87, compliance=0.0%
2026-03-23 02:05:03 [INFO] DocumentClosing: cleared parameter, compliance, formula, selection, and deferred caches
2026-03-23 02:05:04 [INFO] STING Tools shutting down
2026-03-23 02:05:04 [INFO] StingAutoTagger: unregistered
2026-03-23 02:11:28 [INFO] Data validation passed: all 9 critical files found in C:\Dev\STINGTOOLS\CompiledPlugin\data
2026-03-23 02:11:28 [WARN] PYREVIT_SCRIPT_MANIFEST: 18 script path(s) not found on disk.
2026-03-23 02:11:28 [INFO] STING Tools v1.0.0.0 loaded from C:\Dev\STINGTOOLS\CompiledPlugin\StingTools.dll
2026-03-23 02:11:28 [INFO] Assembly: WindowsBase v8.0.0.0
2026-03-23 02:11:28 [INFO] Assembly: System.IO.Packaging v8.0.0.0
2026-03-23 02:11:28 [INFO] Assembly: RevitAPI v25.4.30.0
2026-03-23 02:11:28 [INFO] Assembly: Newtonsoft.Json v13.0.0.0
2026-03-23 02:11:28 [INFO] Assembly: RevitAPIUI v25.4.30.0
2026-03-23 02:11:28 [INFO] Assembly pre-flight: no version conflicts detected.
2026-03-23 02:11:29 [INFO] ThemeManager: applied 'Light' theme
2026-03-23 02:11:29 [INFO] DeferNonActiveTabContent: deferred 8 tabs, active tab=0
2026-03-23 02:11:29 [INFO] Dockable panel registered successfully
2026-03-23 02:11:29 [INFO] StingAutoTagger: registered (disabled by default, no triggers)
2026-03-23 02:11:29 [INFO] ParamRegistry.EnsureLoaded: first-time load starting
2026-03-23 02:11:29 [INFO] ParamRegistry.LoadFromFile: starting
2026-03-23 02:11:29 [INFO] ParamRegistry.LoadFromFile: found at C:\Dev\STINGTOOLS\CompiledPlugin\data\PARAMETER_REGISTRY.json
2026-03-23 02:11:29 [INFO] ParamRegistry.LoadFromFile: reading file
2026-03-23 02:11:29 [INFO] ParamRegistry.LoadFromFile: read 219063 chars, parsing JSON
2026-03-23 02:11:29 [INFO] ParamRegistry.LoadFromFile: JSON parsed OK
2026-03-23 02:11:29 [INFO] ParamRegistry.LoadFromFile: tag_format loaded
2026-03-23 02:11:29 [INFO] ParamRegistry.LoadFromFile: 8 source tokens loaded
2026-03-23 02:11:29 [INFO] ParamRegistry.LoadFromFile: support params loaded
2026-03-23 02:11:29 [INFO] ParamRegistry.LoadFromFile: 7 token presets loaded
2026-03-23 02:11:29 [INFO] ParamRegistry.LoadFromFile: 23 container groups loaded
2026-03-23 02:11:29 [INFO] ParamRegistry.LoadFromFile: 141 category enum mappings loaded
2026-03-23 02:11:29 [INFO] ParamRegistry.LoadFromFile: 141 universal categories loaded
2026-03-23 02:11:29 [INFO] ParamRegistry.LoadFromFile: 323 extended params loaded
2026-03-23 02:11:29 [INFO] ParamRegistry.LoadFromFile: 8 required params loaded
2026-03-23 02:11:29 [INFO] ParamRegistry.LoadFromFile: 99 warning thresholds loaded
2026-03-23 02:11:29 [INFO] ParamRegistry.LoadFromFile: building GUID maps
2026-03-23 02:11:29 [INFO] ParamRegistry.LoadFromFile: 508 GUIDs mapped
2026-03-23 02:11:29 [INFO] ParamRegistry.LoadFromFile: building universal params list
2026-03-23 02:11:29 [INFO] ParamRegistry.LoadFromFile: 240 universal params
2026-03-23 02:11:29 [INFO] ParamRegistry.LoadFromFile: building discipline category names
2026-03-23 02:11:29 [INFO] ParamRegistry: supplemented 1808 GUIDs from MR_PARAMETERS.txt
2026-03-23 02:11:29 [INFO] ParamRegistry loaded: 8 tokens, 23 groups, 59 containers, 2316 GUIDs
2026-03-23 02:11:29 [INFO] ParamRegistry.EnsureLoaded: LoadFromFile completed successfully
2026-03-23 02:11:29 [INFO] ParamRegistry pre-loaded at startup successfully
2026-03-23 02:11:29 [INFO] TagConfig: loaded 209 warning refs across categories, 126 paragraph containers from LABEL_DEFINITIONS.json
2026-03-23 02:11:29 [INFO] TagConfig: supplemented 311 additional warning refs from tag config CSVs
2026-03-23 02:11:29 [INFO] STING Tools dockable panel loaded successfully
2026-03-23 02:15:40 [INFO] ViewActivated: document switch detected — caches invalidated
2026-03-23 02:15:40 [WARN] TagConfig: unknown config key(s) in project_config.json: PROJECT_FOLDER_ROOT, LAST_WORKFLOW_NAME — check for typos
2026-03-23 02:15:40 [INFO] Tag format override applied: sep='-', pad=4, segments=8
2026-03-23 02:15:40 [INFO] TagConfig: loaded 209 warning refs across categories, 126 paragraph containers from LABEL_DEFINITIONS.json
2026-03-23 02:15:40 [INFO] TagConfig: supplemented 287 additional warning refs from tag config CSVs
2026-03-23 02:15:40 [INFO] DocumentOpened: cleared formula, param, auto-tagger, compliance caches; reloaded TagConfig
2026-03-23 02:15:40 [WARN] SLA violations detected: 1 overdue issues
2026-03-23 02:15:54 [INFO] Tab 7 content loaded (lazy)
2026-03-23 02:15:55 [INFO] SharedParamGuids.AllCategoryEnums: resolving (first access)
2026-03-23 02:15:55 [INFO] ResolveUniversalCategoryEnums: resolving 141 categories
2026-03-23 02:15:55 [INFO] ResolveUniversalCategoryEnums: resolved to 129 BuiltInCategory enums
2026-03-23 02:15:55 [INFO] SharedParamGuids.AllCategoryEnums: 129 categories resolved
2026-03-23 02:15:55 [INFO] BIMCoordCenter built: health=0, warnings=87, compliance=0.0%
2026-03-23 02:16:55 [INFO] BIMCoordCenter built: health=0, warnings=87, compliance=0.0%
2026-03-23 02:17:27 [INFO] BIMCoordCenter built: health=0, warnings=87, compliance=0.0%
2026-03-23 02:18:36 [INFO] BIMCoordCenter built: health=0, warnings=87, compliance=0.0%
2026-03-23 02:18:53 [INFO] BIMCoordCenter built: health=0, warnings=87, compliance=0.0%
2026-03-23 02:19:01 [INFO] RunCommand<WarningsDashboardCommand>: start
2026-03-23 02:19:08 [INFO] WarningsDashboard: 87 total, 0 fixable, health=0
2026-03-23 02:19:08 [INFO] RunCommand<WarningsDashboardCommand>: done
2026-03-23 03:28:06 [INFO] BIMCoordCenter built: health=0, warnings=87, compliance=0.0%
2026-03-23 03:28:48 [INFO] BIMCoordCenter built: health=0, warnings=87, compliance=0.0%
2026-03-23 03:29:48 [INFO] RunCommand<ProjectDashboardCommand>: start
2026-03-23 03:29:48 [INFO] BIMManager: Building project dashboard...
2026-03-23 03:29:49 [INFO] BIMManager: saved project_dashboard.json
2026-03-23 03:29:52 [INFO] Dashboard: RAG=RED, tagged=0/1730
2026-03-23 03:29:52 [INFO] RunCommand<ProjectDashboardCommand>: done
2026-03-23 03:47:37 [INFO] BIMCoordCenter built: health=0, warnings=87, compliance=0.0%
2026-03-23 03:54:22 [INFO] Workflow 'MorningHealthCheck': starting 10 steps
2026-03-23 03:54:23 [INFO] WorkflowEngine: skipping '1. Re-tag stale elements (moved/changed since last session)' — no stale elements found
2026-03-23 03:54:28 [INFO] Workflow step 2: 2. Pre-tag audit — predict tags and identify gaps — SKIP (5.3s)
2026-03-23 03:54:34 [INFO] Workflow step 3: 3. Batch tag new/untagged elements — SKIP (5.6s)
2026-03-23 03:54:58 [INFO] Workflow step 4: 4. Validate tag completeness and ISO 19650 codes — OK (24.6s)
2026-03-23 03:54:58 [WARN] WorkflowEngine: unknown command tag 'SheetNamingCheck'
2026-03-23 03:54:58 [INFO] Workflow step 5: 5. Sheet naming ISO 19650 compliance check — WARN (0.0s)
2026-03-23 03:55:00 [INFO] ModelHealth: score=60, rating=FAIR
2026-03-23 03:55:00 [INFO] Workflow step 6: 6. Model health dashboard — overall status report — OK (1.8s)
2026-03-23 03:55:00 [WARN] WorkflowEngine: unknown command tag 'TemplateAudit'
2026-03-23 03:55:00 [INFO] Workflow step 7: 7. View template compliance audit — WARN (0.0s)
2026-03-23 03:55:25 [INFO] Workflow step 8: 8. BIM issue dashboard — open issues review — OK (24.7s)
2026-03-23 03:55:27 [INFO] Revision dashboard: 1 revisions, 11 clouds
2026-03-23 03:55:27 [INFO] Workflow step 9: 9. Revision tracking dashboard — OK (2.7s)
2026-03-23 03:55:30 [INFO] Workflow step 10: 10. Tag completeness per-discipline dashboard — OK (2.6s)
2026-03-23 03:55:33 [INFO] Workflow 'MorningHealthCheck' complete: 5/10 OK, 1 failed, elapsed=67.4s
2026-03-23 03:55:33 [INFO] DispatchCoordAction: ran workflow preset 'MorningHealthCheck'
2026-03-23 03:55:33 [INFO] BIMCoordCenter built: health=0, warnings=87, compliance=0.0%
2026-03-23 04:00:25 [INFO] ViewActivated: document switch detected — caches invalidated
2026-03-23 04:00:31 [WARN] TagConfig: unknown config key(s) in project_config.json: PROJECT_FOLDER_ROOT, LAST_WORKFLOW_NAME — check for typos
2026-03-23 04:00:31 [INFO] Tag format override applied: sep='-', pad=4, segments=8
2026-03-23 04:00:31 [INFO] TagConfig: loaded 209 warning refs across categories, 126 paragraph containers from LABEL_DEFINITIONS.json
2026-03-23 04:00:31 [INFO] TagConfig: supplemented 287 additional warning refs from tag config CSVs
2026-03-23 04:00:31 [INFO] DocumentOpened: cleared formula, param, auto-tagger, compliance caches; reloaded TagConfig
2026-03-23 04:00:49 [INFO] DocumentClosing: cleared parameter, compliance, formula, selection, and deferred caches
2026-03-23 04:00:49 [INFO] ViewActivated: document switch detected — caches invalidated
2026-03-23 04:13:26 [INFO] DocumentClosing: cleared parameter, compliance, formula, selection, and deferred caches
2026-03-23 04:13:29 [INFO] STING Tools shutting down
2026-03-23 04:13:29 [INFO] StingAutoTagger: unregistered
2026-03-23 04:13:49 [INFO] Data validation passed: all 9 critical files found in C:\Dev\STINGTOOLS\CompiledPlugin\data
2026-03-23 04:13:49 [WARN] PYREVIT_SCRIPT_MANIFEST: 18 script path(s) not found on disk.
2026-03-23 04:13:49 [INFO] STING Tools v1.0.0.0 loaded from C:\Dev\STINGTOOLS\CompiledPlugin\StingTools.dll
2026-03-23 04:13:49 [INFO] Assembly: WindowsBase v8.0.0.0
2026-03-23 04:13:49 [INFO] Assembly: System.IO.Packaging v8.0.0.0
2026-03-23 04:13:49 [INFO] Assembly: RevitAPI v25.4.30.0
2026-03-23 04:13:49 [INFO] Assembly: Newtonsoft.Json v13.0.0.0
2026-03-23 04:13:49 [INFO] Assembly: RevitAPIUI v25.4.30.0
2026-03-23 04:13:49 [INFO] Assembly pre-flight: no version conflicts detected.
2026-03-23 04:13:49 [INFO] ThemeManager: applied 'Light' theme
2026-03-23 04:13:49 [INFO] DeferNonActiveTabContent: deferred 8 tabs, active tab=0
2026-03-23 04:13:49 [INFO] Dockable panel registered successfully
2026-03-23 04:13:49 [INFO] StingAutoTagger: registered (disabled by default, no triggers)
2026-03-23 04:13:49 [INFO] ParamRegistry.EnsureLoaded: first-time load starting
2026-03-23 04:13:49 [INFO] ParamRegistry.LoadFromFile: starting
2026-03-23 04:13:49 [INFO] ParamRegistry.LoadFromFile: found at C:\Dev\STINGTOOLS\CompiledPlugin\data\PARAMETER_REGISTRY.json
2026-03-23 04:13:49 [INFO] ParamRegistry.LoadFromFile: reading file
2026-03-23 04:13:49 [INFO] ParamRegistry.LoadFromFile: read 219063 chars, parsing JSON
2026-03-23 04:13:49 [INFO] ParamRegistry.LoadFromFile: JSON parsed OK
2026-03-23 04:13:49 [INFO] ParamRegistry.LoadFromFile: tag_format loaded
2026-03-23 04:13:49 [INFO] ParamRegistry.LoadFromFile: 8 source tokens loaded
2026-03-23 04:13:49 [INFO] ParamRegistry.LoadFromFile: support params loaded
2026-03-23 04:13:49 [INFO] ParamRegistry.LoadFromFile: 7 token presets loaded
2026-03-23 04:13:49 [INFO] ParamRegistry.LoadFromFile: 23 container groups loaded
2026-03-23 04:13:49 [INFO] ParamRegistry.LoadFromFile: 141 category enum mappings loaded
2026-03-23 04:13:49 [INFO] ParamRegistry.LoadFromFile: 141 universal categories loaded
2026-03-23 04:13:49 [INFO] ParamRegistry.LoadFromFile: 323 extended params loaded
2026-03-23 04:13:49 [INFO] ParamRegistry.LoadFromFile: 8 required params loaded
2026-03-23 04:13:49 [INFO] ParamRegistry.LoadFromFile: 99 warning thresholds loaded
2026-03-23 04:13:49 [INFO] ParamRegistry.LoadFromFile: building GUID maps
2026-03-23 04:13:49 [INFO] ParamRegistry.LoadFromFile: 508 GUIDs mapped
2026-03-23 04:13:49 [INFO] ParamRegistry.LoadFromFile: building universal params list
2026-03-23 04:13:49 [INFO] ParamRegistry.LoadFromFile: 240 universal params
2026-03-23 04:13:49 [INFO] ParamRegistry.LoadFromFile: building discipline category names
2026-03-23 04:13:49 [INFO] ParamRegistry: supplemented 1808 GUIDs from MR_PARAMETERS.txt
2026-03-23 04:13:49 [INFO] ParamRegistry loaded: 8 tokens, 23 groups, 59 containers, 2316 GUIDs
2026-03-23 04:13:49 [INFO] ParamRegistry.EnsureLoaded: LoadFromFile completed successfully
2026-03-23 04:13:49 [INFO] ParamRegistry pre-loaded at startup successfully
2026-03-23 04:13:49 [INFO] TagConfig: loaded 209 warning refs across categories, 126 paragraph containers from LABEL_DEFINITIONS.json
2026-03-23 04:13:49 [INFO] TagConfig: supplemented 311 additional warning refs from tag config CSVs
2026-03-23 04:13:49 [INFO] STING Tools dockable panel loaded successfully
2026-03-23 04:14:24 [INFO] ViewActivated: document switch detected — caches invalidated
2026-03-23 04:14:24 [WARN] TagConfig: unknown config key(s) in project_config.json: PROJECT_FOLDER_ROOT, LAST_WORKFLOW_NAME — check for typos
2026-03-23 04:14:24 [INFO] Tag format override applied: sep='-', pad=4, segments=8
2026-03-23 04:14:24 [INFO] TagConfig: loaded 209 warning refs across categories, 126 paragraph containers from LABEL_DEFINITIONS.json
2026-03-23 04:14:24 [INFO] TagConfig: supplemented 287 additional warning refs from tag config CSVs
2026-03-23 04:14:24 [INFO] DocumentOpened: cleared formula, param, auto-tagger, compliance caches; reloaded TagConfig
2026-03-23 04:14:32 [INFO] Tab 7 content loaded (lazy)
2026-03-23 04:14:46 [INFO] Tab 8 content loaded (lazy)
2026-03-23 04:14:49 [INFO] Tab 6 content loaded (lazy)
2026-03-23 04:15:15 [INFO] SharedParamGuids.AllCategoryEnums: resolving (first access)
2026-03-23 04:15:15 [INFO] ResolveUniversalCategoryEnums: resolving 141 categories
2026-03-23 04:15:15 [INFO] ResolveUniversalCategoryEnums: resolved to 129 BuiltInCategory enums
2026-03-23 04:15:15 [INFO] SharedParamGuids.AllCategoryEnums: 129 categories resolved
2026-03-23 04:47:15 [INFO] DocumentClosing: cleared parameter, compliance, formula, selection, and deferred caches
2026-03-23 08:17:36 [INFO] ViewActivated: document switch detected — caches invalidated
2026-03-23 08:17:40 [WARN] TagConfig: unknown config key(s) in project_config.json: PROJECT_FOLDER_ROOT, LAST_WORKFLOW_NAME — check for typos
2026-03-23 08:17:40 [INFO] Tag format override applied: sep='-', pad=4, segments=8
2026-03-23 08:17:40 [INFO] TagConfig: loaded 209 warning refs across categories, 126 paragraph containers from LABEL_DEFINITIONS.json
2026-03-23 08:17:40 [INFO] TagConfig: supplemented 287 additional warning refs from tag config CSVs
2026-03-23 08:17:40 [INFO] DocumentOpened: cleared formula, param, auto-tagger, compliance caches; reloaded TagConfig
2026-03-23 08:17:47 [INFO] DocumentClosing: cleared parameter, compliance, formula, selection, and deferred caches
2026-03-23 08:17:56 [INFO] ViewActivated: document switch detected — caches invalidated
2026-03-23 08:18:47 [INFO] DocumentClosing: cleared parameter, compliance, formula, selection, and deferred caches
2026-03-23 08:18:49 [INFO] STING Tools shutting down
2026-03-23 08:18:49 [INFO] StingAutoTagger: unregistered
2026-03-23 08:20:20 [INFO] Data validation passed: all 9 critical files found in C:\Dev\STINGTOOLS\CompiledPlugin\data
2026-03-23 08:20:20 [WARN] PYREVIT_SCRIPT_MANIFEST: 18 script path(s) not found on disk.
2026-03-23 08:20:20 [INFO] STING Tools v1.0.0.0 loaded from C:\Dev\STINGTOOLS\CompiledPlugin\StingTools.dll
2026-03-23 08:20:20 [INFO] Assembly: WindowsBase v8.0.0.0
2026-03-23 08:20:20 [INFO] Assembly: System.IO.Packaging v8.0.0.0
2026-03-23 08:20:20 [INFO] Assembly: RevitAPI v25.4.30.0
2026-03-23 08:20:20 [INFO] Assembly: Newtonsoft.Json v13.0.0.0
2026-03-23 08:20:20 [INFO] Assembly: RevitAPIUI v25.4.30.0
2026-03-23 08:20:20 [INFO] Assembly pre-flight: no version conflicts detected.
2026-03-23 08:20:20 [INFO] ThemeManager: applied 'Light' theme
2026-03-23 08:20:20 [INFO] DeferNonActiveTabContent: deferred 8 tabs, active tab=0
2026-03-23 08:20:20 [INFO] Dockable panel registered successfully
2026-03-23 08:20:20 [INFO] StingAutoTagger: registered (disabled by default, no triggers)
2026-03-23 08:20:20 [INFO] ParamRegistry.EnsureLoaded: first-time load starting
2026-03-23 08:20:20 [INFO] ParamRegistry.LoadFromFile: starting
2026-03-23 08:20:20 [INFO] ParamRegistry.LoadFromFile: found at C:\Dev\STINGTOOLS\CompiledPlugin\data\PARAMETER_REGISTRY.json
2026-03-23 08:20:20 [INFO] ParamRegistry.LoadFromFile: reading file
2026-03-23 08:20:20 [INFO] ParamRegistry.LoadFromFile: read 219063 chars, parsing JSON
2026-03-23 08:20:20 [INFO] ParamRegistry.LoadFromFile: JSON parsed OK
2026-03-23 08:20:20 [INFO] ParamRegistry.LoadFromFile: tag_format loaded
2026-03-23 08:20:20 [INFO] ParamRegistry.LoadFromFile: 8 source tokens loaded
2026-03-23 08:20:20 [INFO] ParamRegistry.LoadFromFile: support params loaded
2026-03-23 08:20:20 [INFO] ParamRegistry.LoadFromFile: 7 token presets loaded
2026-03-23 08:20:20 [INFO] ParamRegistry.LoadFromFile: 23 container groups loaded
2026-03-23 08:20:20 [INFO] ParamRegistry.LoadFromFile: 141 category enum mappings loaded
2026-03-23 08:20:20 [INFO] ParamRegistry.LoadFromFile: 141 universal categories loaded
2026-03-23 08:20:20 [INFO] ParamRegistry.LoadFromFile: 323 extended params loaded
2026-03-23 08:20:20 [INFO] ParamRegistry.LoadFromFile: 8 required params loaded
2026-03-23 08:20:20 [INFO] ParamRegistry.LoadFromFile: 99 warning thresholds loaded
2026-03-23 08:20:20 [INFO] ParamRegistry.LoadFromFile: building GUID maps
2026-03-23 08:20:20 [INFO] ParamRegistry.LoadFromFile: 508 GUIDs mapped
2026-03-23 08:20:20 [INFO] ParamRegistry.LoadFromFile: building universal params list
2026-03-23 08:20:20 [INFO] ParamRegistry.LoadFromFile: 240 universal params
2026-03-23 08:20:20 [INFO] ParamRegistry.LoadFromFile: building discipline category names
2026-03-23 08:20:20 [INFO] ParamRegistry: supplemented 1808 GUIDs from MR_PARAMETERS.txt
2026-03-23 08:20:20 [INFO] ParamRegistry loaded: 8 tokens, 23 groups, 59 containers, 2316 GUIDs
2026-03-23 08:20:20 [INFO] ParamRegistry.EnsureLoaded: LoadFromFile completed successfully
2026-03-23 08:20:20 [INFO] ParamRegistry pre-loaded at startup successfully
2026-03-23 08:20:20 [INFO] TagConfig: loaded 209 warning refs across categories, 126 paragraph containers from LABEL_DEFINITIONS.json
2026-03-23 08:20:20 [INFO] TagConfig: supplemented 311 additional warning refs from tag config CSVs
2026-03-23 08:20:20 [INFO] STING Tools dockable panel loaded successfully
2026-03-23 08:20:51 [INFO] ViewActivated: document switch detected — caches invalidated
2026-03-23 08:20:51 [WARN] TagConfig: unknown config key(s) in project_config.json: PROJECT_FOLDER_ROOT, LAST_WORKFLOW_NAME — check for typos
2026-03-23 08:20:51 [INFO] Tag format override applied: sep='-', pad=4, segments=8
2026-03-23 08:20:51 [INFO] TagConfig: loaded 209 warning refs across categories, 126 paragraph containers from LABEL_DEFINITIONS.json
2026-03-23 08:20:51 [INFO] TagConfig: supplemented 287 additional warning refs from tag config CSVs
2026-03-23 08:20:51 [INFO] DocumentOpened: cleared formula, param, auto-tagger, compliance caches; reloaded TagConfig
2026-03-23 08:21:01 [INFO] DocumentClosing: cleared parameter, compliance, formula, selection, and deferred caches
2026-03-23 08:21:05 [INFO] ViewActivated: document switch detected — caches invalidated
2026-03-23 08:21:08 [WARN] TagConfig: unknown config key(s) in project_config.json: PROJECT_FOLDER_ROOT, LAST_WORKFLOW_NAME — check for typos
2026-03-23 08:21:08 [INFO] Tag format override applied: sep='-', pad=4, segments=8
2026-03-23 08:21:08 [INFO] TagConfig: loaded 209 warning refs across categories, 126 paragraph containers from LABEL_DEFINITIONS.json
2026-03-23 08:21:08 [INFO] TagConfig: supplemented 287 additional warning refs from tag config CSVs
2026-03-23 08:21:08 [INFO] DocumentOpened: cleared formula, param, auto-tagger, compliance caches; reloaded TagConfig
2026-03-23 08:22:49 [INFO] ViewActivated: document switch detected — caches invalidated
2026-03-23 08:23:05 [INFO] ViewActivated: document switch detected — caches invalidated
2026-03-23 08:23:37 [INFO] ViewActivated: document switch detected — caches invalidated
2026-03-23 08:24:04 [INFO] ViewActivated: document switch detected — caches invalidated
2026-03-23 08:29:56 [INFO] ViewActivated: document switch detected — caches invalidated
2026-03-23 08:30:09 [INFO] ViewActivated: document switch detected — caches invalidated
2026-03-23 08:30:21 [INFO] ViewActivated: document switch detected — caches invalidated
2026-03-23 08:30:26 [INFO] ViewActivated: document switch detected — caches invalidated
2026-03-23 08:30:44 [INFO] ViewActivated: document switch detected — caches invalidated
2026-03-23 08:30:52 [INFO] ViewActivated: document switch detected — caches invalidated
2026-03-23 08:30:57 [INFO] ViewActivated: document switch detected — caches invalidated
2026-03-23 08:31:03 [INFO] ViewActivated: document switch detected — caches invalidated
2026-03-23 17:45:46 [INFO] ViewActivated: document switch detected — caches invalidated
2026-03-23 17:45:46 [INFO] ViewActivated: document switch detected — caches invalidated
2026-03-23 17:46:27 [INFO] ViewActivated: document switch detected — caches invalidated
2026-03-23 17:46:27 [WARN] TagConfig: unknown config key(s) in project_config.json: PROJECT_FOLDER_ROOT, LAST_WORKFLOW_NAME — check for typos
2026-03-23 17:46:27 [INFO] Tag format override applied: sep='-', pad=4, segments=8
2026-03-23 17:46:27 [INFO] TagConfig: loaded 209 warning refs across categories, 126 paragraph containers from LABEL_DEFINITIONS.json
2026-03-23 17:46:27 [INFO] TagConfig: supplemented 287 additional warning refs from tag config CSVs
2026-03-23 17:46:27 [INFO] DocumentOpened: cleared formula, param, auto-tagger, compliance caches; reloaded TagConfig
2026-03-23 19:28:40 [INFO] DocumentClosing: cleared parameter, compliance, formula, selection, and deferred caches
2026-03-23 19:28:40 [INFO] DocumentClosing: cleared parameter, compliance, formula, selection, and deferred caches
2026-03-23 19:28:46 [INFO] STING Tools shutting down
2026-03-23 19:28:46 [INFO] StingAutoTagger: unregistered
2026-03-23 19:30:26 [INFO] Data validation passed: all 9 critical files found in C:\Dev\STINGTOOLS\CompiledPlugin\data
2026-03-23 19:30:26 [WARN] PYREVIT_SCRIPT_MANIFEST: 18 script path(s) not found on disk.
2026-03-23 19:30:26 [INFO] STING Tools v1.0.0.0 loaded from C:\Dev\STINGTOOLS\CompiledPlugin\StingTools.dll
2026-03-23 19:30:26 [INFO] Assembly: WindowsBase v8.0.0.0
2026-03-23 19:30:26 [INFO] Assembly: System.IO.Packaging v8.0.0.0
2026-03-23 19:30:26 [INFO] Assembly: RevitAPI v25.4.30.0
2026-03-23 19:30:26 [INFO] Assembly: Newtonsoft.Json v13.0.0.0
2026-03-23 19:30:26 [INFO] Assembly: RevitAPIUI v25.4.30.0
2026-03-23 19:30:26 [INFO] Assembly pre-flight: no version conflicts detected.
2026-03-23 19:30:26 [INFO] ThemeManager: applied 'Light' theme
2026-03-23 19:30:26 [INFO] DeferNonActiveTabContent: deferred 8 tabs, active tab=0
2026-03-23 19:30:26 [INFO] Dockable panel registered successfully
2026-03-23 19:30:27 [INFO] StingAutoTagger: registered (disabled by default, no triggers)
2026-03-23 19:30:27 [INFO] ParamRegistry.EnsureLoaded: first-time load starting
2026-03-23 19:30:27 [INFO] ParamRegistry.LoadFromFile: starting
2026-03-23 19:30:27 [INFO] ParamRegistry.LoadFromFile: found at C:\Dev\STINGTOOLS\CompiledPlugin\data\PARAMETER_REGISTRY.json
2026-03-23 19:30:27 [INFO] ParamRegistry.LoadFromFile: reading file
2026-03-23 19:30:27 [INFO] ParamRegistry.LoadFromFile: read 219063 chars, parsing JSON
2026-03-23 19:30:27 [INFO] ParamRegistry.LoadFromFile: JSON parsed OK
2026-03-23 19:30:27 [INFO] ParamRegistry.LoadFromFile: tag_format loaded
2026-03-23 19:30:27 [INFO] ParamRegistry.LoadFromFile: 8 source tokens loaded
2026-03-23 19:30:27 [INFO] ParamRegistry.LoadFromFile: support params loaded
2026-03-23 19:30:27 [INFO] ParamRegistry.LoadFromFile: 7 token presets loaded
2026-03-23 19:30:27 [INFO] ParamRegistry.LoadFromFile: 23 container groups loaded
2026-03-23 19:30:27 [INFO] ParamRegistry.LoadFromFile: 141 category enum mappings loaded
2026-03-23 19:30:27 [INFO] ParamRegistry.LoadFromFile: 141 universal categories loaded
2026-03-23 19:30:27 [INFO] ParamRegistry.LoadFromFile: 323 extended params loaded
2026-03-23 19:30:27 [INFO] ParamRegistry.LoadFromFile: 8 required params loaded
2026-03-23 19:30:27 [INFO] ParamRegistry.LoadFromFile: 99 warning thresholds loaded
2026-03-23 19:30:27 [INFO] ParamRegistry.LoadFromFile: building GUID maps
2026-03-23 19:30:27 [INFO] ParamRegistry.LoadFromFile: 508 GUIDs mapped
2026-03-23 19:30:27 [INFO] ParamRegistry.LoadFromFile: building universal params list
2026-03-23 19:30:27 [INFO] ParamRegistry.LoadFromFile: 240 universal params
2026-03-23 19:30:27 [INFO] ParamRegistry.LoadFromFile: building discipline category names
2026-03-23 19:30:27 [INFO] ParamRegistry: supplemented 1808 GUIDs from MR_PARAMETERS.txt
2026-03-23 19:30:27 [INFO] ParamRegistry loaded: 8 tokens, 23 groups, 59 containers, 2316 GUIDs
2026-03-23 19:30:27 [INFO] ParamRegistry.EnsureLoaded: LoadFromFile completed successfully
2026-03-23 19:30:27 [INFO] ParamRegistry pre-loaded at startup successfully
2026-03-23 19:30:27 [INFO] TagConfig: loaded 209 warning refs across categories, 126 paragraph containers from LABEL_DEFINITIONS.json
2026-03-23 19:30:27 [INFO] TagConfig: supplemented 311 additional warning refs from tag config CSVs
2026-03-23 19:30:27 [INFO] STING Tools dockable panel loaded successfully
2026-03-23 19:31:03 [INFO] ViewActivated: document switch detected — caches invalidated
2026-03-23 19:31:04 [WARN] TagConfig: unknown config key(s) in project_config.json: PROJECT_FOLDER_ROOT, LAST_WORKFLOW_NAME — check for typos
2026-03-23 19:31:04 [INFO] Tag format override applied: sep='-', pad=4, segments=8
2026-03-23 19:31:04 [INFO] TagConfig: loaded 209 warning refs across categories, 126 paragraph containers from LABEL_DEFINITIONS.json
2026-03-23 19:31:04 [INFO] TagConfig: supplemented 287 additional warning refs from tag config CSVs
2026-03-23 19:31:04 [INFO] DocumentOpened: cleared formula, param, auto-tagger, compliance caches; reloaded TagConfig
2026-03-23 19:31:04 [INFO] SharedParamGuids.AllCategoryEnums: resolving (first access)
2026-03-23 19:31:04 [WARN] Formula 'CST_S_CON_SAND_VOLUME_CU_M': invalid Dependency_Level '36863979-00ed-54f3-af15-db3364b8316d', defaulting to 0
2026-03-23 19:31:04 [WARN] Formula 'CST_S_MAS_SAND_VOLUME_CU_M': invalid Dependency_Level '02663996-87e7-56b1-8abf-2e9bc32d777b', defaulting to 0
2026-03-23 19:31:04 [INFO] ResolveUniversalCategoryEnums: resolving 141 categories
2026-03-23 19:31:04 [WARN] Formula 'S2=standard': invalid Dependency_Level 'ELC_PNL_PHS_COUNT_NR', defaulting to 0
2026-03-23 19:31:04 [WARN] Formula 'S2=standard': suspect Discipline value '(DB Panels). S1=compact' — check CSV quoting
2026-03-23 19:31:04 [INFO] ResolveUniversalCategoryEnums: resolved to 129 BuiltInCategory enums
2026-03-23 19:31:04 [INFO] SharedParamGuids.AllCategoryEnums: 129 categories resolved
2026-03-23 19:31:04 [WARN] Formula 'S2=standard': invalid Dependency_Level 'ELC_PNL_DESIGNATION_NAME_TXT', defaulting to 0
2026-03-23 19:31:04 [WARN] Formula 'S2=standard': suspect Discipline value '(Points & Sockets). S1=compact' — check CSV quoting
2026-03-23 19:31:04 [WARN] Formula 'S2=standard': invalid Dependency_Level 'COM_C_NETWORK_ADDRESS_TXT', defaulting to 0
2026-03-23 19:31:04 [WARN] Formula 'S2=standard': suspect Discipline value '(BMS). S1=compact' — check CSV quoting
2026-03-23 19:31:04 [WARN] Formula 'S2=standard': invalid Dependency_Level 'ASS_SYSTEM_TYPE_TXT', defaulting to 0
2026-03-23 19:31:04 [WARN] Formula 'S2=standard': suspect Discipline value '(Lifts/Gen/ATS). S1=compact' — check CSV quoting
2026-03-23 19:31:04 [WARN] TagPipelineHelper.LoadFormulas: An item with the same key has already been added. Key: S2=standard
2026-03-23 19:31:04 [INFO] FUT-19: Background pre-warming completed (formulas, grids, compliance)
2026-03-23 19:31:31 [INFO] Tab 7 content loaded (lazy)
2026-03-23 19:31:37 [INFO] Tab 6 content loaded (lazy)
2026-03-23 19:33:00 [INFO] ViewActivated: document switch detected — caches invalidated
2026-03-23 19:33:03 [WARN] TagConfig: unknown config key(s) in project_config.json: PROJECT_FOLDER_ROOT, LAST_WORKFLOW_NAME — check for typos
2026-03-23 19:33:03 [INFO] Tag format override applied: sep='-', pad=4, segments=8
2026-03-23 19:33:03 [INFO] TagConfig: loaded 209 warning refs across categories, 126 paragraph containers from LABEL_DEFINITIONS.json
2026-03-23 19:33:03 [INFO] TagConfig: supplemented 287 additional warning refs from tag config CSVs
2026-03-23 19:33:03 [INFO] DocumentOpened: cleared formula, param, auto-tagger, compliance caches; reloaded TagConfig
2026-03-23 19:33:03 [WARN] Formula 'CST_S_CON_SAND_VOLUME_CU_M': invalid Dependency_Level '36863979-00ed-54f3-af15-db3364b8316d', defaulting to 0
2026-03-23 19:33:03 [WARN] Formula 'CST_S_MAS_SAND_VOLUME_CU_M': invalid Dependency_Level '02663996-87e7-56b1-8abf-2e9bc32d777b', defaulting to 0
2026-03-23 19:33:03 [WARN] Formula 'S2=standard': invalid Dependency_Level 'ELC_PNL_PHS_COUNT_NR', defaulting to 0
2026-03-23 19:33:03 [WARN] Formula 'S2=standard': suspect Discipline value '(DB Panels). S1=compact' — check CSV quoting
2026-03-23 19:33:03 [WARN] Formula 'S2=standard': invalid Dependency_Level 'ELC_PNL_DESIGNATION_NAME_TXT', defaulting to 0
2026-03-23 19:33:03 [WARN] Formula 'S2=standard': suspect Discipline value '(Points & Sockets). S1=compact' — check CSV quoting
2026-03-23 19:33:03 [WARN] Formula 'S2=standard': invalid Dependency_Level 'COM_C_NETWORK_ADDRESS_TXT', defaulting to 0
2026-03-23 19:33:03 [WARN] Formula 'S2=standard': suspect Discipline value '(BMS). S1=compact' — check CSV quoting
2026-03-23 19:33:03 [WARN] Formula 'S2=standard': invalid Dependency_Level 'ASS_SYSTEM_TYPE_TXT', defaulting to 0
2026-03-23 19:33:03 [WARN] Formula 'S2=standard': suspect Discipline value '(Lifts/Gen/ATS). S1=compact' — check CSV quoting
2026-03-23 19:33:03 [WARN] TagPipelineHelper.LoadFormulas: An item with the same key has already been added. Key: S2=standard
2026-03-23 19:33:03 [INFO] FUT-19: Background pre-warming completed (formulas, grids, compliance)
2026-03-23 19:33:13 [INFO] ViewActivated: document switch detected — caches invalidated
2026-03-23 19:33:16 [INFO] ViewActivated: document switch detected — caches invalidated
2026-03-23 19:33:31 [INFO] LCA: A1-A3=234579 kgCO2, B6=0, WLC=428829 kgCO2 (0 kgCO2/m²)
2026-03-23 19:33:53 [INFO] AcousticAnalysis: 0 walls, 0 floors, 0 rooms → 0 issues
2026-03-23 19:33:57 [INFO] LCA: A1-A3=234579 kgCO2, B6=0, WLC=428829 kgCO2 (0 kgCO2/m²)
2026-03-23 19:33:57 [INFO] Sustainability: BREEAM=20.2% (Unclassified), WLC=0 kgCO2/m², Circularity=0%
2026-03-23 19:34:07 [INFO] MEPAnalysis: 0 ducts, 0 pipes → 0 pressure drop results
2026-03-23 19:35:05 [INFO] RunCommand<StrCADToStructuralCommand>: start
2026-03-23 19:35:05 [INFO] StructuralCADPipeline v2: Starting full pipeline
2026-03-23 19:35:05 [INFO] StructuralTypeFactory: Built catalog of 117 types in 56ms
2026-03-23 19:35:05 [INFO]   Type catalog: 117 types
2026-03-23 19:35:05 [INFO]   Extraction: Extracted: 692 round + 151 rect columns, 478 beams, 0 walls, 0 slabs, 82 grids, 916 free beam ends from 8572 entities
2026-03-23 19:36:56 [WARN] Grid name: Name must be unique.
Parameter name: name
2026-03-23 19:36:56 [WARN] Grid name: Name must be unique.
Parameter name: name
2026-03-23 19:36:56 [WARN] Grid name: Name must be unique.
Parameter name: name
2026-03-23 19:36:56 [WARN] Grid name: Name must be unique.
Parameter name: name
2026-03-23 19:36:56 [WARN] Grid name: Name must be unique.
Parameter name: name
2026-03-23 19:36:56 [WARN] Grid name: Name must be unique.
Parameter name: name
2026-03-23 19:36:56 [WARN] Grid name: Name must be unique.
Parameter name: name
2026-03-23 19:36:56 [WARN] Grid name: Name must be unique.
Parameter name: name
2026-03-23 19:36:56 [WARN] Grid name: Name must be unique.
Parameter name: name
2026-03-23 19:36:56 [WARN] Grid name: Name must be unique.
Parameter name: name
2026-03-23 19:36:56 [WARN] Grid name: Name must be unique.
Parameter name: name
2026-03-23 19:36:56 [WARN] Grid name: Name must be unique.
Parameter name: name
2026-03-23 19:36:56 [WARN] Grid name: Name must be unique.
Parameter name: name
2026-03-23 19:36:56 [WARN] Grid name: Name must be unique.
Parameter name: name
2026-03-23 19:36:56 [WARN] Grid name: Name must be unique.
Parameter name: name
2026-03-23 19:36:56 [WARN] Grid name: Name must be unique.
Parameter name: name
2026-03-23 19:36:56 [WARN] Grid name: Name must be unique.
Parameter name: name
2026-03-23 19:36:56 [WARN] Grid name: Name must be unique.
Parameter name: name
2026-03-23 19:36:56 [WARN] Grid name: Name must be unique.
Parameter name: name
2026-03-23 19:36:56 [WARN] Grid name: Name must be unique.
Parameter name: name
2026-03-23 19:36:56 [WARN] Grid name: Name must be unique.
Parameter name: name
2026-03-23 19:36:56 [WARN] Grid name: Name must be unique.
Parameter name: name
2026-03-23 19:36:56 [WARN] Grid name: Name must be unique.
Parameter name: name
2026-03-23 19:36:56 [WARN] Grid name: Name must be unique.
Parameter name: name
2026-03-23 19:36:56 [WARN] Grid name: Name must be unique.
Parameter name: name
2026-03-23 19:36:56 [WARN] Grid name: Name must be unique.
Parameter name: name
2026-03-23 19:36:56 [WARN] Grid name: Name must be unique.
Parameter name: name
2026-03-23 19:36:56 [WARN] Grid name: Name must be unique.
Parameter name: name
2026-03-23 19:36:56 [WARN] Grid name: Name must be unique.
Parameter name: name
2026-03-23 19:36:56 [WARN] Grid name: Name must be unique.
Parameter name: name
2026-03-23 19:36:56 [WARN] Grid name: Name must be unique.
Parameter name: name
2026-03-23 19:36:56 [WARN] Grid name: Name must be unique.
Parameter name: name
2026-03-23 19:36:56 [WARN] Grid name: Name must be unique.
Parameter name: name
2026-03-23 19:36:56 [WARN] Grid name: Name must be unique.
Parameter name: name
2026-03-23 19:36:56 [WARN] Grid name: Name must be unique.
Parameter name: name
2026-03-23 19:36:56 [WARN] Grid name: Name must be unique.
Parameter name: name
2026-03-23 19:36:56 [WARN] Grid name: Name must be unique.
Parameter name: name
2026-03-23 19:36:56 [WARN] Grid name: Name must be unique.
Parameter name: name
2026-03-23 19:36:56 [WARN] Grid name: Name must be unique.
Parameter name: name
2026-03-23 19:36:56 [WARN] Grid name: Name must be unique.
Parameter name: name
2026-03-23 19:36:56 [WARN] Grid name: Name must be unique.
Parameter name: name
2026-03-23 19:36:56 [WARN] Grid name: Name must be unique.
Parameter name: name
2026-03-23 19:36:56 [WARN] Grid name: Name must be unique.
Parameter name: name
2026-03-23 19:36:56 [WARN] Grid name: Name must be unique.
Parameter name: name
2026-03-23 19:36:56 [WARN] Grid name: Name must be unique.
Parameter name: name
2026-03-23 19:36:56 [WARN] Grid name: Name must be unique.
Parameter name: name
2026-03-23 19:36:56 [WARN] Grid name: Name must be unique.
Parameter name: name
2026-03-23 19:36:56 [WARN] Grid name: Name must be unique.
Parameter name: name
2026-03-23 19:36:56 [WARN] Grid name: Name must be unique.
Parameter name: name
2026-03-23 19:36:56 [WARN] Grid name: Name must be unique.
Parameter name: name
2026-03-23 19:36:56 [WARN] Grid name: Name must be unique.
Parameter name: name
2026-03-23 19:36:56 [WARN] Grid name: Name must be unique.
Parameter name: name
2026-03-23 19:36:56 [WARN] Grid name: Name must be unique.
Parameter name: name
2026-03-23 19:36:56 [WARN] Grid name: Name must be unique.
Parameter name: name
2026-03-23 19:36:56 [WARN] Grid name: Name must be unique.
Parameter name: name
2026-03-23 19:36:56 [WARN] Grid name: Name must be unique.
Parameter name: name
2026-03-23 19:36:56 [WARN] Grid name: Name must be unique.
Parameter name: name
2026-03-23 19:36:56 [WARN] Grid name: Name must be unique.
Parameter name: name
2026-03-23 19:37:05 [INFO] StructuralCADPipeline v2: Created 843 columns, 478 beams from DWG in 120.2s
2026-03-23 19:37:42 [INFO] RunCommand<StrCADToStructuralCommand>: done
2026-03-23 19:38:11 [INFO] ViewActivated: document switch detected — caches invalidated
2026-03-23 19:40:08 [INFO] ThemeManager: applied 'Warm' theme
2026-03-23 19:40:09 [INFO] ThemeManager: applied 'Cool' theme
2026-03-23 19:40:14 [INFO] RunCommand<StrCheckPrerequisitesCommand>: start
2026-03-23 19:40:14 [INFO] StructuralTypeFactory: Built catalog of 118 types in 56ms
2026-03-23 19:40:37 [INFO] RunCommand<StrCheckPrerequisitesCommand>: done
2026-03-23 21:35:32 [INFO] DocumentClosing: cleared parameter, compliance, formula, selection, and deferred caches
2026-03-23 21:35:34 [INFO] DocumentClosing: cleared parameter, compliance, formula, selection, and deferred caches
2026-03-23 21:35:39 [INFO] STING Tools shutting down
2026-03-23 21:35:39 [INFO] StingAutoTagger: unregistered
2026-03-23 21:38:22 [INFO] Data validation passed: all 9 critical files found in C:\Dev\STINGTOOLS\CompiledPlugin\data
2026-03-23 21:38:22 [WARN] PYREVIT_SCRIPT_MANIFEST: 18 script path(s) not found on disk.
2026-03-23 21:38:22 [INFO] STING Tools v1.0.0.0 loaded from C:\Dev\STINGTOOLS\CompiledPlugin\StingTools.dll
2026-03-23 21:38:22 [INFO] Assembly: WindowsBase v8.0.0.0
2026-03-23 21:38:22 [INFO] Assembly: System.IO.Packaging v8.0.0.0
2026-03-23 21:38:22 [INFO] Assembly: RevitAPI v25.4.30.0
2026-03-23 21:38:22 [INFO] Assembly: Newtonsoft.Json v13.0.0.0
2026-03-23 21:38:22 [INFO] Assembly: RevitAPIUI v25.4.30.0
2026-03-23 21:38:22 [INFO] Assembly pre-flight: no version conflicts detected.
2026-03-23 21:38:22 [INFO] ThemeManager: applied 'Light' theme
2026-03-23 21:38:22 [INFO] DeferNonActiveTabContent: deferred 8 tabs, active tab=0
2026-03-23 21:38:22 [INFO] Dockable panel registered successfully
2026-03-23 21:38:22 [INFO] StingAutoTagger: registered (disabled by default, no triggers)
2026-03-23 21:38:22 [INFO] ParamRegistry.EnsureLoaded: first-time load starting
2026-03-23 21:38:22 [INFO] ParamRegistry.LoadFromFile: starting
2026-03-23 21:38:22 [INFO] ParamRegistry.LoadFromFile: found at C:\Dev\STINGTOOLS\CompiledPlugin\data\PARAMETER_REGISTRY.json
2026-03-23 21:38:22 [INFO] ParamRegistry.LoadFromFile: reading file
2026-03-23 21:38:22 [INFO] ParamRegistry.LoadFromFile: read 219063 chars, parsing JSON
2026-03-23 21:38:22 [INFO] ParamRegistry.LoadFromFile: JSON parsed OK
2026-03-23 21:38:22 [INFO] ParamRegistry.LoadFromFile: tag_format loaded
2026-03-23 21:38:22 [INFO] ParamRegistry.LoadFromFile: 8 source tokens loaded
2026-03-23 21:38:22 [INFO] ParamRegistry.LoadFromFile: support params loaded
2026-03-23 21:38:22 [INFO] ParamRegistry.LoadFromFile: 7 token presets loaded
2026-03-23 21:38:22 [INFO] ParamRegistry.LoadFromFile: 23 container groups loaded
2026-03-23 21:38:22 [INFO] ParamRegistry.LoadFromFile: 141 category enum mappings loaded
2026-03-23 21:38:22 [INFO] ParamRegistry.LoadFromFile: 141 universal categories loaded
2026-03-23 21:38:22 [INFO] ParamRegistry.LoadFromFile: 323 extended params loaded
2026-03-23 21:38:22 [INFO] ParamRegistry.LoadFromFile: 8 required params loaded
2026-03-23 21:38:22 [INFO] ParamRegistry.LoadFromFile: 99 warning thresholds loaded
2026-03-23 21:38:22 [INFO] ParamRegistry.LoadFromFile: building GUID maps
2026-03-23 21:38:22 [INFO] ParamRegistry.LoadFromFile: 508 GUIDs mapped
2026-03-23 21:38:22 [INFO] ParamRegistry.LoadFromFile: building universal params list
2026-03-23 21:38:22 [INFO] ParamRegistry.LoadFromFile: 240 universal params
2026-03-23 21:38:22 [INFO] ParamRegistry.LoadFromFile: building discipline category names
2026-03-23 21:38:22 [INFO] ParamRegistry: supplemented 1808 GUIDs from MR_PARAMETERS.txt
2026-03-23 21:38:22 [INFO] ParamRegistry loaded: 8 tokens, 23 groups, 59 containers, 2316 GUIDs
2026-03-23 21:38:22 [INFO] ParamRegistry.EnsureLoaded: LoadFromFile completed successfully
2026-03-23 21:38:22 [INFO] ParamRegistry pre-loaded at startup successfully
2026-03-23 21:38:22 [INFO] TagConfig: loaded 209 warning refs across categories, 126 paragraph containers from LABEL_DEFINITIONS.json
2026-03-23 21:38:22 [INFO] TagConfig: supplemented 311 additional warning refs from tag config CSVs
2026-03-23 21:38:22 [INFO] STING Tools dockable panel loaded successfully
2026-03-23 21:39:10 [INFO] ViewActivated: document switch detected — caches invalidated
2026-03-23 21:39:11 [WARN] TagConfig: unknown config key(s) in project_config.json: PROJECT_FOLDER_ROOT, LAST_WORKFLOW_NAME — check for typos
2026-03-23 21:39:11 [INFO] Tag format override applied: sep='-', pad=4, segments=8
2026-03-23 21:39:11 [INFO] TagConfig: loaded 209 warning refs across categories, 126 paragraph containers from LABEL_DEFINITIONS.json
2026-03-23 21:39:11 [INFO] TagConfig: supplemented 287 additional warning refs from tag config CSVs
2026-03-23 21:39:11 [INFO] DocumentOpened: cleared formula, param, auto-tagger, compliance caches; reloaded TagConfig
2026-03-23 21:39:11 [WARN] Formula 'CST_S_CON_SAND_VOLUME_CU_M': invalid Dependency_Level '36863979-00ed-54f3-af15-db3364b8316d', defaulting to 0
2026-03-23 21:39:11 [INFO] SharedParamGuids.AllCategoryEnums: resolving (first access)
2026-03-23 21:39:11 [WARN] Formula 'CST_S_MAS_SAND_VOLUME_CU_M': invalid Dependency_Level '02663996-87e7-56b1-8abf-2e9bc32d777b', defaulting to 0
2026-03-23 21:39:11 [INFO] ResolveUniversalCategoryEnums: resolving 141 categories
2026-03-23 21:39:11 [WARN] Formula 'S2=standard': invalid Dependency_Level 'ELC_PNL_PHS_COUNT_NR', defaulting to 0
2026-03-23 21:39:11 [WARN] Formula 'S2=standard': suspect Discipline value '(DB Panels). S1=compact' — check CSV quoting
2026-03-23 21:39:11 [INFO] ResolveUniversalCategoryEnums: resolved to 129 BuiltInCategory enums
2026-03-23 21:39:11 [WARN] Formula 'S2=standard': invalid Dependency_Level 'ELC_PNL_DESIGNATION_NAME_TXT', defaulting to 0
2026-03-23 21:39:11 [WARN] Formula 'S2=standard': suspect Discipline value '(Points & Sockets). S1=compact' — check CSV quoting
2026-03-23 21:39:11 [INFO] SharedParamGuids.AllCategoryEnums: 129 categories resolved
2026-03-23 21:39:11 [WARN] Formula 'S2=standard': invalid Dependency_Level 'COM_C_NETWORK_ADDRESS_TXT', defaulting to 0
2026-03-23 21:39:11 [WARN] Formula 'S2=standard': suspect Discipline value '(BMS). S1=compact' — check CSV quoting
2026-03-23 21:39:11 [WARN] Formula 'S2=standard': invalid Dependency_Level 'ASS_SYSTEM_TYPE_TXT', defaulting to 0
2026-03-23 21:39:11 [WARN] Formula 'S2=standard': suspect Discipline value '(Lifts/Gen/ATS). S1=compact' — check CSV quoting
2026-03-23 21:39:11 [WARN] TagPipelineHelper.LoadFormulas: An item with the same key has already been added. Key: S2=standard
2026-03-23 21:39:11 [INFO] FUT-19: Background pre-warming completed (formulas, grids, compliance)
2026-03-23 21:39:55 [INFO] ViewActivated: document switch detected — caches invalidated
2026-03-23 21:39:58 [WARN] TagConfig: unknown config key(s) in project_config.json: PROJECT_FOLDER_ROOT, LAST_WORKFLOW_NAME — check for typos
2026-03-23 21:39:58 [INFO] Tag format override applied: sep='-', pad=4, segments=8
2026-03-23 21:39:58 [INFO] TagConfig: loaded 209 warning refs across categories, 126 paragraph containers from LABEL_DEFINITIONS.json
2026-03-23 21:39:58 [INFO] TagConfig: supplemented 287 additional warning refs from tag config CSVs
2026-03-23 21:39:58 [INFO] DocumentOpened: cleared formula, param, auto-tagger, compliance caches; reloaded TagConfig
2026-03-23 21:39:58 [WARN] Formula 'CST_S_CON_SAND_VOLUME_CU_M': invalid Dependency_Level '36863979-00ed-54f3-af15-db3364b8316d', defaulting to 0
2026-03-23 21:39:58 [WARN] Formula 'CST_S_MAS_SAND_VOLUME_CU_M': invalid Dependency_Level '02663996-87e7-56b1-8abf-2e9bc32d777b', defaulting to 0
2026-03-23 21:39:58 [WARN] Formula 'S2=standard': invalid Dependency_Level 'ELC_PNL_PHS_COUNT_NR', defaulting to 0
2026-03-23 21:39:58 [WARN] Formula 'S2=standard': suspect Discipline value '(DB Panels). S1=compact' — check CSV quoting
2026-03-23 21:39:58 [WARN] Formula 'S2=standard': invalid Dependency_Level 'ELC_PNL_DESIGNATION_NAME_TXT', defaulting to 0
2026-03-23 21:39:58 [WARN] Formula 'S2=standard': suspect Discipline value '(Points & Sockets). S1=compact' — check CSV quoting
2026-03-23 21:39:58 [WARN] Formula 'S2=standard': invalid Dependency_Level 'COM_C_NETWORK_ADDRESS_TXT', defaulting to 0
2026-03-23 21:39:58 [WARN] Formula 'S2=standard': suspect Discipline value '(BMS). S1=compact' — check CSV quoting
2026-03-23 21:39:58 [WARN] Formula 'S2=standard': invalid Dependency_Level 'ASS_SYSTEM_TYPE_TXT', defaulting to 0
2026-03-23 21:39:58 [WARN] Formula 'S2=standard': suspect Discipline value '(Lifts/Gen/ATS). S1=compact' — check CSV quoting
2026-03-23 21:39:58 [WARN] TagPipelineHelper.LoadFormulas: An item with the same key has already been added. Key: S2=standard
2026-03-23 21:39:58 [INFO] FUT-19: Background pre-warming completed (formulas, grids, compliance)
2026-03-23 21:41:15 [INFO] Tab 7 content loaded (lazy)
2026-03-23 21:41:19 [INFO] BIMCoordCenter built: health=100, warnings=0, compliance=0.0%
2026-03-23 21:41:49 [INFO] Tab 6 content loaded (lazy)
2026-03-23 21:42:15 [INFO] ViewActivated: document switch detected — caches invalidated
2026-03-23 21:42:21 [INFO] RunCommand<StrCreatePadFootingCommand>: start
2026-03-23 21:43:26 [INFO] RunCommand<StrCreatePadFootingCommand>: done
2026-03-23 21:43:54 [INFO] RunCommand<StructuralDWGWizardCommand>: start
2026-03-23 22:31:42 [INFO] RunCommand<StructuralDWGWizardCommand>: done
2026-03-23 22:32:02 [INFO] RunCommand<QuickStructuralDWGCommand>: start
2026-03-23 22:32:09 [INFO] RunCommand<QuickStructuralDWGCommand>: done
2026-03-23 22:32:11 [INFO] RunCommand<StrCADWizardCommand>: start
2026-03-23 22:32:11 [INFO] StructuralTypeFactory: Built catalog of 117 types in 83ms
2026-03-23 22:34:25 [INFO] StructuralCADPipeline v2: Starting full pipeline
2026-03-23 22:34:25 [INFO] StructuralTypeFactory: Built catalog of 118 types in 64ms
2026-03-23 22:34:25 [INFO]   Type catalog: 118 types
2026-03-23 22:34:25 [INFO]   Extraction: Extracted: 6 round + 151 rect columns, 478 beams, 237 walls, 2 slabs, 10 grids, 916 free beam ends from 1268 entities
2026-03-23 22:36:43 [WARN] Grid name: Name must be unique.
Parameter name: name
2026-03-23 22:36:43 [WARN] Grid name: Name must be unique.
Parameter name: name
2026-03-23 22:36:43 [WARN] Grid name: Name must be unique.
Parameter name: name
2026-03-23 22:36:43 [WARN] Grid name: Name must be unique.
Parameter name: name
2026-03-23 22:36:43 [WARN] Grid name: Name must be unique.
Parameter name: name
2026-03-23 22:36:43 [WARN] Grid name: Name must be unique.
Parameter name: name
2026-03-23 22:36:43 [WARN] Grid name: Name must be unique.
Parameter name: name
2026-03-23 22:36:43 [WARN] Grid name: Name must be unique.
Parameter name: name
2026-03-23 22:36:43 [WARN] Grid name: Name must be unique.
Parameter name: name
2026-03-23 22:36:43 [WARN] Grid name: Name must be unique.
Parameter name: name
2026-03-23 22:36:43 [INFO] StructuralCADPipeline v2: Created 157 columns, 478 beams, 229 walls from DWG in 145.6s
2026-03-23 22:38:09 [INFO] RunCommand<StrCADWizardCommand>: done
2026-03-23 22:39:39 [INFO] Tab 8 content loaded (lazy)
2026-03-23 22:39:47 [INFO] ViewActivated: document switch detected — caches invalidated
2026-03-23 22:50:34 [INFO] RunCommand<StrBrowseTypeCatalogCommand>: start
2026-03-23 22:50:34 [INFO] StructuralTypeFactory: Built catalog of 118 types in 31ms
2026-03-23 22:50:39 [INFO] RunCommand<StrBrowseTypeCatalogCommand>: done
2026-03-23 22:52:01 [INFO] RunCommand<StrConnectionDesignCommand>: start
2026-03-23 22:52:06 [INFO] RunCommand<StrConnectionDesignCommand>: done
2026-03-23 22:52:33 [INFO] RunCommand<StrCreatePadFootingCommand>: start
2026-03-23 22:52:54 [INFO] BuildRoomIndex: no placed rooms found — LOC detection will use project-level defaults
2026-03-23 22:52:54 [INFO] Tag index built: 0 existing tags, 0 SEQ groups
2026-03-23 22:52:54 [WARN] Formula 'CST_S_CON_SAND_VOLUME_CU_M': invalid Dependency_Level '36863979-00ed-54f3-af15-db3364b8316d', defaulting to 0
2026-03-23 22:52:54 [WARN] Formula 'CST_S_MAS_SAND_VOLUME_CU_M': invalid Dependency_Level '02663996-87e7-56b1-8abf-2e9bc32d777b', defaulting to 0
2026-03-23 22:52:54 [WARN] Formula 'S2=standard': invalid Dependency_Level 'ELC_PNL_PHS_COUNT_NR', defaulting to 0
2026-03-23 22:52:54 [WARN] Formula 'S2=standard': suspect Discipline value '(DB Panels). S1=compact' — check CSV quoting
2026-03-23 22:52:54 [WARN] Formula 'S2=standard': invalid Dependency_Level 'ELC_PNL_DESIGNATION_NAME_TXT', defaulting to 0
2026-03-23 22:52:54 [WARN] Formula 'S2=standard': suspect Discipline value '(Points & Sockets). S1=compact' — check CSV quoting
2026-03-23 22:52:54 [WARN] Formula 'S2=standard': invalid Dependency_Level 'COM_C_NETWORK_ADDRESS_TXT', defaulting to 0
2026-03-23 22:52:54 [WARN] Formula 'S2=standard': suspect Discipline value '(BMS). S1=compact' — check CSV quoting
2026-03-23 22:52:54 [WARN] Formula 'S2=standard': invalid Dependency_Level 'ASS_SYSTEM_TYPE_TXT', defaulting to 0
2026-03-23 22:52:54 [WARN] Formula 'S2=standard': suspect Discipline value '(Lifts/Gen/ATS). S1=compact' — check CSV quoting
2026-03-23 22:52:54 [WARN] AutoTagCreatedElements: An item with the same key has already been added. Key: S2=standard
2026-03-23 22:53:04 [INFO] RunCommand<StrCreatePadFootingCommand>: done
2026-03-23 22:53:34 [INFO] RunCommand<StrCADToStructuralCommand>: start
2026-03-23 22:53:34 [INFO] StructuralCADPipeline v2: Starting full pipeline
2026-03-23 22:53:34 [INFO] StructuralTypeFactory: Built catalog of 118 types in 29ms
2026-03-23 22:53:34 [INFO]   Type catalog: 118 types
2026-03-23 22:53:34 [INFO]   Extraction: Extracted: 692 round + 151 rect columns, 478 beams, 0 walls, 0 slabs, 82 grids, 916 free beam ends from 8572 entities
2026-03-23 22:56:19 [WARN] Grid name: Name must be unique.
Parameter name: name
2026-03-23 22:56:19 [WARN] Grid name: Name must be unique.
Parameter name: name
2026-03-23 22:56:19 [WARN] Grid name: Name must be unique.
Parameter name: name
2026-03-23 22:56:19 [WARN] Grid name: Name must be unique.
Parameter name: name
2026-03-23 22:56:19 [WARN] Grid name: Name must be unique.
Parameter name: name
2026-03-23 22:56:19 [WARN] Grid name: Name must be unique.
Parameter name: name
2026-03-23 22:56:19 [WARN] Grid name: Name must be unique.
Parameter name: name
2026-03-23 22:56:19 [WARN] Grid name: Name must be unique.
Parameter name: name
2026-03-23 22:56:19 [WARN] Grid name: Name must be unique.
Parameter name: name
2026-03-23 22:56:19 [WARN] Grid name: Name must be unique.
Parameter name: name
2026-03-23 22:56:19 [WARN] Grid name: Name must be unique.
Parameter name: name
2026-03-23 22:56:19 [WARN] Grid name: Name must be unique.
Parameter name: name
2026-03-23 22:56:19 [WARN] Grid name: Name must be unique.
Parameter name: name
2026-03-23 22:56:19 [WARN] Grid name: Name must be unique.
Parameter name: name
2026-03-23 22:56:19 [WARN] Grid name: Name must be unique.
Parameter name: name
2026-03-23 22:56:19 [WARN] Grid name: Name must be unique.
Parameter name: name
2026-03-23 22:56:19 [WARN] Grid name: Name must be unique.
Parameter name: name
2026-03-23 22:56:19 [WARN] Grid name: Name must be unique.
Parameter name: name
2026-03-23 22:56:19 [WARN] Grid name: Name must be unique.
Parameter name: name
2026-03-23 22:56:19 [WARN] Grid name: Name must be unique.
Parameter name: name
2026-03-23 22:56:19 [WARN] Grid name: Name must be unique.
Parameter name: name
2026-03-23 22:56:19 [WARN] Grid name: Name must be unique.
Parameter name: name
2026-03-23 22:56:19 [WARN] Grid name: Name must be unique.
Parameter name: name
2026-03-23 22:56:19 [WARN] Grid name: Name must be unique.
Parameter name: name
2026-03-23 22:56:19 [WARN] Grid name: Name must be unique.
Parameter name: name
2026-03-23 22:56:19 [WARN] Grid name: Name must be unique.
Parameter name: name
2026-03-23 22:56:19 [WARN] Grid name: Name must be unique.
Parameter name: name
2026-03-23 22:56:19 [WARN] Grid name: Name must be unique.
Parameter name: name
2026-03-23 22:56:19 [WARN] Grid name: Name must be unique.
Parameter name: name
2026-03-23 22:56:19 [WARN] Grid name: Name must be unique.
Parameter name: name
2026-03-23 22:56:19 [WARN] Grid name: Name must be unique.
Parameter name: name
2026-03-23 22:56:19 [WARN] Grid name: Name must be unique.
Parameter name: name
2026-03-23 22:56:19 [WARN] Grid name: Name must be unique.
Parameter name: name
2026-03-23 22:56:19 [WARN] Grid name: Name must be unique.
Parameter name: name
2026-03-23 22:56:19 [WARN] Grid name: Name must be unique.
Parameter name: name
2026-03-23 22:56:19 [WARN] Grid name: Name must be unique.
Parameter name: name
2026-03-23 22:56:19 [WARN] Grid name: Name must be unique.
Parameter name: name
2026-03-23 22:56:19 [WARN] Grid name: Name must be unique.
Parameter name: name
2026-03-23 22:56:19 [WARN] Grid name: Name must be unique.
Parameter name: name
2026-03-23 22:56:19 [WARN] Grid name: Name must be unique.
Parameter name: name
2026-03-23 22:56:19 [WARN] Grid name: Name must be unique.
Parameter name: name
2026-03-23 22:56:19 [WARN] Grid name: Name must be unique.
Parameter name: name
2026-03-23 22:56:19 [WARN] Grid name: Name must be unique.
Parameter name: name
2026-03-23 22:56:19 [WARN] Grid name: Name must be unique.
Parameter name: name
2026-03-23 22:56:19 [WARN] Grid name: Name must be unique.
Parameter name: name
2026-03-23 22:56:19 [WARN] Grid name: Name must be unique.
Parameter name: name
2026-03-23 22:56:19 [WARN] Grid name: Name must be unique.
Parameter name: name
2026-03-23 22:56:19 [WARN] Grid name: Name must be unique.
Parameter name: name
2026-03-23 22:56:19 [WARN] Grid name: Name must be unique.
Parameter name: name
2026-03-23 22:56:19 [WARN] Grid name: Name must be unique.
Parameter name: name
2026-03-23 22:56:19 [WARN] Grid name: Name must be unique.
Parameter name: name
2026-03-23 22:56:19 [WARN] Grid name: Name must be unique.
Parameter name: name
2026-03-23 22:56:19 [WARN] Grid name: Name must be unique.
Parameter name: name
2026-03-23 22:56:19 [WARN] Grid name: Name must be unique.
Parameter name: name
2026-03-23 22:56:19 [WARN] Grid name: Name must be unique.
Parameter name: name
2026-03-23 22:56:19 [WARN] Grid name: Name must be unique.
Parameter name: name
2026-03-23 22:56:19 [WARN] Grid name: Name must be unique.
Parameter name: name
2026-03-23 22:56:19 [WARN] Grid name: Name must be unique.
Parameter name: name
2026-03-23 22:56:28 [INFO] StructuralCADPipeline v2: Created 843 columns, 478 beams from DWG in 174.3s
2026-03-23 23:01:44 [INFO] RunCommand<StrCADToStructuralCommand>: done
2026-03-23 23:05:28 [INFO] DocumentClosing: cleared parameter, compliance, formula, selection, and deferred caches
2026-03-23 23:05:29 [INFO] DocumentClosing: cleared parameter, compliance, formula, selection, and deferred caches
2026-03-23 23:05:33 [INFO] STING Tools shutting down
2026-03-23 23:05:33 [INFO] StingAutoTagger: unregistered
