2026-03-24 00:06:12 [INFO] Data validation passed: all 9 critical files found in C:\Dev\STINGTOOLS\CompiledPlugin\data
2026-03-24 00:06:12 [WARN] PYREVIT_SCRIPT_MANIFEST: 18 script path(s) not found on disk.
2026-03-24 00:06:12 [INFO] STING Tools v1.0.0.0 loaded from C:\Dev\STINGTOOLS\CompiledPlugin\StingTools.dll
2026-03-24 00:06:12 [INFO] Assembly: WindowsBase v8.0.0.0
2026-03-24 00:06:12 [INFO] Assembly: System.IO.Packaging v8.0.0.0
2026-03-24 00:06:12 [INFO] Assembly: RevitAPI v25.4.30.0
2026-03-24 00:06:12 [INFO] Assembly: Newtonsoft.Json v13.0.0.0
2026-03-24 00:06:12 [INFO] Assembly: RevitAPIUI v25.4.30.0
2026-03-24 00:06:12 [INFO] Assembly pre-flight: no version conflicts detected.
2026-03-24 00:06:13 [INFO] ThemeManager: applied 'Light' theme
2026-03-24 00:06:13 [INFO] DeferNonActiveTabContent: deferred 8 tabs, active tab=0
2026-03-24 00:06:13 [INFO] Dockable panel registered successfully
2026-03-24 00:06:13 [INFO] StingAutoTagger: registered (disabled by default, no triggers)
2026-03-24 00:06:13 [INFO] ParamRegistry.EnsureLoaded: first-time load starting
2026-03-24 00:06:13 [INFO] ParamRegistry.LoadFromFile: starting
2026-03-24 00:06:13 [INFO] ParamRegistry.LoadFromFile: found at C:\Dev\STINGTOOLS\CompiledPlugin\data\PARAMETER_REGISTRY.json
2026-03-24 00:06:13 [INFO] ParamRegistry.LoadFromFile: reading file
2026-03-24 00:06:13 [INFO] ParamRegistry.LoadFromFile: read 219063 chars, parsing JSON
2026-03-24 00:06:13 [INFO] ParamRegistry.LoadFromFile: JSON parsed OK
2026-03-24 00:06:13 [INFO] ParamRegistry.LoadFromFile: tag_format loaded
2026-03-24 00:06:13 [INFO] ParamRegistry.LoadFromFile: 8 source tokens loaded
2026-03-24 00:06:13 [INFO] ParamRegistry.LoadFromFile: support params loaded
2026-03-24 00:06:13 [INFO] ParamRegistry.LoadFromFile: 7 token presets loaded
2026-03-24 00:06:13 [INFO] ParamRegistry.LoadFromFile: 23 container groups loaded
2026-03-24 00:06:13 [INFO] ParamRegistry.LoadFromFile: 141 category enum mappings loaded
2026-03-24 00:06:13 [INFO] ParamRegistry.LoadFromFile: 141 universal categories loaded
2026-03-24 00:06:13 [INFO] ParamRegistry.LoadFromFile: 323 extended params loaded
2026-03-24 00:06:13 [INFO] ParamRegistry.LoadFromFile: 8 required params loaded
2026-03-24 00:06:13 [INFO] ParamRegistry.LoadFromFile: 99 warning thresholds loaded
2026-03-24 00:06:13 [INFO] ParamRegistry.LoadFromFile: building GUID maps
2026-03-24 00:06:13 [INFO] ParamRegistry.LoadFromFile: 508 GUIDs mapped
2026-03-24 00:06:13 [INFO] ParamRegistry.LoadFromFile: building universal params list
2026-03-24 00:06:13 [INFO] ParamRegistry.LoadFromFile: 240 universal params
2026-03-24 00:06:13 [INFO] ParamRegistry.LoadFromFile: building discipline category names
2026-03-24 00:06:13 [INFO] ParamRegistry: supplemented 1808 GUIDs from MR_PARAMETERS.txt
2026-03-24 00:06:13 [INFO] ParamRegistry loaded: 8 tokens, 23 groups, 59 containers, 2316 GUIDs
2026-03-24 00:06:13 [INFO] ParamRegistry.EnsureLoaded: LoadFromFile completed successfully
2026-03-24 00:06:13 [INFO] ParamRegistry pre-loaded at startup successfully
2026-03-24 00:06:14 [INFO] TagConfig: loaded 209 warning refs across categories, 126 paragraph containers from LABEL_DEFINITIONS.json
2026-03-24 00:06:14 [INFO] TagConfig: supplemented 311 additional warning refs from tag config CSVs
2026-03-24 00:06:14 [INFO] STING Tools dockable panel loaded successfully
2026-03-24 00:07:02 [INFO] ViewActivated: document switch detected — caches invalidated
2026-03-24 00:07:05 [WARN] TagConfig: unknown config key(s) in project_config.json: PROJECT_FOLDER_ROOT, LAST_WORKFLOW_NAME — check for typos
2026-03-24 00:07:05 [INFO] Tag format override applied: sep='-', pad=4, segments=8
2026-03-24 00:07:05 [INFO] TagConfig: loaded 209 warning refs across categories, 126 paragraph containers from LABEL_DEFINITIONS.json
2026-03-24 00:07:05 [INFO] TagConfig: supplemented 287 additional warning refs from tag config CSVs
2026-03-24 00:07:05 [INFO] DocumentOpened: cleared formula, param, auto-tagger, compliance caches; reloaded TagConfig
2026-03-24 00:07:05 [INFO] SharedParamGuids.AllCategoryEnums: resolving (first access)
2026-03-24 00:07:05 [WARN] Formula 'CST_S_CON_SAND_VOLUME_CU_M': invalid Dependency_Level '36863979-00ed-54f3-af15-db3364b8316d', defaulting to 0
2026-03-24 00:07:05 [WARN] Formula 'CST_S_MAS_SAND_VOLUME_CU_M': invalid Dependency_Level '02663996-87e7-56b1-8abf-2e9bc32d777b', defaulting to 0
2026-03-24 00:07:05 [WARN] Formula 'S2=standard': invalid Dependency_Level 'ELC_PNL_PHS_COUNT_NR', defaulting to 0
2026-03-24 00:07:05 [WARN] Formula 'S2=standard': suspect Discipline value '(DB Panels). S1=compact' — check CSV quoting
2026-03-24 00:07:05 [WARN] Formula 'S2=standard': invalid Dependency_Level 'ELC_PNL_DESIGNATION_NAME_TXT', defaulting to 0
2026-03-24 00:07:05 [WARN] Formula 'S2=standard': suspect Discipline value '(Points & Sockets). S1=compact' — check CSV quoting
2026-03-24 00:07:05 [INFO] ResolveUniversalCategoryEnums: resolving 141 categories
2026-03-24 00:07:06 [INFO] ResolveUniversalCategoryEnums: resolved to 129 BuiltInCategory enums
2026-03-24 00:07:06 [INFO] SharedParamGuids.AllCategoryEnums: 129 categories resolved
2026-03-24 00:07:05 [WARN] Formula 'S2=standard': invalid Dependency_Level 'COM_C_NETWORK_ADDRESS_TXT', defaulting to 0
2026-03-24 00:07:06 [WARN] Formula 'S2=standard': suspect Discipline value '(BMS). S1=compact' — check CSV quoting
2026-03-24 00:07:06 [WARN] Formula 'S2=standard': invalid Dependency_Level 'ASS_SYSTEM_TYPE_TXT', defaulting to 0
2026-03-24 00:07:06 [WARN] Formula 'S2=standard': suspect Discipline value '(Lifts/Gen/ATS). S1=compact' — check CSV quoting
2026-03-24 00:07:06 [WARN] TagPipelineHelper.LoadFormulas: An item with the same key has already been added. Key: S2=standard
2026-03-24 00:07:06 [INFO] FUT-19: Background pre-warming completed (formulas, grids, compliance)
2026-03-24 00:07:11 [INFO] Morning briefing: user requested MorningHealthCheck workflow
2026-03-24 00:07:31 [INFO] Tab 6 content loaded (lazy)
2026-03-24 00:07:33 [INFO] Tab 7 content loaded (lazy)
2026-03-24 00:07:35 [INFO] BIMCoordCenter built: health=100, warnings=0, compliance=0.0%
2026-03-24 00:15:58 [INFO] BIMCoordCenter built: health=100, warnings=0, compliance=0.0%
2026-03-24 00:18:45 [INFO] ViewActivated: document switch detected — caches invalidated
2026-03-24 00:32:33 [INFO] RunCommand<WarningsDashboardCommand>: start
2026-03-24 00:32:43 [INFO] WarningsDashboard: 0 total, 0 fixable, health=100
2026-03-24 00:32:43 [INFO] RunCommand<WarningsDashboardCommand>: done
2026-03-24 00:38:17 [INFO] RunCommand<CoordinationCenterCommand>: start
2026-03-24 00:38:17 [ERROR] CoordinationCenter: Object reference not set to an instance of an object.
2026-03-24 00:38:17 [INFO] RunCommand<CoordinationCenterCommand>: done
2026-03-24 01:55:20 [INFO] DocumentClosing: cleared parameter, compliance, formula, selection, and deferred caches
2026-03-24 01:55:27 [INFO] STING Tools shutting down
2026-03-24 01:55:27 [INFO] StingAutoTagger: unregistered
2026-03-24 01:59:20 [INFO] Data validation passed: all 9 critical files found in C:\Dev\STINGTOOLS\CompiledPlugin\data
2026-03-24 01:59:20 [WARN] PYREVIT_SCRIPT_MANIFEST: 18 script path(s) not found on disk.
2026-03-24 01:59:20 [INFO] STING Tools v1.0.0.0 loaded from C:\Dev\STINGTOOLS\CompiledPlugin\StingTools.dll
2026-03-24 01:59:20 [INFO] Assembly: WindowsBase v8.0.0.0
2026-03-24 01:59:20 [INFO] Assembly: System.IO.Packaging v8.0.0.0
2026-03-24 01:59:20 [INFO] Assembly: RevitAPI v25.4.30.0
2026-03-24 01:59:20 [INFO] Assembly: Newtonsoft.Json v13.0.0.0
2026-03-24 01:59:20 [INFO] Assembly: RevitAPIUI v25.4.30.0
2026-03-24 01:59:20 [INFO] Assembly pre-flight: no version conflicts detected.
2026-03-24 01:59:20 [INFO] ThemeManager: applied 'Light' theme
2026-03-24 01:59:20 [INFO] DeferNonActiveTabContent: deferred 8 tabs, active tab=0
2026-03-24 01:59:20 [INFO] Dockable panel registered successfully
2026-03-24 01:59:20 [INFO] StingAutoTagger: registered (disabled by default, no triggers)
2026-03-24 01:59:20 [INFO] ParamRegistry.EnsureLoaded: first-time load starting
2026-03-24 01:59:20 [INFO] ParamRegistry.LoadFromFile: starting
2026-03-24 01:59:20 [INFO] ParamRegistry.LoadFromFile: found at C:\Dev\STINGTOOLS\CompiledPlugin\data\PARAMETER_REGISTRY.json
2026-03-24 01:59:20 [INFO] ParamRegistry.LoadFromFile: reading file
2026-03-24 01:59:20 [INFO] ParamRegistry.LoadFromFile: read 219063 chars, parsing JSON
2026-03-24 01:59:20 [INFO] ParamRegistry.LoadFromFile: JSON parsed OK
2026-03-24 01:59:20 [INFO] ParamRegistry.LoadFromFile: tag_format loaded
2026-03-24 01:59:20 [INFO] ParamRegistry.LoadFromFile: 8 source tokens loaded
2026-03-24 01:59:20 [INFO] ParamRegistry.LoadFromFile: support params loaded
2026-03-24 01:59:20 [INFO] ParamRegistry.LoadFromFile: 7 token presets loaded
2026-03-24 01:59:20 [INFO] ParamRegistry.LoadFromFile: 23 container groups loaded
2026-03-24 01:59:20 [INFO] ParamRegistry.LoadFromFile: 141 category enum mappings loaded
2026-03-24 01:59:21 [INFO] ParamRegistry.LoadFromFile: 141 universal categories loaded
2026-03-24 01:59:21 [INFO] ParamRegistry.LoadFromFile: 323 extended params loaded
2026-03-24 01:59:21 [INFO] ParamRegistry.LoadFromFile: 8 required params loaded
2026-03-24 01:59:21 [INFO] ParamRegistry.LoadFromFile: 99 warning thresholds loaded
2026-03-24 01:59:21 [INFO] ParamRegistry.LoadFromFile: building GUID maps
2026-03-24 01:59:21 [INFO] ParamRegistry.LoadFromFile: 508 GUIDs mapped
2026-03-24 01:59:21 [INFO] ParamRegistry.LoadFromFile: building universal params list
2026-03-24 01:59:21 [INFO] ParamRegistry.LoadFromFile: 240 universal params
2026-03-24 01:59:21 [INFO] ParamRegistry.LoadFromFile: building discipline category names
2026-03-24 01:59:21 [INFO] ParamRegistry: supplemented 1808 GUIDs from MR_PARAMETERS.txt
2026-03-24 01:59:21 [INFO] ParamRegistry loaded: 8 tokens, 23 groups, 59 containers, 2316 GUIDs
2026-03-24 01:59:21 [INFO] ParamRegistry.EnsureLoaded: LoadFromFile completed successfully
2026-03-24 01:59:21 [INFO] ParamRegistry pre-loaded at startup successfully
2026-03-24 01:59:21 [INFO] TagConfig: loaded 209 warning refs across categories, 126 paragraph containers from LABEL_DEFINITIONS.json
2026-03-24 01:59:21 [INFO] TagConfig: supplemented 311 additional warning refs from tag config CSVs
2026-03-24 01:59:21 [INFO] STING Tools dockable panel loaded successfully
2026-03-24 01:59:48 [INFO] ViewActivated: document switch detected — caches invalidated
2026-03-24 01:59:51 [WARN] TagConfig: unknown config key(s) in project_config.json: PROJECT_FOLDER_ROOT, LAST_WORKFLOW_NAME — check for typos
2026-03-24 01:59:51 [INFO] Tag format override applied: sep='-', pad=4, segments=8
2026-03-24 01:59:51 [INFO] TagConfig: loaded 209 warning refs across categories, 126 paragraph containers from LABEL_DEFINITIONS.json
2026-03-24 01:59:51 [INFO] TagConfig: supplemented 287 additional warning refs from tag config CSVs
2026-03-24 01:59:51 [INFO] DocumentOpened: cleared formula, param, auto-tagger, compliance caches; reloaded TagConfig
2026-03-24 01:59:51 [INFO] SharedParamGuids.AllCategoryEnums: resolving (first access)
2026-03-24 01:59:51 [INFO] ResolveUniversalCategoryEnums: resolving 141 categories
2026-03-24 01:59:51 [WARN] Formula 'CST_S_CON_SAND_VOLUME_CU_M': invalid Dependency_Level '36863979-00ed-54f3-af15-db3364b8316d', defaulting to 0
2026-03-24 01:59:51 [INFO] ResolveUniversalCategoryEnums: resolved to 129 BuiltInCategory enums
2026-03-24 01:59:51 [INFO] SharedParamGuids.AllCategoryEnums: 129 categories resolved
2026-03-24 01:59:51 [WARN] Formula 'CST_S_MAS_SAND_VOLUME_CU_M': invalid Dependency_Level '02663996-87e7-56b1-8abf-2e9bc32d777b', defaulting to 0
2026-03-24 01:59:51 [WARN] Formula 'S2=standard': invalid Dependency_Level 'ELC_PNL_PHS_COUNT_NR', defaulting to 0
2026-03-24 01:59:51 [WARN] Formula 'S2=standard': suspect Discipline value '(DB Panels). S1=compact' — check CSV quoting
2026-03-24 01:59:51 [WARN] Formula 'S2=standard': invalid Dependency_Level 'ELC_PNL_DESIGNATION_NAME_TXT', defaulting to 0
2026-03-24 01:59:51 [WARN] Formula 'S2=standard': suspect Discipline value '(Points & Sockets). S1=compact' — check CSV quoting
2026-03-24 01:59:51 [WARN] Formula 'S2=standard': invalid Dependency_Level 'COM_C_NETWORK_ADDRESS_TXT', defaulting to 0
2026-03-24 01:59:51 [WARN] Formula 'S2=standard': suspect Discipline value '(BMS). S1=compact' — check CSV quoting
2026-03-24 01:59:51 [WARN] Formula 'S2=standard': invalid Dependency_Level 'ASS_SYSTEM_TYPE_TXT', defaulting to 0
2026-03-24 01:59:51 [WARN] Formula 'S2=standard': suspect Discipline value '(Lifts/Gen/ATS). S1=compact' — check CSV quoting
2026-03-24 01:59:51 [WARN] TagPipelineHelper.LoadFormulas: An item with the same key has already been added. Key: S2=standard
2026-03-24 01:59:51 [INFO] FUT-19: Background pre-warming completed (formulas, grids, compliance)
2026-03-24 02:00:08 [INFO] ViewActivated: document switch detected — caches invalidated
2026-03-24 02:00:16 [INFO] ViewActivated: document switch detected — caches invalidated
2026-03-24 02:00:22 [INFO] Tab 6 content loaded (lazy)
2026-03-24 02:00:41 [INFO] RunCommand<StrCADToStructuralCommand>: start
2026-03-24 02:00:41 [INFO] StructuralCADPipeline v2: Starting full pipeline
2026-03-24 02:00:41 [WARN] StructuralTypeFactory: Family2/Family2 has no extractable dimensions — skipped
2026-03-24 02:00:41 [WARN] StructuralTypeFactory: Rib beam/Rib beam has no extractable dimensions — skipped
2026-03-24 02:00:41 [WARN] StructuralTypeFactory: M_Footing-Rectangular/FT-7 has no extractable dimensions — skipped
2026-03-24 02:00:41 [WARN] StructuralTypeFactory: M_Footing-Rectangular/FT-5 has no extractable dimensions — skipped
2026-03-24 02:00:41 [WARN] StructuralTypeFactory: M_Footing-Rectangular/FT-3 has no extractable dimensions — skipped
2026-03-24 02:00:41 [WARN] StructuralTypeFactory: M_Footing-Rectangular/FT-2 has no extractable dimensions — skipped
2026-03-24 02:00:41 [WARN] StructuralTypeFactory: M_Footing-Rectangular/FT-8 has no extractable dimensions — skipped
2026-03-24 02:00:41 [INFO] StructuralTypeFactory: Built catalog of 110 types in 167ms
2026-03-24 02:00:41 [INFO]   Type catalog: 110 types
2026-03-24 02:00:42 [INFO]   Extraction: Extracted: 692 round + 151 rect columns, 478 beams, 0 walls, 0 slabs, 82 grids, 916 free beam ends from 8572 entities
2026-03-24 02:02:41 [WARN] Grid name: Name must be unique.
Parameter name: name
2026-03-24 02:02:41 [WARN] Grid name: Name must be unique.
Parameter name: name
2026-03-24 02:02:41 [WARN] Grid name: Name must be unique.
Parameter name: name
2026-03-24 02:02:41 [WARN] Grid name: Name must be unique.
Parameter name: name
2026-03-24 02:02:41 [WARN] Grid name: Name must be unique.
Parameter name: name
2026-03-24 02:02:41 [WARN] Grid name: Name must be unique.
Parameter name: name
2026-03-24 02:02:41 [WARN] Grid name: Name must be unique.
Parameter name: name
2026-03-24 02:02:41 [WARN] Grid name: Name must be unique.
Parameter name: name
2026-03-24 02:02:41 [WARN] Grid name: Name must be unique.
Parameter name: name
2026-03-24 02:02:41 [WARN] Grid name: Name must be unique.
Parameter name: name
2026-03-24 02:02:41 [WARN] Grid name: Name must be unique.
Parameter name: name
2026-03-24 02:02:41 [WARN] Grid name: Name must be unique.
Parameter name: name
2026-03-24 02:02:41 [WARN] Grid name: Name must be unique.
Parameter name: name
2026-03-24 02:02:41 [WARN] Grid name: Name must be unique.
Parameter name: name
2026-03-24 02:02:41 [WARN] Grid name: Name must be unique.
Parameter name: name
2026-03-24 02:02:41 [WARN] Grid name: Name must be unique.
Parameter name: name
2026-03-24 02:02:41 [WARN] Grid name: Name must be unique.
Parameter name: name
2026-03-24 02:02:41 [WARN] Grid name: Name must be unique.
Parameter name: name
2026-03-24 02:02:41 [WARN] Grid name: Name must be unique.
Parameter name: name
2026-03-24 02:02:41 [WARN] Grid name: Name must be unique.
Parameter name: name
2026-03-24 02:02:41 [WARN] Grid name: Name must be unique.
Parameter name: name
2026-03-24 02:02:41 [WARN] Grid name: Name must be unique.
Parameter name: name
2026-03-24 02:02:41 [WARN] Grid name: Name must be unique.
Parameter name: name
2026-03-24 02:02:41 [WARN] Grid name: Name must be unique.
Parameter name: name
2026-03-24 02:02:41 [WARN] Grid name: Name must be unique.
Parameter name: name
2026-03-24 02:02:41 [WARN] Grid name: Name must be unique.
Parameter name: name
2026-03-24 02:02:41 [WARN] Grid name: Name must be unique.
Parameter name: name
2026-03-24 02:02:41 [WARN] Grid name: Name must be unique.
Parameter name: name
2026-03-24 02:02:41 [WARN] Grid name: Name must be unique.
Parameter name: name
2026-03-24 02:02:41 [WARN] Grid name: Name must be unique.
Parameter name: name
2026-03-24 02:02:41 [WARN] Grid name: Name must be unique.
Parameter name: name
2026-03-24 02:02:41 [WARN] Grid name: Name must be unique.
Parameter name: name
2026-03-24 02:02:41 [WARN] Grid name: Name must be unique.
Parameter name: name
2026-03-24 02:02:41 [WARN] Grid name: Name must be unique.
Parameter name: name
2026-03-24 02:02:41 [WARN] Grid name: Name must be unique.
Parameter name: name
2026-03-24 02:02:41 [WARN] Grid name: Name must be unique.
Parameter name: name
2026-03-24 02:02:41 [WARN] Grid name: Name must be unique.
Parameter name: name
2026-03-24 02:02:41 [WARN] Grid name: Name must be unique.
Parameter name: name
2026-03-24 02:02:41 [WARN] Grid name: Name must be unique.
Parameter name: name
2026-03-24 02:02:41 [WARN] Grid name: Name must be unique.
Parameter name: name
2026-03-24 02:02:41 [WARN] Grid name: Name must be unique.
Parameter name: name
2026-03-24 02:02:41 [WARN] Grid name: Name must be unique.
Parameter name: name
2026-03-24 02:02:41 [WARN] Grid name: Name must be unique.
Parameter name: name
2026-03-24 02:02:41 [WARN] Grid name: Name must be unique.
Parameter name: name
2026-03-24 02:02:41 [WARN] Grid name: Name must be unique.
Parameter name: name
2026-03-24 02:02:41 [WARN] Grid name: Name must be unique.
Parameter name: name
2026-03-24 02:02:41 [WARN] Grid name: Name must be unique.
Parameter name: name
2026-03-24 02:02:41 [WARN] Grid name: Name must be unique.
Parameter name: name
2026-03-24 02:02:41 [WARN] Grid name: Name must be unique.
Parameter name: name
2026-03-24 02:02:41 [WARN] Grid name: Name must be unique.
Parameter name: name
2026-03-24 02:02:41 [WARN] Grid name: Name must be unique.
Parameter name: name
2026-03-24 02:02:41 [WARN] Grid name: Name must be unique.
Parameter name: name
2026-03-24 02:02:41 [WARN] Grid name: Name must be unique.
Parameter name: name
2026-03-24 02:02:41 [WARN] Grid name: Name must be unique.
Parameter name: name
2026-03-24 02:02:41 [WARN] Grid name: Name must be unique.
Parameter name: name
2026-03-24 02:02:41 [WARN] Grid name: Name must be unique.
Parameter name: name
2026-03-24 02:02:41 [WARN] Grid name: Name must be unique.
Parameter name: name
2026-03-24 02:02:41 [WARN] Grid name: Name must be unique.
Parameter name: name
2026-03-24 02:02:48 [INFO] StructuralCADPipeline v2: Created 843 columns, 478 beams from DWG in 127.2s
2026-03-24 02:03:00 [INFO] RunCommand<StrCADToStructuralCommand>: done
2026-03-24 02:03:31 [INFO] ViewActivated: document switch detected — caches invalidated
2026-03-24 02:03:50 [INFO] RunCommand<StrCADWizardCommand>: start
2026-03-24 02:19:37 [INFO] RunCommand<StrCADWizardCommand>: done
2026-03-24 02:20:01 [INFO] ViewActivated: document switch detected — caches invalidated
2026-03-24 02:25:30 [INFO] Tab 7 content loaded (lazy)
2026-03-24 02:26:13 [INFO] RunCommand<StrCADWizardCommand>: start
2026-03-24 02:32:45 [INFO] RunCommand<StrCADWizardCommand>: done
2026-03-24 02:33:21 [INFO] RunCommand<StrCADWizardCommand>: start
2026-03-24 02:34:51 [INFO] RunCommand<StrCADWizardCommand>: done
2026-03-24 02:35:52 [INFO] RunCommand<StrCADWizardCommand>: start
2026-03-24 02:38:54 [INFO] RunCommand<StrCADWizardCommand>: done
2026-03-24 02:39:16 [INFO] RunCommand<ModelCreateWallCommand>: start
2026-03-24 02:39:23 [INFO] RunCommand<ModelCreateWallCommand>: done
2026-03-24 02:39:27 [INFO] RunCommand<ModelCreateFloorCommand>: start
2026-03-24 02:39:30 [INFO] RunCommand<ModelCreateFloorCommand>: done
2026-03-24 02:39:34 [INFO] RunCommand<ArchCreateOpeningCommand>: start
2026-03-24 02:39:36 [INFO] RunCommand<ArchCreateOpeningCommand>: done
2026-03-24 02:40:20 [INFO] RunCommand<StrCADWizardCommand>: start
2026-03-24 02:41:49 [INFO] RunCommand<StrCADWizardCommand>: done
2026-03-24 02:41:56 [INFO] RunCommand<ModelDWGToModelCommand>: start
2026-03-24 02:42:02 [INFO] CADToModelEngine: Starting DWG conversion
2026-03-24 02:42:02 [INFO]   Extracted 7880 lines, 0 blocks from 6450 entities
2026-03-24 02:42:03 [INFO]   Detected 148 wall candidates
2026-03-24 02:42:08 [INFO] CADToModelEngine: Created 135 walls from DWG (6450 entities, 12 layers) in 6.2s
2026-03-24 02:42:15 [INFO] RunCommand<ModelDWGToModelCommand>: done
2026-03-24 02:42:18 [INFO] ViewActivated: document switch detected — caches invalidated
2026-03-24 02:42:47 [INFO] RunCommand<ModelDWGPreviewCommand>: start
2026-03-24 02:42:49 [INFO] RunCommand<ModelDWGPreviewCommand>: done
2026-03-24 02:43:26 [INFO] RunCommand<StrExcelImportCommand>: start
2026-03-24 02:43:33 [INFO] RunCommand<StrExcelImportCommand>: done
2026-03-24 02:43:35 [INFO] RunCommand<StrExcelImportCommand>: start
2026-03-24 02:43:54 [ERROR] RunCommand<StrExcelImportCommand> failed: The process cannot access the file 'C:\Users\del\Downloads\GH_IPD_Structural_Schedule_FINAL.xlsx' because it is being used by another process.
2026-03-24 02:44:34 [INFO] RunCommand<StrExcelImportCommand>: start
2026-03-24 02:44:45 [INFO] ExcelStructuralImport: STRUCTURAL IMPORT COMPLETE
Columns: 0, Beams: 0, Slabs: 0
Foundations: 0, Walls: 0
Rebar sets: 0, Errors: 0
Total elements: 0
2026-03-24 02:44:57 [INFO] RunCommand<StrExcelImportCommand>: done
2026-03-24 02:44:58 [INFO] RunCommand<StrExcelTemplateCommand>: start
2026-03-24 02:45:07 [INFO] RunCommand<StrExcelTemplateCommand>: done
2026-03-24 02:45:10 [INFO] RunCommand<StrExcelImportCommand>: start
2026-03-24 02:45:40 [WARN] StructuralTypeFactory: Family2/Family2 has no extractable dimensions — skipped
2026-03-24 02:45:40 [WARN] StructuralTypeFactory: Rib beam/Rib beam has no extractable dimensions — skipped
2026-03-24 02:45:40 [WARN] StructuralTypeFactory: M_Footing-Rectangular/FT-7 has no extractable dimensions — skipped
2026-03-24 02:45:40 [WARN] StructuralTypeFactory: M_Footing-Rectangular/FT-5 has no extractable dimensions — skipped
2026-03-24 02:45:40 [WARN] StructuralTypeFactory: M_Footing-Rectangular/FT-3 has no extractable dimensions — skipped
2026-03-24 02:45:40 [WARN] StructuralTypeFactory: M_Footing-Rectangular/FT-2 has no extractable dimensions — skipped
2026-03-24 02:45:40 [WARN] StructuralTypeFactory: M_Footing-Rectangular/FT-8 has no extractable dimensions — skipped
2026-03-24 02:45:40 [INFO] StructuralTypeFactory: Built catalog of 111 types in 78ms
2026-03-24 02:45:40 [INFO] BuildRoomIndex: no placed rooms found — LOC detection will use project-level defaults
2026-03-24 02:45:40 [INFO] Tag index built: 0 existing tags, 0 SEQ groups
2026-03-24 02:45:40 [WARN] Formula 'CST_S_CON_SAND_VOLUME_CU_M': invalid Dependency_Level '36863979-00ed-54f3-af15-db3364b8316d', defaulting to 0
2026-03-24 02:45:40 [WARN] Formula 'CST_S_MAS_SAND_VOLUME_CU_M': invalid Dependency_Level '02663996-87e7-56b1-8abf-2e9bc32d777b', defaulting to 0
2026-03-24 02:45:40 [WARN] Formula 'S2=standard': invalid Dependency_Level 'ELC_PNL_PHS_COUNT_NR', defaulting to 0
2026-03-24 02:45:40 [WARN] Formula 'S2=standard': suspect Discipline value '(DB Panels). S1=compact' — check CSV quoting
2026-03-24 02:45:40 [WARN] Formula 'S2=standard': invalid Dependency_Level 'ELC_PNL_DESIGNATION_NAME_TXT', defaulting to 0
2026-03-24 02:45:40 [WARN] Formula 'S2=standard': suspect Discipline value '(Points & Sockets). S1=compact' — check CSV quoting
2026-03-24 02:45:40 [WARN] Formula 'S2=standard': invalid Dependency_Level 'COM_C_NETWORK_ADDRESS_TXT', defaulting to 0
2026-03-24 02:45:40 [WARN] Formula 'S2=standard': suspect Discipline value '(BMS). S1=compact' — check CSV quoting
2026-03-24 02:45:40 [WARN] Formula 'S2=standard': invalid Dependency_Level 'ASS_SYSTEM_TYPE_TXT', defaulting to 0
2026-03-24 02:45:40 [WARN] Formula 'S2=standard': suspect Discipline value '(Lifts/Gen/ATS). S1=compact' — check CSV quoting
2026-03-24 02:45:40 [WARN] TagPipelineHelper.LoadFormulas: An item with the same key has already been added. Key: S2=standard
2026-03-24 02:45:40 [INFO] GetLevelCode: unrecognized level name 'GROUND FLOOR LEVEL', defaulting to XX
2026-03-24 02:45:40 [INFO] GetLevelCode: unrecognized level name 'GROUND FLOOR LEVEL', defaulting to XX
2026-03-24 02:45:40 [WARN] TAG1 write failed on 2843333 — SEQ counter rolled back for key 'S_STR_L00'
2026-03-24 02:45:40 [WARN] TagPipeline: BuildAndWriteTag failed for 2843333 — skipping containers/TAG7
2026-03-24 02:45:40 [INFO] Tag index built: 0 existing tags, 0 SEQ groups
2026-03-24 02:45:40 [INFO] SEQ sidecar saved: 0 groups to D:\Work 2026\MOH\MOH_MASSINDI_IPD_ADCON_0326_STING_SEQ.json
2026-03-24 02:45:40 [INFO] ExcelStructuralImport: STRUCTURAL IMPORT COMPLETE
Columns: 1, Beams: 0, Slabs: 0
Foundations: 0, Walls: 0
Rebar sets: 0, Errors: 0
Total elements: 1
2026-03-24 02:45:44 [INFO] RunCommand<StrExcelImportCommand>: done
2026-03-24 02:46:42 [INFO] RunCommand<CoveringSmartApplyCommand>: start
2026-03-24 02:46:48 [INFO] RunCommand<CoveringSmartApplyCommand>: done
2026-03-24 09:14:20 [INFO] ThemeManager: applied 'Warm' theme
2026-03-24 09:14:21 [INFO] ThemeManager: applied 'Cool' theme
2026-03-24 09:14:22 [INFO] ThemeManager: applied 'Corporate' theme
2026-03-24 09:14:30 [INFO] RunCommand<CoveringRoomScheduleCommand>: start
2026-03-24 09:14:32 [INFO] RunCommand<CoveringRoomScheduleCommand>: done
2026-03-24 09:14:35 [INFO] RunCommand<CoveringPaintSystemCommand>: start
2026-03-24 09:14:42 [INFO] RunCommand<CoveringPaintSystemCommand>: done
2026-03-24 09:14:59 [INFO] RunCommand<StrCADWizardCommand>: start
2026-03-24 09:15:03 [INFO] RunCommand<StrCADWizardCommand>: done
2026-03-24 09:15:29 [INFO] DocumentClosing: cleared parameter, compliance, formula, selection, and deferred caches
2026-03-24 09:15:42 [INFO] STING Tools shutting down
2026-03-24 09:15:42 [INFO] StingAutoTagger: unregistered
2026-03-24 09:19:06 [INFO] Data validation passed: all 9 critical files found in C:\Dev\STINGTOOLS\CompiledPlugin\data
2026-03-24 09:19:06 [WARN] PYREVIT_SCRIPT_MANIFEST: 18 script path(s) not found on disk.
2026-03-24 09:19:06 [INFO] STING Tools v1.0.0.0 loaded from C:\Dev\STINGTOOLS\CompiledPlugin\StingTools.dll
2026-03-24 09:19:06 [INFO] Assembly: WindowsBase v8.0.0.0
2026-03-24 09:19:06 [INFO] Assembly: System.IO.Packaging v8.0.0.0
2026-03-24 09:19:06 [INFO] Assembly: RevitAPI v25.4.30.0
2026-03-24 09:19:06 [INFO] Assembly: Newtonsoft.Json v13.0.0.0
2026-03-24 09:19:06 [INFO] Assembly: RevitAPIUI v25.4.30.0
2026-03-24 09:19:06 [INFO] Assembly pre-flight: no version conflicts detected.
2026-03-24 09:19:06 [INFO] ThemeManager: applied 'Light' theme
2026-03-24 09:19:06 [INFO] DeferNonActiveTabContent: deferred 8 tabs, active tab=0
2026-03-24 09:19:06 [INFO] Dockable panel registered successfully
2026-03-24 09:19:06 [INFO] StingAutoTagger: registered (disabled by default, no triggers)
2026-03-24 09:19:06 [INFO] ParamRegistry.EnsureLoaded: first-time load starting
2026-03-24 09:19:06 [INFO] ParamRegistry.LoadFromFile: starting
2026-03-24 09:19:06 [INFO] ParamRegistry.LoadFromFile: found at C:\Dev\STINGTOOLS\CompiledPlugin\data\PARAMETER_REGISTRY.json
2026-03-24 09:19:06 [INFO] ParamRegistry.LoadFromFile: reading file
2026-03-24 09:19:06 [INFO] ParamRegistry.LoadFromFile: read 219063 chars, parsing JSON
2026-03-24 09:19:06 [INFO] ParamRegistry.LoadFromFile: JSON parsed OK
2026-03-24 09:19:06 [INFO] ParamRegistry.LoadFromFile: tag_format loaded
2026-03-24 09:19:06 [INFO] ParamRegistry.LoadFromFile: 8 source tokens loaded
2026-03-24 09:19:06 [INFO] ParamRegistry.LoadFromFile: support params loaded
2026-03-24 09:19:06 [INFO] ParamRegistry.LoadFromFile: 7 token presets loaded
2026-03-24 09:19:06 [INFO] ParamRegistry.LoadFromFile: 23 container groups loaded
2026-03-24 09:19:06 [INFO] ParamRegistry.LoadFromFile: 141 category enum mappings loaded
2026-03-24 09:19:06 [INFO] ParamRegistry.LoadFromFile: 141 universal categories loaded
2026-03-24 09:19:06 [INFO] ParamRegistry.LoadFromFile: 323 extended params loaded
2026-03-24 09:19:06 [INFO] ParamRegistry.LoadFromFile: 8 required params loaded
2026-03-24 09:19:06 [INFO] ParamRegistry.LoadFromFile: 99 warning thresholds loaded
2026-03-24 09:19:06 [INFO] ParamRegistry.LoadFromFile: building GUID maps
2026-03-24 09:19:06 [INFO] ParamRegistry.LoadFromFile: 508 GUIDs mapped
2026-03-24 09:19:06 [INFO] ParamRegistry.LoadFromFile: building universal params list
2026-03-24 09:19:06 [INFO] ParamRegistry.LoadFromFile: 240 universal params
2026-03-24 09:19:06 [INFO] ParamRegistry.LoadFromFile: building discipline category names
2026-03-24 09:19:06 [INFO] ParamRegistry: supplemented 1808 GUIDs from MR_PARAMETERS.txt
2026-03-24 09:19:06 [INFO] ParamRegistry loaded: 8 tokens, 23 groups, 59 containers, 2316 GUIDs
2026-03-24 09:19:06 [INFO] ParamRegistry.EnsureLoaded: LoadFromFile completed successfully
2026-03-24 09:19:06 [INFO] ParamRegistry pre-loaded at startup successfully
2026-03-24 09:19:06 [INFO] TagConfig: loaded 209 warning refs across categories, 126 paragraph containers from LABEL_DEFINITIONS.json
2026-03-24 09:19:06 [INFO] TagConfig: supplemented 311 additional warning refs from tag config CSVs
2026-03-24 09:19:06 [INFO] STING Tools dockable panel loaded successfully
2026-03-24 09:19:32 [INFO] ViewActivated: document switch detected — caches invalidated
2026-03-24 09:19:34 [WARN] TagConfig: unknown config key(s) in project_config.json: PROJECT_FOLDER_ROOT, LAST_WORKFLOW_NAME — check for typos
2026-03-24 09:19:34 [INFO] Tag format override applied: sep='-', pad=4, segments=8
2026-03-24 09:19:34 [INFO] TagConfig: loaded 209 warning refs across categories, 126 paragraph containers from LABEL_DEFINITIONS.json
2026-03-24 09:19:34 [INFO] TagConfig: supplemented 287 additional warning refs from tag config CSVs
2026-03-24 09:19:34 [INFO] DocumentOpened: cleared formula, param, auto-tagger, compliance caches; reloaded TagConfig
2026-03-24 09:19:34 [INFO] SharedParamGuids.AllCategoryEnums: resolving (first access)
2026-03-24 09:19:34 [WARN] Formula 'CST_S_CON_SAND_VOLUME_CU_M': invalid Dependency_Level '36863979-00ed-54f3-af15-db3364b8316d', defaulting to 0
2026-03-24 09:19:34 [INFO] ResolveUniversalCategoryEnums: resolving 141 categories
2026-03-24 09:19:34 [WARN] Formula 'CST_S_MAS_SAND_VOLUME_CU_M': invalid Dependency_Level '02663996-87e7-56b1-8abf-2e9bc32d777b', defaulting to 0
2026-03-24 09:19:34 [INFO] ResolveUniversalCategoryEnums: resolved to 129 BuiltInCategory enums
2026-03-24 09:19:34 [INFO] SharedParamGuids.AllCategoryEnums: 129 categories resolved
2026-03-24 09:19:34 [WARN] Formula 'S2=standard': invalid Dependency_Level 'ELC_PNL_PHS_COUNT_NR', defaulting to 0
2026-03-24 09:19:34 [WARN] Formula 'S2=standard': suspect Discipline value '(DB Panels). S1=compact' — check CSV quoting
2026-03-24 09:19:34 [WARN] Formula 'S2=standard': invalid Dependency_Level 'ELC_PNL_DESIGNATION_NAME_TXT', defaulting to 0
2026-03-24 09:19:34 [WARN] Formula 'S2=standard': suspect Discipline value '(Points & Sockets). S1=compact' — check CSV quoting
2026-03-24 09:19:34 [WARN] Formula 'S2=standard': invalid Dependency_Level 'COM_C_NETWORK_ADDRESS_TXT', defaulting to 0
2026-03-24 09:19:34 [WARN] Formula 'S2=standard': suspect Discipline value '(BMS). S1=compact' — check CSV quoting
2026-03-24 09:19:34 [WARN] Formula 'S2=standard': invalid Dependency_Level 'ASS_SYSTEM_TYPE_TXT', defaulting to 0
2026-03-24 09:19:34 [WARN] Formula 'S2=standard': suspect Discipline value '(Lifts/Gen/ATS). S1=compact' — check CSV quoting
2026-03-24 09:19:34 [WARN] TagPipelineHelper.LoadFormulas: An item with the same key has already been added. Key: S2=standard
2026-03-24 09:19:34 [INFO] FUT-19: Background pre-warming completed (formulas, grids, compliance)
2026-03-24 09:19:42 [INFO] Tab 6 content loaded (lazy)
2026-03-24 09:19:48 [INFO] RunCommand<StrCADWizardCommand>: start
2026-03-24 09:20:18 [INFO] RunCommand<StrCADWizardCommand>: done
2026-03-24 09:20:55 [INFO] RunCommand<StrCADWizardCommand>: start
2026-03-24 10:33:05 [INFO] RunCommand<StrCADWizardCommand>: done
2026-03-24 10:33:31 [INFO] DocumentClosing: cleared parameter, compliance, formula, selection, and deferred caches
2026-03-24 10:33:35 [INFO] STING Tools shutting down
2026-03-24 10:33:35 [INFO] StingAutoTagger: unregistered
2026-03-24 10:38:13 [INFO] Data validation passed: all 9 critical files found in C:\Dev\STINGTOOLS\CompiledPlugin\data
2026-03-24 10:38:13 [WARN] PYREVIT_SCRIPT_MANIFEST: 18 script path(s) not found on disk.
2026-03-24 10:38:13 [INFO] STING Tools v1.0.0.0 loaded from C:\Dev\STINGTOOLS\CompiledPlugin\StingTools.dll
2026-03-24 10:38:13 [INFO] Assembly: WindowsBase v8.0.0.0
2026-03-24 10:38:13 [INFO] Assembly: System.IO.Packaging v8.0.0.0
2026-03-24 10:38:13 [INFO] Assembly: RevitAPI v25.4.30.0
2026-03-24 10:38:13 [INFO] Assembly: Newtonsoft.Json v13.0.0.0
2026-03-24 10:38:13 [INFO] Assembly: RevitAPIUI v25.4.30.0
2026-03-24 10:38:13 [INFO] Assembly pre-flight: no version conflicts detected.
2026-03-24 10:38:13 [INFO] ThemeManager: applied 'Light' theme
2026-03-24 10:38:13 [INFO] DeferNonActiveTabContent: deferred 8 tabs, active tab=0
2026-03-24 10:38:13 [INFO] Dockable panel registered successfully
2026-03-24 10:38:13 [INFO] StingAutoTagger: registered (disabled by default, no triggers)
2026-03-24 10:38:13 [INFO] ParamRegistry.EnsureLoaded: first-time load starting
2026-03-24 10:38:13 [INFO] ParamRegistry.LoadFromFile: starting
2026-03-24 10:38:13 [INFO] ParamRegistry.LoadFromFile: found at C:\Dev\STINGTOOLS\CompiledPlugin\data\PARAMETER_REGISTRY.json
2026-03-24 10:38:13 [INFO] ParamRegistry.LoadFromFile: reading file
2026-03-24 10:38:13 [INFO] ParamRegistry.LoadFromFile: read 219063 chars, parsing JSON
2026-03-24 10:38:13 [INFO] ParamRegistry.LoadFromFile: JSON parsed OK
2026-03-24 10:38:13 [INFO] ParamRegistry.LoadFromFile: tag_format loaded
2026-03-24 10:38:13 [INFO] ParamRegistry.LoadFromFile: 8 source tokens loaded
2026-03-24 10:38:13 [INFO] ParamRegistry.LoadFromFile: support params loaded
2026-03-24 10:38:13 [INFO] ParamRegistry.LoadFromFile: 7 token presets loaded
2026-03-24 10:38:13 [INFO] ParamRegistry.LoadFromFile: 23 container groups loaded
2026-03-24 10:38:13 [INFO] ParamRegistry.LoadFromFile: 141 category enum mappings loaded
2026-03-24 10:38:13 [INFO] ParamRegistry.LoadFromFile: 141 universal categories loaded
2026-03-24 10:38:13 [INFO] ParamRegistry.LoadFromFile: 323 extended params loaded
2026-03-24 10:38:14 [INFO] ParamRegistry.LoadFromFile: 8 required params loaded
2026-03-24 10:38:14 [INFO] ParamRegistry.LoadFromFile: 99 warning thresholds loaded
2026-03-24 10:38:14 [INFO] ParamRegistry.LoadFromFile: building GUID maps
2026-03-24 10:38:14 [INFO] ParamRegistry.LoadFromFile: 508 GUIDs mapped
2026-03-24 10:38:14 [INFO] ParamRegistry.LoadFromFile: building universal params list
2026-03-24 10:38:14 [INFO] ParamRegistry.LoadFromFile: 240 universal params
2026-03-24 10:38:14 [INFO] ParamRegistry.LoadFromFile: building discipline category names
2026-03-24 10:38:14 [INFO] ParamRegistry: supplemented 1808 GUIDs from MR_PARAMETERS.txt
2026-03-24 10:38:14 [INFO] ParamRegistry loaded: 8 tokens, 23 groups, 59 containers, 2316 GUIDs
2026-03-24 10:38:14 [INFO] ParamRegistry.EnsureLoaded: LoadFromFile completed successfully
2026-03-24 10:38:14 [INFO] ParamRegistry pre-loaded at startup successfully
2026-03-24 10:38:14 [INFO] TagConfig: loaded 209 warning refs across categories, 126 paragraph containers from LABEL_DEFINITIONS.json
2026-03-24 10:38:14 [INFO] TagConfig: supplemented 311 additional warning refs from tag config CSVs
2026-03-24 10:38:14 [INFO] STING Tools dockable panel loaded successfully
2026-03-24 10:38:53 [INFO] ViewActivated: document switch detected — caches invalidated
2026-03-24 10:38:57 [WARN] TagConfig: unknown config key(s) in project_config.json: PROJECT_FOLDER_ROOT, LAST_WORKFLOW_NAME — check for typos
2026-03-24 10:38:57 [INFO] Tag format override applied: sep='-', pad=4, segments=8
2026-03-24 10:38:57 [INFO] TagConfig: loaded 209 warning refs across categories, 126 paragraph containers from LABEL_DEFINITIONS.json
2026-03-24 10:38:57 [INFO] TagConfig: supplemented 287 additional warning refs from tag config CSVs
2026-03-24 10:38:57 [INFO] DocumentOpened: cleared formula, param, auto-tagger, compliance caches; reloaded TagConfig
2026-03-24 10:38:57 [INFO] SharedParamGuids.AllCategoryEnums: resolving (first access)
2026-03-24 10:38:57 [WARN] Formula 'CST_S_CON_SAND_VOLUME_CU_M': invalid Dependency_Level '36863979-00ed-54f3-af15-db3364b8316d', defaulting to 0
2026-03-24 10:38:57 [INFO] ResolveUniversalCategoryEnums: resolving 141 categories
2026-03-24 10:38:57 [WARN] Formula 'CST_S_MAS_SAND_VOLUME_CU_M': invalid Dependency_Level '02663996-87e7-56b1-8abf-2e9bc32d777b', defaulting to 0
2026-03-24 10:38:57 [INFO] ResolveUniversalCategoryEnums: resolved to 129 BuiltInCategory enums
2026-03-24 10:38:57 [INFO] SharedParamGuids.AllCategoryEnums: 129 categories resolved
2026-03-24 10:38:57 [WARN] Formula 'S2=standard': invalid Dependency_Level 'ELC_PNL_PHS_COUNT_NR', defaulting to 0
2026-03-24 10:38:57 [WARN] Formula 'S2=standard': suspect Discipline value '(DB Panels). S1=compact' — check CSV quoting
2026-03-24 10:38:57 [WARN] Formula 'S2=standard': invalid Dependency_Level 'ELC_PNL_DESIGNATION_NAME_TXT', defaulting to 0
2026-03-24 10:38:57 [WARN] Formula 'S2=standard': suspect Discipline value '(Points & Sockets). S1=compact' — check CSV quoting
2026-03-24 10:38:57 [WARN] Formula 'S2=standard': invalid Dependency_Level 'COM_C_NETWORK_ADDRESS_TXT', defaulting to 0
2026-03-24 10:38:57 [WARN] Formula 'S2=standard': suspect Discipline value '(BMS). S1=compact' — check CSV quoting
2026-03-24 10:38:57 [WARN] Formula 'S2=standard': invalid Dependency_Level 'ASS_SYSTEM_TYPE_TXT', defaulting to 0
2026-03-24 10:38:57 [WARN] Formula 'S2=standard': suspect Discipline value '(Lifts/Gen/ATS). S1=compact' — check CSV quoting
2026-03-24 10:38:57 [WARN] TagPipelineHelper.LoadFormulas: An item with the same key has already been added. Key: S2=standard
2026-03-24 10:38:57 [INFO] FUT-19: Background pre-warming completed (formulas, grids, compliance)
2026-03-24 10:39:15 [INFO] Tab 8 content loaded (lazy)
2026-03-24 10:39:18 [INFO] Tab 7 content loaded (lazy)
2026-03-24 10:39:24 [INFO] Tab 6 content loaded (lazy)
2026-03-24 10:39:29 [INFO] RunCommand<StrCADWizardCommand>: start
2026-03-24 10:39:43 [INFO] RunCommand<StrCADWizardCommand>: done
2026-03-24 10:40:04 [INFO] RunCommand<StrCADToStructuralCommand>: start
2026-03-24 10:40:04 [INFO] StructuralCADPipeline v2: Starting full pipeline
2026-03-24 10:40:04 [WARN] StructuralTypeFactory: Family2/Family2 has no extractable dimensions — skipped
2026-03-24 10:40:04 [WARN] StructuralTypeFactory: Rib beam/Rib beam has no extractable dimensions — skipped
2026-03-24 10:40:04 [WARN] StructuralTypeFactory: M_Footing-Rectangular/FT-7 has no extractable dimensions — skipped
2026-03-24 10:40:04 [WARN] StructuralTypeFactory: M_Footing-Rectangular/FT-5 has no extractable dimensions — skipped
2026-03-24 10:40:04 [WARN] StructuralTypeFactory: M_Footing-Rectangular/FT-3 has no extractable dimensions — skipped
2026-03-24 10:40:04 [WARN] StructuralTypeFactory: M_Footing-Rectangular/FT-2 has no extractable dimensions — skipped
2026-03-24 10:40:04 [WARN] StructuralTypeFactory: M_Footing-Rectangular/FT-8 has no extractable dimensions — skipped
2026-03-24 10:40:04 [INFO] StructuralTypeFactory: Built catalog of 110 types in 134ms
2026-03-24 10:40:04 [INFO]   Type catalog: 110 types
2026-03-24 10:40:05 [INFO]   Extraction: Extracted: 692 round + 151 rect columns, 478 beams, 0 walls, 0 slabs, 82 grids, 916 free beam ends from 8572 entities
2026-03-24 10:44:59 [WARN] Grid name: Name must be unique.
Parameter name: name
2026-03-24 10:44:59 [WARN] Grid name: Name must be unique.
Parameter name: name
2026-03-24 10:44:59 [WARN] Grid name: Name must be unique.
Parameter name: name
2026-03-24 10:44:59 [WARN] Grid name: Name must be unique.
Parameter name: name
2026-03-24 10:44:59 [WARN] Grid name: Name must be unique.
Parameter name: name
2026-03-24 10:44:59 [WARN] Grid name: Name must be unique.
Parameter name: name
2026-03-24 10:44:59 [WARN] Grid name: Name must be unique.
Parameter name: name
2026-03-24 10:44:59 [WARN] Grid name: Name must be unique.
Parameter name: name
2026-03-24 10:44:59 [WARN] Grid name: Name must be unique.
Parameter name: name
2026-03-24 10:44:59 [WARN] Grid name: Name must be unique.
Parameter name: name
2026-03-24 10:44:59 [WARN] Grid name: Name must be unique.
Parameter name: name
2026-03-24 10:44:59 [WARN] Grid name: Name must be unique.
Parameter name: name
2026-03-24 10:44:59 [WARN] Grid name: Name must be unique.
Parameter name: name
2026-03-24 10:44:59 [WARN] Grid name: Name must be unique.
Parameter name: name
2026-03-24 10:44:59 [WARN] Grid name: Name must be unique.
Parameter name: name
2026-03-24 10:44:59 [WARN] Grid name: Name must be unique.
Parameter name: name
2026-03-24 10:44:59 [WARN] Grid name: Name must be unique.
Parameter name: name
2026-03-24 10:44:59 [WARN] Grid name: Name must be unique.
Parameter name: name
2026-03-24 10:44:59 [WARN] Grid name: Name must be unique.
Parameter name: name
2026-03-24 10:44:59 [WARN] Grid name: Name must be unique.
Parameter name: name
2026-03-24 10:44:59 [WARN] Grid name: Name must be unique.
Parameter name: name
2026-03-24 10:44:59 [WARN] Grid name: Name must be unique.
Parameter name: name
2026-03-24 10:44:59 [WARN] Grid name: Name must be unique.
Parameter name: name
2026-03-24 10:44:59 [WARN] Grid name: Name must be unique.
Parameter name: name
2026-03-24 10:44:59 [WARN] Grid name: Name must be unique.
Parameter name: name
2026-03-24 10:44:59 [WARN] Grid name: Name must be unique.
Parameter name: name
2026-03-24 10:44:59 [WARN] Grid name: Name must be unique.
Parameter name: name
2026-03-24 10:44:59 [WARN] Grid name: Name must be unique.
Parameter name: name
2026-03-24 10:44:59 [WARN] Grid name: Name must be unique.
Parameter name: name
2026-03-24 10:44:59 [WARN] Grid name: Name must be unique.
Parameter name: name
2026-03-24 10:44:59 [WARN] Grid name: Name must be unique.
Parameter name: name
2026-03-24 10:44:59 [WARN] Grid name: Name must be unique.
Parameter name: name
2026-03-24 10:44:59 [WARN] Grid name: Name must be unique.
Parameter name: name
2026-03-24 10:44:59 [WARN] Grid name: Name must be unique.
Parameter name: name
2026-03-24 10:44:59 [WARN] Grid name: Name must be unique.
Parameter name: name
2026-03-24 10:44:59 [WARN] Grid name: Name must be unique.
Parameter name: name
2026-03-24 10:44:59 [WARN] Grid name: Name must be unique.
Parameter name: name
2026-03-24 10:44:59 [WARN] Grid name: Name must be unique.
Parameter name: name
2026-03-24 10:44:59 [WARN] Grid name: Name must be unique.
Parameter name: name
2026-03-24 10:44:59 [WARN] Grid name: Name must be unique.
Parameter name: name
2026-03-24 10:44:59 [WARN] Grid name: Name must be unique.
Parameter name: name
2026-03-24 10:44:59 [WARN] Grid name: Name must be unique.
Parameter name: name
2026-03-24 10:44:59 [WARN] Grid name: Name must be unique.
Parameter name: name
2026-03-24 10:44:59 [WARN] Grid name: Name must be unique.
Parameter name: name
2026-03-24 10:44:59 [WARN] Grid name: Name must be unique.
Parameter name: name
2026-03-24 10:44:59 [WARN] Grid name: Name must be unique.
Parameter name: name
2026-03-24 10:44:59 [WARN] Grid name: Name must be unique.
Parameter name: name
2026-03-24 10:44:59 [WARN] Grid name: Name must be unique.
Parameter name: name
2026-03-24 10:44:59 [WARN] Grid name: Name must be unique.
Parameter name: name
2026-03-24 10:44:59 [WARN] Grid name: Name must be unique.
Parameter name: name
2026-03-24 10:44:59 [WARN] Grid name: Name must be unique.
Parameter name: name
2026-03-24 10:44:59 [WARN] Grid name: Name must be unique.
Parameter name: name
2026-03-24 10:44:59 [WARN] Grid name: Name must be unique.
Parameter name: name
2026-03-24 10:44:59 [WARN] Grid name: Name must be unique.
Parameter name: name
2026-03-24 10:44:59 [WARN] Grid name: Name must be unique.
Parameter name: name
2026-03-24 10:44:59 [WARN] Grid name: Name must be unique.
Parameter name: name
2026-03-24 10:44:59 [WARN] Grid name: Name must be unique.
Parameter name: name
2026-03-24 10:44:59 [WARN] Grid name: Name must be unique.
Parameter name: name
2026-03-24 10:45:07 [INFO] StructuralCADPipeline v2: Created 843 columns, 478 beams from DWG in 302.4s
2026-03-24 11:19:48 [INFO] RunCommand<StrCADToStructuralCommand>: done
2026-03-24 15:19:15 [INFO] Data validation passed: all 9 critical files found in C:\Dev\STINGTOOLS\CompiledPlugin\data
2026-03-24 15:19:15 [WARN] PYREVIT_SCRIPT_MANIFEST: 18 script path(s) not found on disk.
2026-03-24 15:19:15 [INFO] STING Tools v1.0.0.0 loaded from C:\Dev\STINGTOOLS\CompiledPlugin\StingTools.dll
2026-03-24 15:19:15 [INFO] Assembly: WindowsBase v8.0.0.0
2026-03-24 15:19:15 [INFO] Assembly: System.IO.Packaging v8.0.0.0
2026-03-24 15:19:15 [INFO] Assembly: RevitAPI v25.4.30.0
2026-03-24 15:19:15 [INFO] Assembly: Newtonsoft.Json v13.0.0.0
2026-03-24 15:19:15 [INFO] Assembly: RevitAPIUI v25.4.30.0
2026-03-24 15:19:15 [INFO] Assembly pre-flight: no version conflicts detected.
2026-03-24 15:19:15 [INFO] ThemeManager: applied 'Light' theme
2026-03-24 15:19:15 [INFO] DeferNonActiveTabContent: deferred 8 tabs, active tab=0
2026-03-24 15:19:15 [INFO] Dockable panel registered successfully
2026-03-24 15:19:15 [INFO] StingAutoTagger: registered (disabled by default, no triggers)
2026-03-24 15:19:15 [INFO] ParamRegistry.EnsureLoaded: first-time load starting
2026-03-24 15:19:15 [INFO] ParamRegistry.LoadFromFile: starting
2026-03-24 15:19:15 [INFO] ParamRegistry.LoadFromFile: found at C:\Dev\STINGTOOLS\CompiledPlugin\data\PARAMETER_REGISTRY.json
2026-03-24 15:19:15 [INFO] ParamRegistry.LoadFromFile: reading file
2026-03-24 15:19:15 [INFO] ParamRegistry.LoadFromFile: read 219063 chars, parsing JSON
2026-03-24 15:19:15 [INFO] ParamRegistry.LoadFromFile: JSON parsed OK
2026-03-24 15:19:15 [INFO] ParamRegistry.LoadFromFile: tag_format loaded
2026-03-24 15:19:15 [INFO] ParamRegistry.LoadFromFile: 8 source tokens loaded
2026-03-24 15:19:15 [INFO] ParamRegistry.LoadFromFile: support params loaded
2026-03-24 15:19:15 [INFO] ParamRegistry.LoadFromFile: 7 token presets loaded
2026-03-24 15:19:15 [INFO] ParamRegistry.LoadFromFile: 23 container groups loaded
2026-03-24 15:19:15 [INFO] ParamRegistry.LoadFromFile: 141 category enum mappings loaded
2026-03-24 15:19:15 [INFO] ParamRegistry.LoadFromFile: 141 universal categories loaded
2026-03-24 15:19:15 [INFO] ParamRegistry.LoadFromFile: 323 extended params loaded
2026-03-24 15:19:15 [INFO] ParamRegistry.LoadFromFile: 8 required params loaded
2026-03-24 15:19:15 [INFO] ParamRegistry.LoadFromFile: 99 warning thresholds loaded
2026-03-24 15:19:15 [INFO] ParamRegistry.LoadFromFile: building GUID maps
2026-03-24 15:19:15 [INFO] ParamRegistry.LoadFromFile: 508 GUIDs mapped
2026-03-24 15:19:15 [INFO] ParamRegistry.LoadFromFile: building universal params list
2026-03-24 15:19:15 [INFO] ParamRegistry.LoadFromFile: 240 universal params
2026-03-24 15:19:16 [INFO] ParamRegistry.LoadFromFile: building discipline category names
2026-03-24 15:19:16 [INFO] ParamRegistry: supplemented 1808 GUIDs from MR_PARAMETERS.txt
2026-03-24 15:19:16 [INFO] ParamRegistry loaded: 8 tokens, 23 groups, 59 containers, 2316 GUIDs
2026-03-24 15:19:16 [INFO] ParamRegistry.EnsureLoaded: LoadFromFile completed successfully
2026-03-24 15:19:16 [INFO] ParamRegistry pre-loaded at startup successfully
2026-03-24 15:19:16 [INFO] TagConfig: loaded 209 warning refs across categories, 126 paragraph containers from LABEL_DEFINITIONS.json
2026-03-24 15:19:16 [INFO] TagConfig: supplemented 311 additional warning refs from tag config CSVs
2026-03-24 15:19:16 [INFO] STING Tools dockable panel loaded successfully
2026-03-24 15:21:35 [INFO] ViewActivated: document switch detected — caches invalidated
2026-03-24 15:21:36 [WARN] TagConfig: unknown config key(s) in project_config.json: PROJECT_FOLDER_ROOT, LAST_WORKFLOW_NAME — check for typos
2026-03-24 15:21:36 [INFO] Tag format override applied: sep='-', pad=4, segments=8
2026-03-24 15:21:36 [INFO] TagConfig: loaded 209 warning refs across categories, 126 paragraph containers from LABEL_DEFINITIONS.json
2026-03-24 15:21:36 [INFO] TagConfig: supplemented 287 additional warning refs from tag config CSVs
2026-03-24 15:21:36 [INFO] DocumentOpened: cleared formula, param, auto-tagger, compliance caches; reloaded TagConfig
2026-03-24 15:21:36 [INFO] SharedParamGuids.AllCategoryEnums: resolving (first access)
2026-03-24 15:21:36 [WARN] Formula 'CST_S_CON_SAND_VOLUME_CU_M': invalid Dependency_Level '36863979-00ed-54f3-af15-db3364b8316d', defaulting to 0
2026-03-24 15:21:36 [INFO] ResolveUniversalCategoryEnums: resolving 141 categories
2026-03-24 15:21:36 [WARN] Formula 'CST_S_MAS_SAND_VOLUME_CU_M': invalid Dependency_Level '02663996-87e7-56b1-8abf-2e9bc32d777b', defaulting to 0
2026-03-24 15:21:36 [INFO] ResolveUniversalCategoryEnums: resolved to 129 BuiltInCategory enums
2026-03-24 15:21:36 [INFO] SharedParamGuids.AllCategoryEnums: 129 categories resolved
2026-03-24 15:21:36 [WARN] Formula 'S2=standard': invalid Dependency_Level 'ELC_PNL_PHS_COUNT_NR', defaulting to 0
2026-03-24 15:21:36 [WARN] Formula 'S2=standard': suspect Discipline value '(DB Panels). S1=compact' — check CSV quoting
2026-03-24 15:21:36 [WARN] Formula 'S2=standard': invalid Dependency_Level 'ELC_PNL_DESIGNATION_NAME_TXT', defaulting to 0
2026-03-24 15:21:36 [WARN] Formula 'S2=standard': suspect Discipline value '(Points & Sockets). S1=compact' — check CSV quoting
2026-03-24 15:21:36 [WARN] Formula 'S2=standard': invalid Dependency_Level 'COM_C_NETWORK_ADDRESS_TXT', defaulting to 0
2026-03-24 15:21:36 [WARN] Formula 'S2=standard': suspect Discipline value '(BMS). S1=compact' — check CSV quoting
2026-03-24 15:21:36 [WARN] Formula 'S2=standard': invalid Dependency_Level 'ASS_SYSTEM_TYPE_TXT', defaulting to 0
2026-03-24 15:21:36 [WARN] Formula 'S2=standard': suspect Discipline value '(Lifts/Gen/ATS). S1=compact' — check CSV quoting
2026-03-24 15:21:36 [WARN] TagPipelineHelper.LoadFormulas: An item with the same key has already been added. Key: S2=standard
2026-03-24 15:21:36 [INFO] FUT-19: Background pre-warming completed (formulas, grids, compliance)
2026-03-24 15:22:22 [INFO] Tab 8 content loaded (lazy)
2026-03-24 15:22:28 [INFO] Tab 2 content loaded (lazy)
2026-03-24 15:22:34 [INFO] Tab 7 content loaded (lazy)
2026-03-24 15:22:53 [INFO] RunCommand<CoordinationCenterCommand>: start
2026-03-24 15:22:53 [ERROR] CoordinationCenter: Object reference not set to an instance of an object.
2026-03-24 15:22:53 [INFO] RunCommand<CoordinationCenterCommand>: done
2026-03-24 15:30:30 [INFO] Tab 6 content loaded (lazy)
2026-03-24 15:30:33 [INFO] RunCommand<StrCADWizardCommand>: start
2026-03-24 15:30:49 [INFO] RunCommand<StrCADWizardCommand>: done
2026-03-24 15:32:11 [INFO] RunCommand<StrCADWizardCommand>: start
2026-03-24 15:33:13 [INFO] RunCommand<StrCADWizardCommand>: done
2026-03-24 17:07:11 [INFO] DocumentClosing: cleared parameter, compliance, formula, selection, and deferred caches
2026-03-24 17:07:15 [INFO] STING Tools shutting down
2026-03-24 17:07:15 [INFO] StingAutoTagger: unregistered
2026-03-24 17:08:11 [INFO] Data validation passed: all 9 critical files found in C:\Dev\STINGTOOLS\CompiledPlugin\data
2026-03-24 17:08:11 [WARN] PYREVIT_SCRIPT_MANIFEST: 18 script path(s) not found on disk.
2026-03-24 17:08:11 [INFO] STING Tools v1.0.0.0 loaded from C:\Dev\STINGTOOLS\CompiledPlugin\StingTools.dll
2026-03-24 17:08:11 [INFO] Assembly: WindowsBase v8.0.0.0
2026-03-24 17:08:11 [INFO] Assembly: System.IO.Packaging v8.0.0.0
2026-03-24 17:08:11 [INFO] Assembly: RevitAPI v25.4.30.0
2026-03-24 17:08:11 [INFO] Assembly: Newtonsoft.Json v13.0.0.0
2026-03-24 17:08:11 [INFO] Assembly: RevitAPIUI v25.4.30.0
2026-03-24 17:08:11 [INFO] Assembly pre-flight: no version conflicts detected.
2026-03-24 17:08:11 [INFO] ThemeManager: applied 'Light' theme
2026-03-24 17:08:11 [INFO] DeferNonActiveTabContent: deferred 8 tabs, active tab=0
2026-03-24 17:08:11 [INFO] Dockable panel registered successfully
2026-03-24 17:08:11 [INFO] StingAutoTagger: registered (disabled by default, no triggers)
2026-03-24 17:08:11 [INFO] ParamRegistry.EnsureLoaded: first-time load starting
2026-03-24 17:08:11 [INFO] ParamRegistry.LoadFromFile: starting
2026-03-24 17:08:11 [INFO] ParamRegistry.LoadFromFile: found at C:\Dev\STINGTOOLS\CompiledPlugin\data\PARAMETER_REGISTRY.json
2026-03-24 17:08:11 [INFO] ParamRegistry.LoadFromFile: reading file
2026-03-24 17:08:11 [INFO] ParamRegistry.LoadFromFile: read 219063 chars, parsing JSON
2026-03-24 17:08:11 [INFO] ParamRegistry.LoadFromFile: JSON parsed OK
2026-03-24 17:08:11 [INFO] ParamRegistry.LoadFromFile: tag_format loaded
2026-03-24 17:08:11 [INFO] ParamRegistry.LoadFromFile: 8 source tokens loaded
2026-03-24 17:08:11 [INFO] ParamRegistry.LoadFromFile: support params loaded
2026-03-24 17:08:11 [INFO] ParamRegistry.LoadFromFile: 7 token presets loaded
2026-03-24 17:08:11 [INFO] ParamRegistry.LoadFromFile: 23 container groups loaded
2026-03-24 17:08:11 [INFO] ParamRegistry.LoadFromFile: 141 category enum mappings loaded
2026-03-24 17:08:11 [INFO] ParamRegistry.LoadFromFile: 141 universal categories loaded
2026-03-24 17:08:11 [INFO] ParamRegistry.LoadFromFile: 323 extended params loaded
2026-03-24 17:08:11 [INFO] ParamRegistry.LoadFromFile: 8 required params loaded
2026-03-24 17:08:12 [INFO] ParamRegistry.LoadFromFile: 99 warning thresholds loaded
2026-03-24 17:08:12 [INFO] ParamRegistry.LoadFromFile: building GUID maps
2026-03-24 17:08:12 [INFO] ParamRegistry.LoadFromFile: 508 GUIDs mapped
2026-03-24 17:08:12 [INFO] ParamRegistry.LoadFromFile: building universal params list
2026-03-24 17:08:12 [INFO] ParamRegistry.LoadFromFile: 240 universal params
2026-03-24 17:08:12 [INFO] ParamRegistry.LoadFromFile: building discipline category names
2026-03-24 17:08:12 [INFO] ParamRegistry: supplemented 1808 GUIDs from MR_PARAMETERS.txt
2026-03-24 17:08:12 [INFO] ParamRegistry loaded: 8 tokens, 23 groups, 59 containers, 2316 GUIDs
2026-03-24 17:08:12 [INFO] ParamRegistry.EnsureLoaded: LoadFromFile completed successfully
2026-03-24 17:08:12 [INFO] ParamRegistry pre-loaded at startup successfully
2026-03-24 17:08:12 [INFO] TagConfig: loaded 209 warning refs across categories, 126 paragraph containers from LABEL_DEFINITIONS.json
2026-03-24 17:08:12 [INFO] TagConfig: supplemented 311 additional warning refs from tag config CSVs
2026-03-24 17:08:12 [INFO] STING Tools dockable panel loaded successfully
2026-03-24 17:08:36 [INFO] ViewActivated: document switch detected — caches invalidated
2026-03-24 17:08:39 [WARN] TagConfig: unknown config key(s) in project_config.json: PROJECT_FOLDER_ROOT, LAST_WORKFLOW_NAME — check for typos
2026-03-24 17:08:39 [INFO] Tag format override applied: sep='-', pad=4, segments=8
2026-03-24 17:08:39 [INFO] TagConfig: loaded 209 warning refs across categories, 126 paragraph containers from LABEL_DEFINITIONS.json
2026-03-24 17:08:39 [INFO] TagConfig: supplemented 287 additional warning refs from tag config CSVs
2026-03-24 17:08:39 [INFO] DocumentOpened: cleared formula, param, auto-tagger, compliance caches; reloaded TagConfig
2026-03-24 17:08:39 [INFO] SharedParamGuids.AllCategoryEnums: resolving (first access)
2026-03-24 17:08:39 [WARN] Formula 'CST_S_CON_SAND_VOLUME_CU_M': invalid Dependency_Level '36863979-00ed-54f3-af15-db3364b8316d', defaulting to 0
2026-03-24 17:08:39 [INFO] ResolveUniversalCategoryEnums: resolving 141 categories
2026-03-24 17:08:39 [WARN] Formula 'CST_S_MAS_SAND_VOLUME_CU_M': invalid Dependency_Level '02663996-87e7-56b1-8abf-2e9bc32d777b', defaulting to 0
2026-03-24 17:08:39 [INFO] ResolveUniversalCategoryEnums: resolved to 129 BuiltInCategory enums
2026-03-24 17:08:39 [INFO] SharedParamGuids.AllCategoryEnums: 129 categories resolved
2026-03-24 17:08:39 [WARN] Formula 'S2=standard': invalid Dependency_Level 'ELC_PNL_PHS_COUNT_NR', defaulting to 0
2026-03-24 17:08:39 [WARN] Formula 'S2=standard': suspect Discipline value '(DB Panels). S1=compact' — check CSV quoting
2026-03-24 17:08:39 [WARN] Formula 'S2=standard': invalid Dependency_Level 'ELC_PNL_DESIGNATION_NAME_TXT', defaulting to 0
2026-03-24 17:08:39 [WARN] Formula 'S2=standard': suspect Discipline value '(Points & Sockets). S1=compact' — check CSV quoting
2026-03-24 17:08:39 [WARN] Formula 'S2=standard': invalid Dependency_Level 'COM_C_NETWORK_ADDRESS_TXT', defaulting to 0
2026-03-24 17:08:39 [WARN] Formula 'S2=standard': suspect Discipline value '(BMS). S1=compact' — check CSV quoting
2026-03-24 17:08:39 [WARN] Formula 'S2=standard': invalid Dependency_Level 'ASS_SYSTEM_TYPE_TXT', defaulting to 0
2026-03-24 17:08:39 [WARN] Formula 'S2=standard': suspect Discipline value '(Lifts/Gen/ATS). S1=compact' — check CSV quoting
2026-03-24 17:08:40 [WARN] TagPipelineHelper.LoadFormulas: An item with the same key has already been added. Key: S2=standard
2026-03-24 17:08:40 [INFO] FUT-19: Background pre-warming completed (formulas, grids, compliance)
2026-03-24 17:08:49 [INFO] Tab 6 content loaded (lazy)
2026-03-24 17:09:07 [INFO] RunCommand<StrCADWizardCommand>: start
2026-03-24 17:09:16 [INFO] RunCommand<StrCADWizardCommand>: done
2026-03-24 17:09:28 [INFO] RunCommand<StrCreatePadFootingCommand>: start
2026-03-24 17:09:33 [INFO] RunCommand<StrCreatePadFootingCommand>: done
2026-03-24 17:50:47 [INFO] DocumentClosing: cleared parameter, compliance, formula, selection, and deferred caches
2026-03-24 17:50:51 [INFO] STING Tools shutting down
2026-03-24 17:50:51 [INFO] StingAutoTagger: unregistered
2026-03-24 17:51:45 [INFO] Data validation passed: all 9 critical files found in C:\Dev\STINGTOOLS\CompiledPlugin\data
2026-03-24 17:51:45 [WARN] PYREVIT_SCRIPT_MANIFEST: 18 script path(s) not found on disk.
2026-03-24 17:51:45 [INFO] STING Tools v1.0.0.0 loaded from C:\Dev\STINGTOOLS\CompiledPlugin\StingTools.dll
2026-03-24 17:51:45 [INFO] Assembly: WindowsBase v8.0.0.0
2026-03-24 17:51:45 [INFO] Assembly: System.IO.Packaging v8.0.0.0
2026-03-24 17:51:45 [INFO] Assembly: RevitAPI v25.4.30.0
2026-03-24 17:51:45 [INFO] Assembly: Newtonsoft.Json v13.0.0.0
2026-03-24 17:51:45 [INFO] Assembly: RevitAPIUI v25.4.30.0
2026-03-24 17:51:45 [INFO] Assembly pre-flight: no version conflicts detected.
2026-03-24 17:51:45 [INFO] ThemeManager: applied 'Light' theme
2026-03-24 17:51:45 [INFO] DeferNonActiveTabContent: deferred 8 tabs, active tab=0
2026-03-24 17:51:45 [INFO] Dockable panel registered successfully
2026-03-24 17:51:45 [INFO] StingAutoTagger: registered (disabled by default, no triggers)
2026-03-24 17:51:45 [INFO] ParamRegistry.EnsureLoaded: first-time load starting
2026-03-24 17:51:45 [INFO] ParamRegistry.LoadFromFile: starting
2026-03-24 17:51:45 [INFO] ParamRegistry.LoadFromFile: found at C:\Dev\STINGTOOLS\CompiledPlugin\data\PARAMETER_REGISTRY.json
2026-03-24 17:51:45 [INFO] ParamRegistry.LoadFromFile: reading file
2026-03-24 17:51:45 [INFO] ParamRegistry.LoadFromFile: read 219063 chars, parsing JSON
2026-03-24 17:51:45 [INFO] ParamRegistry.LoadFromFile: JSON parsed OK
2026-03-24 17:51:46 [INFO] ParamRegistry.LoadFromFile: tag_format loaded
2026-03-24 17:51:46 [INFO] ParamRegistry.LoadFromFile: 8 source tokens loaded
2026-03-24 17:51:46 [INFO] ParamRegistry.LoadFromFile: support params loaded
2026-03-24 17:51:46 [INFO] ParamRegistry.LoadFromFile: 7 token presets loaded
2026-03-24 17:51:46 [INFO] ParamRegistry.LoadFromFile: 23 container groups loaded
2026-03-24 17:51:46 [INFO] ParamRegistry.LoadFromFile: 141 category enum mappings loaded
2026-03-24 17:51:46 [INFO] ParamRegistry.LoadFromFile: 141 universal categories loaded
2026-03-24 17:51:46 [INFO] ParamRegistry.LoadFromFile: 323 extended params loaded
2026-03-24 17:51:46 [INFO] ParamRegistry.LoadFromFile: 8 required params loaded
2026-03-24 17:51:46 [INFO] ParamRegistry.LoadFromFile: 99 warning thresholds loaded
2026-03-24 17:51:46 [INFO] ParamRegistry.LoadFromFile: building GUID maps
2026-03-24 17:51:46 [INFO] ParamRegistry.LoadFromFile: 508 GUIDs mapped
2026-03-24 17:51:46 [INFO] ParamRegistry.LoadFromFile: building universal params list
2026-03-24 17:51:46 [INFO] ParamRegistry.LoadFromFile: 240 universal params
2026-03-24 17:51:46 [INFO] ParamRegistry.LoadFromFile: building discipline category names
2026-03-24 17:51:46 [INFO] ParamRegistry: supplemented 1808 GUIDs from MR_PARAMETERS.txt
2026-03-24 17:51:46 [INFO] ParamRegistry loaded: 8 tokens, 23 groups, 59 containers, 2316 GUIDs
2026-03-24 17:51:46 [INFO] ParamRegistry.EnsureLoaded: LoadFromFile completed successfully
2026-03-24 17:51:46 [INFO] ParamRegistry pre-loaded at startup successfully
2026-03-24 17:51:46 [INFO] TagConfig: loaded 209 warning refs across categories, 126 paragraph containers from LABEL_DEFINITIONS.json
2026-03-24 17:51:46 [INFO] TagConfig: supplemented 311 additional warning refs from tag config CSVs
2026-03-24 17:51:46 [INFO] STING Tools dockable panel loaded successfully
2026-03-24 17:52:39 [INFO] ViewActivated: document switch detected — caches invalidated
2026-03-24 17:52:39 [WARN] TagConfig: unknown config key(s) in project_config.json: PROJECT_FOLDER_ROOT, LAST_WORKFLOW_NAME — check for typos
2026-03-24 17:52:39 [INFO] Tag format override applied: sep='-', pad=4, segments=8
2026-03-24 17:52:39 [INFO] TagConfig: loaded 209 warning refs across categories, 126 paragraph containers from LABEL_DEFINITIONS.json
2026-03-24 17:52:39 [INFO] TagConfig: supplemented 287 additional warning refs from tag config CSVs
2026-03-24 17:52:39 [INFO] DocumentOpened: cleared formula, param, auto-tagger, compliance caches; reloaded TagConfig
2026-03-24 17:52:39 [WARN] Formula 'CST_S_CON_SAND_VOLUME_CU_M': invalid Dependency_Level '36863979-00ed-54f3-af15-db3364b8316d', defaulting to 0
2026-03-24 17:52:39 [INFO] SharedParamGuids.AllCategoryEnums: resolving (first access)
2026-03-24 17:52:39 [WARN] Formula 'CST_S_MAS_SAND_VOLUME_CU_M': invalid Dependency_Level '02663996-87e7-56b1-8abf-2e9bc32d777b', defaulting to 0
2026-03-24 17:52:39 [INFO] ResolveUniversalCategoryEnums: resolving 141 categories
2026-03-24 17:52:39 [WARN] Formula 'S2=standard': invalid Dependency_Level 'ELC_PNL_PHS_COUNT_NR', defaulting to 0
2026-03-24 17:52:39 [WARN] Formula 'S2=standard': suspect Discipline value '(DB Panels). S1=compact' — check CSV quoting
2026-03-24 17:52:39 [INFO] ResolveUniversalCategoryEnums: resolved to 129 BuiltInCategory enums
2026-03-24 17:52:39 [INFO] SharedParamGuids.AllCategoryEnums: 129 categories resolved
2026-03-24 17:52:39 [WARN] Formula 'S2=standard': invalid Dependency_Level 'ELC_PNL_DESIGNATION_NAME_TXT', defaulting to 0
2026-03-24 17:52:39 [WARN] Formula 'S2=standard': suspect Discipline value '(Points & Sockets). S1=compact' — check CSV quoting
2026-03-24 17:52:39 [WARN] Formula 'S2=standard': invalid Dependency_Level 'COM_C_NETWORK_ADDRESS_TXT', defaulting to 0
2026-03-24 17:52:39 [WARN] Formula 'S2=standard': suspect Discipline value '(BMS). S1=compact' — check CSV quoting
2026-03-24 17:52:39 [WARN] Formula 'S2=standard': invalid Dependency_Level 'ASS_SYSTEM_TYPE_TXT', defaulting to 0
2026-03-24 17:52:39 [WARN] Formula 'S2=standard': suspect Discipline value '(Lifts/Gen/ATS). S1=compact' — check CSV quoting
2026-03-24 17:52:39 [WARN] TagPipelineHelper.LoadFormulas: An item with the same key has already been added. Key: S2=standard
2026-03-24 17:52:39 [INFO] FUT-19: Background pre-warming completed (formulas, grids, compliance)
2026-03-24 17:53:11 [INFO] Tab 2 content loaded (lazy)
2026-03-24 17:53:16 [INFO] RunCommand<SheetManagerCommand>: start
2026-03-24 17:53:26 [INFO] RunCommand<SheetManagerCommand>: done
2026-03-24 17:54:24 [WARN] Cannot move viewport: view already on target sheet or invalid.
2026-03-24 17:54:26 [INFO] Sheet Manager live op 'MoveViewportToSheet' completed.
2026-03-24 17:54:40 [INFO] ViewActivated: document switch detected — caches invalidated
2026-03-24 17:55:02 [WARN] Cannot move viewport: view already on target sheet or invalid.
2026-03-24 17:55:07 [INFO] Sheet Manager live op 'MoveViewportToSheet' completed.
2026-03-24 17:55:36 [WARN] Cannot move viewport: view already on target sheet or invalid.
2026-03-24 18:01:25 [INFO] Sheet Manager live op 'MoveViewportToSheet' completed.
2026-03-24 18:06:58 [INFO] Tab 4 content loaded (lazy)
2026-03-24 18:07:00 [INFO] Tab 1 content loaded (lazy)
2026-03-24 18:43:36 [INFO] DocumentClosing: cleared parameter, compliance, formula, selection, and deferred caches
2026-03-24 18:43:43 [INFO] STING Tools shutting down
2026-03-24 18:43:43 [INFO] StingAutoTagger: unregistered
2026-03-24 18:44:33 [INFO] Data validation passed: all 9 critical files found in C:\Dev\STINGTOOLS\CompiledPlugin\data
2026-03-24 18:44:33 [WARN] PYREVIT_SCRIPT_MANIFEST: 18 script path(s) not found on disk.
2026-03-24 18:44:33 [INFO] STING Tools v1.0.0.0 loaded from C:\Dev\STINGTOOLS\CompiledPlugin\StingTools.dll
2026-03-24 18:44:33 [INFO] Assembly: WindowsBase v8.0.0.0
2026-03-24 18:44:33 [INFO] Assembly: System.IO.Packaging v8.0.0.0
2026-03-24 18:44:33 [INFO] Assembly: RevitAPI v25.4.30.0
2026-03-24 18:44:33 [INFO] Assembly: Newtonsoft.Json v13.0.0.0
2026-03-24 18:44:33 [INFO] Assembly: RevitAPIUI v25.4.30.0
2026-03-24 18:44:33 [INFO] Assembly pre-flight: no version conflicts detected.
2026-03-24 18:44:33 [INFO] ThemeManager: applied 'Light' theme
2026-03-24 18:44:33 [INFO] DeferNonActiveTabContent: deferred 8 tabs, active tab=0
2026-03-24 18:44:33 [INFO] Dockable panel registered successfully
2026-03-24 18:44:33 [INFO] StingAutoTagger: registered (disabled by default, no triggers)
2026-03-24 18:44:33 [INFO] ParamRegistry.EnsureLoaded: first-time load starting
2026-03-24 18:44:33 [INFO] ParamRegistry.LoadFromFile: starting
2026-03-24 18:44:33 [INFO] ParamRegistry.LoadFromFile: found at C:\Dev\STINGTOOLS\CompiledPlugin\data\PARAMETER_REGISTRY.json
2026-03-24 18:44:33 [INFO] ParamRegistry.LoadFromFile: reading file
2026-03-24 18:44:33 [INFO] ParamRegistry.LoadFromFile: read 219063 chars, parsing JSON
2026-03-24 18:44:33 [INFO] ParamRegistry.LoadFromFile: JSON parsed OK
2026-03-24 18:44:33 [INFO] ParamRegistry.LoadFromFile: tag_format loaded
2026-03-24 18:44:33 [INFO] ParamRegistry.LoadFromFile: 8 source tokens loaded
2026-03-24 18:44:33 [INFO] ParamRegistry.LoadFromFile: support params loaded
2026-03-24 18:44:33 [INFO] ParamRegistry.LoadFromFile: 7 token presets loaded
2026-03-24 18:44:33 [INFO] ParamRegistry.LoadFromFile: 23 container groups loaded
2026-03-24 18:44:33 [INFO] ParamRegistry.LoadFromFile: 141 category enum mappings loaded
2026-03-24 18:44:33 [INFO] ParamRegistry.LoadFromFile: 141 universal categories loaded
2026-03-24 18:44:33 [INFO] ParamRegistry.LoadFromFile: 323 extended params loaded
2026-03-24 18:44:33 [INFO] ParamRegistry.LoadFromFile: 8 required params loaded
2026-03-24 18:44:33 [INFO] ParamRegistry.LoadFromFile: 99 warning thresholds loaded
2026-03-24 18:44:33 [INFO] ParamRegistry.LoadFromFile: building GUID maps
2026-03-24 18:44:33 [INFO] ParamRegistry.LoadFromFile: 508 GUIDs mapped
2026-03-24 18:44:33 [INFO] ParamRegistry.LoadFromFile: building universal params list
2026-03-24 18:44:33 [INFO] ParamRegistry.LoadFromFile: 240 universal params
2026-03-24 18:44:33 [INFO] ParamRegistry.LoadFromFile: building discipline category names
2026-03-24 18:44:33 [INFO] ParamRegistry: supplemented 1808 GUIDs from MR_PARAMETERS.txt
2026-03-24 18:44:33 [INFO] ParamRegistry loaded: 8 tokens, 23 groups, 59 containers, 2316 GUIDs
2026-03-24 18:44:33 [INFO] ParamRegistry.EnsureLoaded: LoadFromFile completed successfully
2026-03-24 18:44:33 [INFO] ParamRegistry pre-loaded at startup successfully
2026-03-24 18:44:33 [INFO] TagConfig: loaded 209 warning refs across categories, 126 paragraph containers from LABEL_DEFINITIONS.json
2026-03-24 18:44:33 [INFO] TagConfig: supplemented 311 additional warning refs from tag config CSVs
2026-03-24 18:44:33 [INFO] STING Tools dockable panel loaded successfully
2026-03-24 18:48:30 [INFO] ViewActivated: document switch detected — caches invalidated
2026-03-24 18:48:30 [WARN] TagConfig: unknown config key(s) in project_config.json: PROJECT_FOLDER_ROOT, LAST_WORKFLOW_NAME — check for typos
2026-03-24 18:48:30 [INFO] Tag format override applied: sep='-', pad=4, segments=8
2026-03-24 18:48:30 [INFO] TagConfig: loaded 209 warning refs across categories, 126 paragraph containers from LABEL_DEFINITIONS.json
2026-03-24 18:48:30 [INFO] TagConfig: supplemented 287 additional warning refs from tag config CSVs
2026-03-24 18:48:30 [INFO] DocumentOpened: cleared formula, param, auto-tagger, compliance caches; reloaded TagConfig
2026-03-24 18:48:30 [INFO] SharedParamGuids.AllCategoryEnums: resolving (first access)
2026-03-24 18:48:30 [INFO] ResolveUniversalCategoryEnums: resolving 141 categories
2026-03-24 18:48:30 [WARN] Formula 'CST_S_CON_SAND_VOLUME_CU_M': invalid Dependency_Level '36863979-00ed-54f3-af15-db3364b8316d', defaulting to 0
2026-03-24 18:48:30 [INFO] ResolveUniversalCategoryEnums: resolved to 129 BuiltInCategory enums
2026-03-24 18:48:30 [INFO] SharedParamGuids.AllCategoryEnums: 129 categories resolved
2026-03-24 18:48:30 [WARN] Formula 'CST_S_MAS_SAND_VOLUME_CU_M': invalid Dependency_Level '02663996-87e7-56b1-8abf-2e9bc32d777b', defaulting to 0
2026-03-24 18:48:30 [WARN] Formula 'S2=standard': invalid Dependency_Level 'ELC_PNL_PHS_COUNT_NR', defaulting to 0
2026-03-24 18:48:30 [WARN] Formula 'S2=standard': suspect Discipline value '(DB Panels). S1=compact' — check CSV quoting
2026-03-24 18:48:30 [WARN] Formula 'S2=standard': invalid Dependency_Level 'ELC_PNL_DESIGNATION_NAME_TXT', defaulting to 0
2026-03-24 18:48:30 [WARN] Formula 'S2=standard': suspect Discipline value '(Points & Sockets). S1=compact' — check CSV quoting
2026-03-24 18:48:30 [WARN] Formula 'S2=standard': invalid Dependency_Level 'COM_C_NETWORK_ADDRESS_TXT', defaulting to 0
2026-03-24 18:48:30 [WARN] Formula 'S2=standard': suspect Discipline value '(BMS). S1=compact' — check CSV quoting
2026-03-24 18:48:30 [WARN] Formula 'S2=standard': invalid Dependency_Level 'ASS_SYSTEM_TYPE_TXT', defaulting to 0
2026-03-24 18:48:30 [WARN] Formula 'S2=standard': suspect Discipline value '(Lifts/Gen/ATS). S1=compact' — check CSV quoting
2026-03-24 18:48:30 [WARN] TagPipelineHelper.LoadFormulas: An item with the same key has already been added. Key: S2=standard
2026-03-24 18:48:30 [INFO] FUT-19: Background pre-warming completed (formulas, grids, compliance)
2026-03-24 18:49:04 [INFO] Tab 6 content loaded (lazy)
2026-03-24 18:49:15 [INFO] RunCommand<StrSmartColumnFactoryCommand>: start
2026-03-24 18:49:15 [ERROR] StrSmartColumnFactory: No work plane set in current view.
2026-03-24 18:49:15 [INFO] RunCommand<StrSmartColumnFactoryCommand>: done
2026-03-24 18:50:10 [INFO] RunCommand<StrCADWizardCommand>: start
2026-03-24 18:50:52 [INFO] RunCommand<StrCADWizardCommand>: done
2026-03-24 18:52:40 [INFO] RunCommand<StrCADToStructuralCommand>: start
2026-03-24 18:52:42 [INFO] StructuralCADPipeline v2: Starting full pipeline
2026-03-24 18:52:42 [INFO] StructuralTypeFactory: Built catalog of 4 types in 37ms
2026-03-24 18:52:42 [INFO]   Type catalog: 4 types
2026-03-24 18:52:42 [INFO]   Extraction: Extracted: 0 round + 0 rect columns, 0 beams, 0 walls, 0 slabs, 0 grids from 1 entities
2026-03-24 18:52:42 [INFO] StructuralCADPipeline v2: No structural elements created — check layer names and selection
2026-03-24 18:52:45 [INFO] RunCommand<StrCADToStructuralCommand>: done
2026-03-24 18:52:47 [INFO] RunCommand<StrCADWizardCommand>: start
2026-03-24 18:52:50 [INFO] RunCommand<StrCADWizardCommand>: done
2026-03-24 18:52:59 [INFO] Tab 1 content loaded (lazy)
2026-03-24 18:53:23 [INFO] Tab 5 content loaded (lazy)
2026-03-24 18:53:24 [INFO] Tab 2 content loaded (lazy)
2026-03-24 18:53:27 [INFO] RunCommand<SheetManagerCommand>: start
2026-03-24 18:53:33 [INFO] RunCommand<SheetManagerCommand>: done
2026-03-24 18:53:39 [WARN] Cannot move viewport: view already on target sheet or invalid.
2026-03-24 18:53:41 [INFO] Sheet Manager live op 'MoveViewportToSheet' completed.
2026-03-24 18:53:52 [INFO] ViewActivated: document switch detected — caches invalidated
2026-03-24 18:53:54 [INFO] ViewActivated: document switch detected — caches invalidated
2026-03-24 18:54:38 [WARN] Cannot move viewport: view already on target sheet or invalid.
2026-03-24 18:54:40 [INFO] Sheet Manager live op 'MoveViewportToSheet' completed.
2026-03-24 18:54:57 [WARN] Cannot move viewport: view already on target sheet or invalid.
2026-03-24 18:54:58 [INFO] Sheet Manager live op 'MoveViewportToSheet' completed.
2026-03-24 18:55:05 [WARN] Cannot move viewport: view already on target sheet or invalid.
2026-03-24 18:55:14 [INFO] Sheet Manager live op 'MoveViewportToSheet' completed.
2026-03-24 18:55:30 [INFO] ViewActivated: document switch detected — caches invalidated
2026-03-24 18:55:41 [WARN] Cannot move viewport: view already on target sheet or invalid.
2026-03-24 18:55:42 [INFO] Sheet Manager live op 'MoveViewportToSheet' completed.
2026-03-24 19:17:26 [INFO] DocumentClosing: cleared parameter, compliance, formula, selection, and deferred caches
2026-03-24 19:17:37 [INFO] STING Tools shutting down
2026-03-24 19:17:38 [INFO] StingAutoTagger: unregistered
2026-03-24 19:18:23 [INFO] Data validation passed: all 9 critical files found in C:\Dev\STINGTOOLS\CompiledPlugin\data
2026-03-24 19:18:23 [WARN] PYREVIT_SCRIPT_MANIFEST: 18 script path(s) not found on disk.
2026-03-24 19:18:23 [INFO] STING Tools v1.0.0.0 loaded from C:\Dev\STINGTOOLS\CompiledPlugin\StingTools.dll
2026-03-24 19:18:23 [INFO] Assembly: WindowsBase v8.0.0.0
2026-03-24 19:18:23 [INFO] Assembly: System.IO.Packaging v8.0.0.0
2026-03-24 19:18:23 [INFO] Assembly: RevitAPI v25.4.30.0
2026-03-24 19:18:23 [INFO] Assembly: Newtonsoft.Json v13.0.0.0
2026-03-24 19:18:23 [INFO] Assembly: RevitAPIUI v25.4.30.0
2026-03-24 19:18:23 [INFO] Assembly pre-flight: no version conflicts detected.
2026-03-24 19:18:23 [INFO] ThemeManager: applied 'Light' theme
2026-03-24 19:18:23 [INFO] DeferNonActiveTabContent: deferred 8 tabs, active tab=0
2026-03-24 19:18:23 [INFO] Dockable panel registered successfully
2026-03-24 19:18:23 [INFO] StingAutoTagger: registered (disabled by default, no triggers)
2026-03-24 19:18:23 [INFO] ParamRegistry.EnsureLoaded: first-time load starting
2026-03-24 19:18:23 [INFO] ParamRegistry.LoadFromFile: starting
2026-03-24 19:18:23 [INFO] ParamRegistry.LoadFromFile: found at C:\Dev\STINGTOOLS\CompiledPlugin\data\PARAMETER_REGISTRY.json
2026-03-24 19:18:23 [INFO] ParamRegistry.LoadFromFile: reading file
2026-03-24 19:18:23 [INFO] ParamRegistry.LoadFromFile: read 219063 chars, parsing JSON
2026-03-24 19:18:23 [INFO] ParamRegistry.LoadFromFile: JSON parsed OK
2026-03-24 19:18:23 [INFO] ParamRegistry.LoadFromFile: tag_format loaded
2026-03-24 19:18:23 [INFO] ParamRegistry.LoadFromFile: 8 source tokens loaded
2026-03-24 19:18:23 [INFO] ParamRegistry.LoadFromFile: support params loaded
2026-03-24 19:18:23 [INFO] ParamRegistry.LoadFromFile: 7 token presets loaded
2026-03-24 19:18:23 [INFO] ParamRegistry.LoadFromFile: 23 container groups loaded
2026-03-24 19:18:23 [INFO] ParamRegistry.LoadFromFile: 141 category enum mappings loaded
2026-03-24 19:18:23 [INFO] ParamRegistry.LoadFromFile: 141 universal categories loaded
2026-03-24 19:18:23 [INFO] ParamRegistry.LoadFromFile: 323 extended params loaded
2026-03-24 19:18:23 [INFO] ParamRegistry.LoadFromFile: 8 required params loaded
2026-03-24 19:18:23 [INFO] ParamRegistry.LoadFromFile: 99 warning thresholds loaded
2026-03-24 19:18:23 [INFO] ParamRegistry.LoadFromFile: building GUID maps
2026-03-24 19:18:23 [INFO] ParamRegistry.LoadFromFile: 508 GUIDs mapped
2026-03-24 19:18:23 [INFO] ParamRegistry.LoadFromFile: building universal params list
2026-03-24 19:18:23 [INFO] ParamRegistry.LoadFromFile: 240 universal params
2026-03-24 19:18:23 [INFO] ParamRegistry.LoadFromFile: building discipline category names
2026-03-24 19:18:23 [INFO] ParamRegistry: supplemented 1808 GUIDs from MR_PARAMETERS.txt
2026-03-24 19:18:23 [INFO] ParamRegistry loaded: 8 tokens, 23 groups, 59 containers, 2316 GUIDs
2026-03-24 19:18:23 [INFO] ParamRegistry.EnsureLoaded: LoadFromFile completed successfully
2026-03-24 19:18:23 [INFO] ParamRegistry pre-loaded at startup successfully
2026-03-24 19:18:23 [INFO] TagConfig: loaded 209 warning refs across categories, 126 paragraph containers from LABEL_DEFINITIONS.json
2026-03-24 19:18:23 [INFO] TagConfig: supplemented 311 additional warning refs from tag config CSVs
2026-03-24 19:18:23 [INFO] STING Tools dockable panel loaded successfully
2026-03-24 19:18:44 [INFO] ViewActivated: document switch detected — caches invalidated
2026-03-24 19:18:47 [WARN] TagConfig: unknown config key(s) in project_config.json: PROJECT_FOLDER_ROOT, LAST_WORKFLOW_NAME — check for typos
2026-03-24 19:18:47 [INFO] Tag format override applied: sep='-', pad=4, segments=8
2026-03-24 19:18:47 [INFO] TagConfig: loaded 209 warning refs across categories, 126 paragraph containers from LABEL_DEFINITIONS.json
2026-03-24 19:18:47 [INFO] TagConfig: supplemented 287 additional warning refs from tag config CSVs
2026-03-24 19:18:47 [INFO] DocumentOpened: cleared formula, param, auto-tagger, compliance caches; reloaded TagConfig
2026-03-24 19:18:47 [WARN] Formula 'CST_S_CON_SAND_VOLUME_CU_M': invalid Dependency_Level '36863979-00ed-54f3-af15-db3364b8316d', defaulting to 0
2026-03-24 19:18:47 [INFO] SharedParamGuids.AllCategoryEnums: resolving (first access)
2026-03-24 19:18:47 [WARN] Formula 'CST_S_MAS_SAND_VOLUME_CU_M': invalid Dependency_Level '02663996-87e7-56b1-8abf-2e9bc32d777b', defaulting to 0
2026-03-24 19:18:47 [INFO] ResolveUniversalCategoryEnums: resolving 141 categories
2026-03-24 19:18:47 [WARN] Formula 'S2=standard': invalid Dependency_Level 'ELC_PNL_PHS_COUNT_NR', defaulting to 0
2026-03-24 19:18:47 [WARN] Formula 'S2=standard': suspect Discipline value '(DB Panels). S1=compact' — check CSV quoting
2026-03-24 19:18:47 [WARN] Formula 'S2=standard': invalid Dependency_Level 'ELC_PNL_DESIGNATION_NAME_TXT', defaulting to 0
2026-03-24 19:18:47 [WARN] Formula 'S2=standard': suspect Discipline value '(Points & Sockets). S1=compact' — check CSV quoting
2026-03-24 19:18:47 [INFO] ResolveUniversalCategoryEnums: resolved to 129 BuiltInCategory enums
2026-03-24 19:18:47 [INFO] SharedParamGuids.AllCategoryEnums: 129 categories resolved
2026-03-24 19:18:47 [WARN] Formula 'S2=standard': invalid Dependency_Level 'COM_C_NETWORK_ADDRESS_TXT', defaulting to 0
2026-03-24 19:18:47 [WARN] Formula 'S2=standard': suspect Discipline value '(BMS). S1=compact' — check CSV quoting
2026-03-24 19:18:47 [WARN] Formula 'S2=standard': invalid Dependency_Level 'ASS_SYSTEM_TYPE_TXT', defaulting to 0
2026-03-24 19:18:47 [WARN] Formula 'S2=standard': suspect Discipline value '(Lifts/Gen/ATS). S1=compact' — check CSV quoting
2026-03-24 19:18:47 [WARN] TagPipelineHelper.LoadFormulas: An item with the same key has already been added. Key: S2=standard
2026-03-24 19:18:47 [INFO] FUT-19: Background pre-warming completed (formulas, grids, compliance)
2026-03-24 19:18:57 [INFO] Tab 1 content loaded (lazy)
2026-03-24 19:19:07 [INFO] RunCommand<RenumberTagsCommand>: start
2026-03-24 19:19:11 [INFO] RunCommand<RenumberTagsCommand>: done
2026-03-24 19:19:27 [INFO] RunCommand<RenumberTagsCommand>: start
2026-03-24 19:19:29 [INFO] RunCommand<RenumberTagsCommand>: done
2026-03-24 19:19:41 [INFO] RunCommand<RenumberTagsCommand>: start
2026-03-24 19:19:41 [INFO] Tag index built: 0 existing tags
2026-03-24 19:19:41 [INFO] Tag index built: 0 existing tags, 0 SEQ groups
2026-03-24 19:19:41 [INFO] SEQ sidecar saved: 0 groups to D:\Work 2026\MOH\MOH_MASSINDI_IPD_ADCON_0326_STING_SEQ.json
2026-03-24 19:19:44 [INFO] RunCommand<RenumberTagsCommand>: done
2026-03-24 19:27:14 [INFO] DocumentClosing: cleared parameter, compliance, formula, selection, and deferred caches
2026-03-24 19:27:21 [INFO] STING Tools shutting down
2026-03-24 19:27:21 [INFO] StingAutoTagger: unregistered
